2026-03-04 21:50:24.764 [main] INFO  core.CollectionManager - В коллекцию добавлен новый продукт models.Product@24105dc5
2026-03-04 21:50:24.771 [main] INFO  core.CollectionManager - В коллекцию добавлен новый продукт models.Product@50f6ac94
2026-03-04 21:50:24.775 [main] INFO  core.CollectionManager - Инициализация коллекции, последний id: 2, дата: 2026-02-19T22:56:27.094039103
2026-03-04 21:50:24.775 [main] INFO  io.FileManager - Коллекция из файла test.csv успешно загружена
2026-03-04 21:50:24.776 [main] DEBUG core.CommandManager - Регистрация новой команды: help
2026-03-04 21:50:24.777 [main] DEBUG core.CommandManager - В команду help внедрен CommandManager
2026-03-04 21:50:24.777 [main] INFO  core.CommandManager - Команда help зарегистрирована
2026-03-04 21:50:24.778 [main] DEBUG core.CommandManager - Регистрация новой команды: info
2026-03-04 21:50:24.778 [main] DEBUG core.CommandManager - В команду info внедрен CollectionManager
2026-03-04 21:50:24.778 [main] INFO  core.CommandManager - Команда info зарегистрирована
2026-03-04 21:50:24.778 [main] DEBUG core.CommandManager - Регистрация новой команды: exit
2026-03-04 21:50:24.778 [main] INFO  core.CommandManager - Команда exit зарегистрирована
2026-03-04 21:50:24.778 [main] DEBUG core.CommandManager - Регистрация новой команды: add
2026-03-04 21:50:24.778 [main] DEBUG core.CommandManager - В команду add внедрен CollectionManager
2026-03-04 21:50:24.778 [main] DEBUG core.CommandManager - В команду add внедрен InputReader
2026-03-04 21:50:24.778 [main] INFO  core.CommandManager - Команда add зарегистрирована
2026-03-04 21:50:24.779 [main] DEBUG core.CommandManager - Регистрация новой команды: clear
2026-03-04 21:50:24.779 [main] DEBUG core.CommandManager - В команду clear внедрен CollectionManager
2026-03-04 21:50:24.779 [main] INFO  core.CommandManager - Команда clear зарегистрирована
2026-03-04 21:50:24.779 [main] DEBUG core.CommandManager - Регистрация новой команды: show
2026-03-04 21:50:24.779 [main] DEBUG core.CommandManager - В команду show внедрен CollectionManager
2026-03-04 21:50:24.779 [main] INFO  core.CommandManager - Команда show зарегистрирована
2026-03-04 21:50:24.779 [main] DEBUG core.CommandManager - Регистрация новой команды: update
2026-03-04 21:50:24.779 [main] DEBUG core.CommandManager - В команду update внедрен CollectionManager
2026-03-04 21:50:24.780 [main] DEBUG core.CommandManager - В команду update внедрен InputReader
2026-03-04 21:50:24.780 [main] INFO  core.CommandManager - Команда update зарегистрирована
2026-03-04 21:50:24.780 [main] DEBUG core.CommandManager - Регистрация новой команды: remove_by_id
2026-03-04 21:50:24.780 [main] DEBUG core.CommandManager - В команду remove_by_id внедрен CollectionManager
2026-03-04 21:50:24.780 [main] INFO  core.CommandManager - Команда remove_by_id зарегистрирована
2026-03-04 21:50:24.780 [main] DEBUG core.CommandManager - Регистрация новой команды: history
2026-03-04 21:50:24.780 [main] DEBUG core.CommandManager - В команду history внедрен CommandManager
2026-03-04 21:50:24.780 [main] INFO  core.CommandManager - Команда history зарегистрирована
2026-03-04 21:50:24.780 [main] DEBUG core.CommandManager - Регистрация новой команды: sort
2026-03-04 21:50:24.781 [main] DEBUG core.CommandManager - В команду sort внедрен CollectionManager
2026-03-04 21:50:24.781 [main] INFO  core.CommandManager - Команда sort зарегистрирована
2026-03-04 21:50:24.781 [main] DEBUG core.CommandManager - Регистрация новой команды: shuffle
2026-03-04 21:50:24.781 [main] DEBUG core.CommandManager - В команду shuffle внедрен CollectionManager
2026-03-04 21:50:24.781 [main] INFO  core.CommandManager - Команда shuffle зарегистрирована
2026-03-04 21:50:24.781 [main] DEBUG core.CommandManager - Регистрация новой команды: sum_of_price
2026-03-04 21:50:24.781 [main] DEBUG core.CommandManager - В команду sum_of_price внедрен CollectionManager
2026-03-04 21:50:24.781 [main] INFO  core.CommandManager - Команда sum_of_price зарегистрирована
2026-03-04 21:50:24.781 [main] DEBUG core.CommandManager - Регистрация новой команды: average_of_price
2026-03-04 21:50:24.782 [main] DEBUG core.CommandManager - В команду average_of_price внедрен CollectionManager
2026-03-04 21:50:24.782 [main] INFO  core.CommandManager - Команда average_of_price зарегистрирована
2026-03-04 21:50:24.782 [main] DEBUG core.CommandManager - Регистрация новой команды: filter_starts_with_name
2026-03-04 21:50:24.782 [main] DEBUG core.CommandManager - В команду filter_starts_with_name внедрен CollectionManager
2026-03-04 21:50:24.782 [main] INFO  core.CommandManager - Команда filter_starts_with_name зарегистрирована
2026-03-04 21:50:24.782 [main] DEBUG core.CommandManager - Регистрация новой команды: save
2026-03-04 21:50:24.783 [main] DEBUG core.CommandManager - В команду save внедрен CollectionManager
2026-03-04 21:50:24.784 [main] DEBUG core.CommandManager - В команду save внедрен FileManager
2026-03-04 21:50:24.784 [main] INFO  core.CommandManager - Команда save зарегистрирована
2026-03-04 21:50:24.784 [main] DEBUG core.CommandManager - Регистрация новой команды: execute_script
2026-03-04 21:50:24.784 [main] DEBUG core.CommandManager - В команду execute_script внедрен InputReader
2026-03-04 21:50:24.784 [main] INFO  core.CommandManager - Команда execute_script зарегистрирована
2026-03-04 21:50:31.089 [main] DEBUG core.CommandManager - Начало выполнения команды update
2026-03-04 21:50:31.094 [main] ERROR core.CommandManager - Пользователь ввел некорректное id
exceptions.IdNotFoundException: Нет такого id
	at core.CollectionManager.lambda$updateProductById$2(CollectionManager.java:91)
	at java.base/java.util.Optional.orElseThrow(Optional.java:403)
	at core.CollectionManager.updateProductById(CollectionManager.java:91)
	at commands.UpdateCommand.execute(UpdateCommand.java:24)
	at core.CommandManager.executeCommand(CommandManager.java:69)
	at core.ConsoleApp.interactive(ConsoleApp.java:38)
	at Main.main(Main.java:6)
2026-03-04 21:50:36.976 [main] DEBUG core.CommandManager - Начало выполнения команды update
2026-03-04 21:50:36.977 [main] ERROR core.CommandManager - Пользователь ввел некорректное id
exceptions.IdNotFoundException: Неверный формат id
	at core.CollectionManager.updateProductById(CollectionManager.java:96)
	at commands.UpdateCommand.execute(UpdateCommand.java:24)
	at core.CommandManager.executeCommand(CommandManager.java:69)
	at core.ConsoleApp.interactive(ConsoleApp.java:38)
	at Main.main(Main.java:6)
2026-03-04 21:50:39.474 [main] DEBUG core.CommandManager - Начало выполнения команды exit
2026-03-04 21:50:39.475 [main] DEBUG core.CommandManager - Команда exit успешно выполнилась
2026-03-04 21:50:39.476 [main] INFO  core.CommandManager - Сообщение команды: Завершение программы...
2026-03-04 21:50:39.476 [main] DEBUG core.CommandManager - Команда exit добавлена в историю
