2026-02-27 23:27:41 [main] INFO  core.CommandManager - Регистрация новой команды: help
2026-02-27 23:27:41 [main] INFO  core.CommandManager - Регистрация новой команды: info
2026-02-27 23:27:41 [main] INFO  core.CommandManager - Регистрация новой команды: exit
2026-02-27 23:27:41 [main] INFO  core.CommandManager - Регистрация новой команды: add
2026-02-27 23:27:41 [main] INFO  core.CommandManager - Регистрация новой команды: clear
2026-02-27 23:27:41 [main] INFO  core.CommandManager - Регистрация новой команды: show
2026-02-27 23:27:41 [main] INFO  core.CommandManager - Регистрация новой команды: update
2026-02-27 23:27:41 [main] INFO  core.CommandManager - Регистрация новой команды: remove_by_id
2026-02-27 23:27:41 [main] INFO  core.CommandManager - Регистрация новой команды: history
2026-02-27 23:27:41 [main] INFO  core.CommandManager - Регистрация новой команды: sort
2026-02-27 23:27:41 [main] INFO  core.CommandManager - Регистрация новой команды: shuffle
2026-02-27 23:27:41 [main] INFO  core.CommandManager - Регистрация новой команды: sum_of_price
2026-02-27 23:27:41 [main] INFO  core.CommandManager - Регистрация новой команды: average_of_price
2026-02-27 23:27:41 [main] INFO  core.CommandManager - Регистрация новой команды: filter_starts_with_name
2026-02-27 23:27:41 [main] INFO  core.CommandManager - Регистрация новой команды: save
2026-02-27 23:27:41 [main] INFO  core.CommandManager - Регистрация новой команды: execute_script
2026-02-27 23:27:41 [main] INFO  core.CollectionManager - В коллекцию добавлен новый продукт models.Product@5d908d47
2026-02-27 23:27:41 [main] INFO  io.FileManager - Коллекция из файла test.csv успешно загружена
2026-02-27 23:28:11 [main] INFO  core.CommandManager - Регистрация новой команды: help
2026-02-27 23:28:11 [main] INFO  core.CommandManager - Регистрация новой команды: info
2026-02-27 23:28:11 [main] INFO  core.CommandManager - Регистрация новой команды: exit
2026-02-27 23:28:11 [main] INFO  core.CommandManager - Регистрация новой команды: add
2026-02-27 23:28:11 [main] INFO  core.CommandManager - Регистрация новой команды: clear
2026-02-27 23:28:11 [main] INFO  core.CommandManager - Регистрация новой команды: show
2026-02-27 23:28:11 [main] INFO  core.CommandManager - Регистрация новой команды: update
2026-02-27 23:28:11 [main] INFO  core.CommandManager - Регистрация новой команды: remove_by_id
2026-02-27 23:28:11 [main] INFO  core.CommandManager - Регистрация новой команды: history
2026-02-27 23:28:11 [main] INFO  core.CommandManager - Регистрация новой команды: sort
2026-02-27 23:28:11 [main] INFO  core.CommandManager - Регистрация новой команды: shuffle
2026-02-27 23:28:11 [main] INFO  core.CommandManager - Регистрация новой команды: sum_of_price
2026-02-27 23:28:11 [main] INFO  core.CommandManager - Регистрация новой команды: average_of_price
2026-02-27 23:28:11 [main] INFO  core.CommandManager - Регистрация новой команды: filter_starts_with_name
2026-02-27 23:28:11 [main] INFO  core.CommandManager - Регистрация новой команды: save
2026-02-27 23:28:11 [main] INFO  core.CommandManager - Регистрация новой команды: execute_script
2026-02-27 23:28:11 [main] INFO  core.CollectionManager - В коллекцию добавлен новый продукт models.Product@5d908d47
2026-02-27 23:28:11 [main] INFO  io.FileManager - Коллекция из файла test.csv успешно загружена
2026-02-27 23:28:41 [main] INFO  core.CommandManager - Регистрация новой команды: help
2026-02-27 23:28:41 [main] INFO  core.CommandManager - Регистрация новой команды: info
2026-02-27 23:28:41 [main] INFO  core.CommandManager - Регистрация новой команды: exit
2026-02-27 23:28:41 [main] INFO  core.CommandManager - Регистрация новой команды: add
2026-02-27 23:28:41 [main] INFO  core.CommandManager - Регистрация новой команды: clear
2026-02-27 23:28:41 [main] INFO  core.CommandManager - Регистрация новой команды: show
2026-02-27 23:28:41 [main] INFO  core.CommandManager - Регистрация новой команды: update
2026-02-27 23:28:41 [main] INFO  core.CommandManager - Регистрация новой команды: remove_by_id
2026-02-27 23:28:41 [main] INFO  core.CommandManager - Регистрация новой команды: history
2026-02-27 23:28:41 [main] INFO  core.CommandManager - Регистрация новой команды: sort
2026-02-27 23:28:41 [main] INFO  core.CommandManager - Регистрация новой команды: shuffle
2026-02-27 23:28:41 [main] INFO  core.CommandManager - Регистрация новой команды: sum_of_price
2026-02-27 23:28:41 [main] INFO  core.CommandManager - Регистрация новой команды: average_of_price
2026-02-27 23:28:41 [main] INFO  core.CommandManager - Регистрация новой команды: filter_starts_with_name
2026-02-27 23:28:41 [main] INFO  core.CommandManager - Регистрация новой команды: save
2026-02-27 23:28:41 [main] INFO  core.CommandManager - Регистрация новой команды: execute_script
2026-02-27 23:28:41 [main] INFO  core.CollectionManager - В коллекцию добавлен новый продукт models.Product@5d908d47
2026-02-27 23:28:41 [main] INFO  io.FileManager - Коллекция из файла test.csv успешно загружена
2026-02-27 23:28:54 [main] INFO  core.CommandManager - Регистрация новой команды: help
2026-02-27 23:28:54 [main] INFO  core.CommandManager - Регистрация новой команды: info
2026-02-27 23:28:54 [main] INFO  core.CommandManager - Регистрация новой команды: exit
2026-02-27 23:28:54 [main] INFO  core.CommandManager - Регистрация новой команды: add
2026-02-27 23:28:54 [main] INFO  core.CommandManager - Регистрация новой команды: clear
2026-02-27 23:28:54 [main] INFO  core.CommandManager - Регистрация новой команды: show
2026-02-27 23:28:54 [main] INFO  core.CommandManager - Регистрация новой команды: update
2026-02-27 23:28:54 [main] INFO  core.CommandManager - Регистрация новой команды: remove_by_id
2026-02-27 23:28:54 [main] INFO  core.CommandManager - Регистрация новой команды: history
2026-02-27 23:28:54 [main] INFO  core.CommandManager - Регистрация новой команды: sort
2026-02-27 23:28:54 [main] INFO  core.CommandManager - Регистрация новой команды: shuffle
2026-02-27 23:28:54 [main] INFO  core.CommandManager - Регистрация новой команды: sum_of_price
2026-02-27 23:28:54 [main] INFO  core.CommandManager - Регистрация новой команды: average_of_price
2026-02-27 23:28:54 [main] INFO  core.CommandManager - Регистрация новой команды: filter_starts_with_name
2026-02-27 23:28:54 [main] INFO  core.CommandManager - Регистрация новой команды: save
2026-02-27 23:28:54 [main] INFO  core.CommandManager - Регистрация новой команды: execute_script
2026-02-27 23:28:54 [main] INFO  core.CollectionManager - В коллекцию добавлен новый продукт models.Product@5d908d47
2026-02-27 23:28:54 [main] INFO  io.FileManager - Коллекция из файла test.csv успешно загружена
2026-02-27 23:29:12 [main] INFO  core.CommandManager - Регистрация новой команды: help
2026-02-27 23:29:12 [main] INFO  core.CommandManager - Регистрация новой команды: info
2026-02-27 23:29:12 [main] INFO  core.CommandManager - Регистрация новой команды: exit
2026-02-27 23:29:12 [main] INFO  core.CommandManager - Регистрация новой команды: add
2026-02-27 23:29:12 [main] INFO  core.CommandManager - Регистрация новой команды: clear
2026-02-27 23:29:12 [main] INFO  core.CommandManager - Регистрация новой команды: show
2026-02-27 23:29:12 [main] INFO  core.CommandManager - Регистрация новой команды: update
2026-02-27 23:29:12 [main] INFO  core.CommandManager - Регистрация новой команды: remove_by_id
2026-02-27 23:29:12 [main] INFO  core.CommandManager - Регистрация новой команды: history
2026-02-27 23:29:12 [main] INFO  core.CommandManager - Регистрация новой команды: sort
2026-02-27 23:29:12 [main] INFO  core.CommandManager - Регистрация новой команды: shuffle
2026-02-27 23:29:12 [main] INFO  core.CommandManager - Регистрация новой команды: sum_of_price
2026-02-27 23:29:12 [main] INFO  core.CommandManager - Регистрация новой команды: average_of_price
2026-02-27 23:29:12 [main] INFO  core.CommandManager - Регистрация новой команды: filter_starts_with_name
2026-02-27 23:29:12 [main] INFO  core.CommandManager - Регистрация новой команды: save
2026-02-27 23:29:12 [main] INFO  core.CommandManager - Регистрация новой команды: execute_script
2026-02-27 23:29:12 [main] INFO  core.CollectionManager - В коллекцию добавлен новый продукт models.Product@5d908d47
2026-02-27 23:29:12 [main] INFO  io.FileManager - Коллекция из файла test.csv успешно загружена
2026-02-27 23:30:14 [main] INFO  core.CommandManager - Регистрация новой команды: help
2026-02-27 23:30:14 [main] INFO  core.CommandManager - В команду help внедрен CommandRegistry
2026-02-27 23:30:14 [main] INFO  core.CommandManager - Регистрация новой команды: info
2026-02-27 23:30:14 [main] INFO  core.CommandManager - В команду info внедрен CollectionRepository
2026-02-27 23:30:14 [main] INFO  core.CommandManager - Регистрация новой команды: exit
2026-02-27 23:30:14 [main] INFO  core.CommandManager - Регистрация новой команды: add
2026-02-27 23:30:14 [main] INFO  core.CommandManager - В команду add внедрен CollectionRepository
2026-02-27 23:30:14 [main] INFO  core.CommandManager - В команду add внедрен UserInput
2026-02-27 23:30:14 [main] INFO  core.CommandManager - В команду add внедрен ExecuteContext
2026-02-27 23:30:14 [main] INFO  core.CommandManager - Регистрация новой команды: clear
2026-02-27 23:30:14 [main] INFO  core.CommandManager - В команду clear внедрен CollectionRepository
2026-02-27 23:30:14 [main] INFO  core.CommandManager - Регистрация новой команды: show
2026-02-27 23:30:14 [main] INFO  core.CommandManager - В команду show внедрен CollectionRepository
2026-02-27 23:30:14 [main] INFO  core.CommandManager - Регистрация новой команды: update
2026-02-27 23:30:14 [main] INFO  core.CommandManager - В команду update внедрен CollectionRepository
2026-02-27 23:30:14 [main] INFO  core.CommandManager - В команду update внедрен UserInput
2026-02-27 23:30:14 [main] INFO  core.CommandManager - В команду update внедрен ExecuteContext
2026-02-27 23:30:14 [main] INFO  core.CommandManager - Регистрация новой команды: remove_by_id
2026-02-27 23:30:14 [main] INFO  core.CommandManager - В команду remove_by_id внедрен CollectionRepository
2026-02-27 23:30:14 [main] INFO  core.CommandManager - Регистрация новой команды: history
2026-02-27 23:30:14 [main] INFO  core.CommandManager - В команду history внедрен CommandRegistry
2026-02-27 23:30:14 [main] INFO  core.CommandManager - Регистрация новой команды: sort
2026-02-27 23:30:14 [main] INFO  core.CommandManager - В команду sort внедрен CollectionRepository
2026-02-27 23:30:14 [main] INFO  core.CommandManager - Регистрация новой команды: shuffle
2026-02-27 23:30:14 [main] INFO  core.CommandManager - В команду shuffle внедрен CollectionRepository
2026-02-27 23:30:14 [main] INFO  core.CommandManager - Регистрация новой команды: sum_of_price
2026-02-27 23:30:14 [main] INFO  core.CommandManager - В команду sum_of_price внедрен CollectionRepository
2026-02-27 23:30:14 [main] INFO  core.CommandManager - Регистрация новой команды: average_of_price
2026-02-27 23:30:14 [main] INFO  core.CommandManager - В команду average_of_price внедрен CollectionRepository
2026-02-27 23:30:14 [main] INFO  core.CommandManager - Регистрация новой команды: filter_starts_with_name
2026-02-27 23:30:14 [main] INFO  core.CommandManager - В команду filter_starts_with_name внедрен CollectionRepository
2026-02-27 23:30:14 [main] INFO  core.CommandManager - Регистрация новой команды: save
2026-02-27 23:30:14 [main] INFO  core.CommandManager - В команду save внедрен CollectionRepository
2026-02-27 23:30:14 [main] INFO  core.CommandManager - В команду save внедрен FileStorage
2026-02-27 23:30:14 [main] INFO  core.CommandManager - Регистрация новой команды: execute_script
2026-02-27 23:30:14 [main] INFO  core.CollectionManager - В коллекцию добавлен новый продукт models.Product@49c90a9c
2026-02-27 23:30:14 [main] INFO  io.FileManager - Коллекция из файла test.csv успешно загружена
2026-02-27 23:32:06 [main] INFO  core.CommandManager - Регистрация новой команды: help
2026-02-27 23:32:06 [main] INFO  core.CommandManager - В команду help внедрен CommandRegistry
2026-02-27 23:32:06 [main] INFO  core.CommandManager - Регистрация новой команды: info
2026-02-27 23:32:06 [main] INFO  core.CommandManager - В команду info внедрен CollectionRepository
2026-02-27 23:32:06 [main] INFO  core.CommandManager - Регистрация новой команды: exit
2026-02-27 23:32:06 [main] INFO  core.CommandManager - Регистрация новой команды: add
2026-02-27 23:32:06 [main] INFO  core.CommandManager - В команду add внедрен CollectionRepository
2026-02-27 23:32:06 [main] INFO  core.CommandManager - В команду add внедрен UserInput
2026-02-27 23:32:06 [main] INFO  core.CommandManager - В команду add внедрен ExecuteContext
2026-02-27 23:32:06 [main] INFO  core.CommandManager - Регистрация новой команды: clear
2026-02-27 23:32:06 [main] INFO  core.CommandManager - В команду clear внедрен CollectionRepository
2026-02-27 23:32:06 [main] INFO  core.CommandManager - Регистрация новой команды: show
2026-02-27 23:32:06 [main] INFO  core.CommandManager - В команду show внедрен CollectionRepository
2026-02-27 23:32:06 [main] INFO  core.CommandManager - Регистрация новой команды: update
2026-02-27 23:32:06 [main] INFO  core.CommandManager - В команду update внедрен CollectionRepository
2026-02-27 23:32:06 [main] INFO  core.CommandManager - В команду update внедрен UserInput
2026-02-27 23:32:06 [main] INFO  core.CommandManager - В команду update внедрен ExecuteContext
2026-02-27 23:32:06 [main] INFO  core.CommandManager - Регистрация новой команды: remove_by_id
2026-02-27 23:32:06 [main] INFO  core.CommandManager - В команду remove_by_id внедрен CollectionRepository
2026-02-27 23:32:06 [main] INFO  core.CommandManager - Регистрация новой команды: history
2026-02-27 23:32:06 [main] INFO  core.CommandManager - В команду history внедрен CommandRegistry
2026-02-27 23:32:06 [main] INFO  core.CommandManager - Регистрация новой команды: sort
2026-02-27 23:32:06 [main] INFO  core.CommandManager - В команду sort внедрен CollectionRepository
2026-02-27 23:32:06 [main] INFO  core.CommandManager - Регистрация новой команды: shuffle
2026-02-27 23:32:06 [main] INFO  core.CommandManager - В команду shuffle внедрен CollectionRepository
2026-02-27 23:32:06 [main] INFO  core.CommandManager - Регистрация новой команды: sum_of_price
2026-02-27 23:32:06 [main] INFO  core.CommandManager - В команду sum_of_price внедрен CollectionRepository
2026-02-27 23:32:06 [main] INFO  core.CommandManager - Регистрация новой команды: average_of_price
2026-02-27 23:32:06 [main] INFO  core.CommandManager - В команду average_of_price внедрен CollectionRepository
2026-02-27 23:32:06 [main] INFO  core.CommandManager - Регистрация новой команды: filter_starts_with_name
2026-02-27 23:32:06 [main] INFO  core.CommandManager - В команду filter_starts_with_name внедрен CollectionRepository
2026-02-27 23:32:06 [main] INFO  core.CommandManager - Регистрация новой команды: save
2026-02-27 23:32:06 [main] INFO  core.CommandManager - В команду save внедрен CollectionRepository
2026-02-27 23:32:06 [main] INFO  core.CommandManager - В команду save внедрен FileStorage
2026-02-27 23:32:06 [main] INFO  core.CommandManager - Регистрация новой команды: execute_script
2026-02-27 23:32:06 [main] INFO  core.CollectionManager - В коллекцию добавлен новый продукт models.Product@49c90a9c
2026-02-27 23:32:06 [main] INFO  io.FileManager - Коллекция из файла test.csv успешно загружена
2026-02-27 23:32:30 [main] INFO  core.CommandManager - Регистрация новой команды: help
2026-02-27 23:32:30 [main] INFO  core.CommandManager - В команду help внедрен CommandRegistry
2026-02-27 23:32:30 [main] INFO  core.CommandManager - Регистрация новой команды: info
2026-02-27 23:32:30 [main] INFO  core.CommandManager - В команду info внедрен CollectionRepository
2026-02-27 23:32:30 [main] INFO  core.CommandManager - Регистрация новой команды: exit
2026-02-27 23:32:30 [main] INFO  core.CommandManager - Регистрация новой команды: add
2026-02-27 23:32:30 [main] INFO  core.CommandManager - В команду add внедрен CollectionRepository
2026-02-27 23:32:30 [main] INFO  core.CommandManager - В команду add внедрен UserInput
2026-02-27 23:32:30 [main] INFO  core.CommandManager - В команду add внедрен ExecuteContext
2026-02-27 23:32:30 [main] INFO  core.CommandManager - Регистрация новой команды: clear
2026-02-27 23:32:30 [main] INFO  core.CommandManager - В команду clear внедрен CollectionRepository
2026-02-27 23:32:30 [main] INFO  core.CommandManager - Регистрация новой команды: show
2026-02-27 23:32:30 [main] INFO  core.CommandManager - В команду show внедрен CollectionRepository
2026-02-27 23:32:30 [main] INFO  core.CommandManager - Регистрация новой команды: update
2026-02-27 23:32:30 [main] INFO  core.CommandManager - В команду update внедрен CollectionRepository
2026-02-27 23:32:30 [main] INFO  core.CommandManager - В команду update внедрен UserInput
2026-02-27 23:32:30 [main] INFO  core.CommandManager - В команду update внедрен ExecuteContext
2026-02-27 23:32:30 [main] INFO  core.CommandManager - Регистрация новой команды: remove_by_id
2026-02-27 23:32:30 [main] INFO  core.CommandManager - В команду remove_by_id внедрен CollectionRepository
2026-02-27 23:32:30 [main] INFO  core.CommandManager - Регистрация новой команды: history
2026-02-27 23:32:30 [main] INFO  core.CommandManager - В команду history внедрен CommandRegistry
2026-02-27 23:32:30 [main] INFO  core.CommandManager - Регистрация новой команды: sort
2026-02-27 23:32:30 [main] INFO  core.CommandManager - В команду sort внедрен CollectionRepository
2026-02-27 23:32:30 [main] INFO  core.CommandManager - Регистрация новой команды: shuffle
2026-02-27 23:32:30 [main] INFO  core.CommandManager - В команду shuffle внедрен CollectionRepository
2026-02-27 23:32:30 [main] INFO  core.CommandManager - Регистрация новой команды: sum_of_price
2026-02-27 23:32:30 [main] INFO  core.CommandManager - В команду sum_of_price внедрен CollectionRepository
2026-02-27 23:32:30 [main] INFO  core.CommandManager - Регистрация новой команды: average_of_price
2026-02-27 23:32:30 [main] INFO  core.CommandManager - В команду average_of_price внедрен CollectionRepository
2026-02-27 23:32:30 [main] INFO  core.CommandManager - Регистрация новой команды: filter_starts_with_name
2026-02-27 23:32:30 [main] INFO  core.CommandManager - В команду filter_starts_with_name внедрен CollectionRepository
2026-02-27 23:32:30 [main] INFO  core.CommandManager - Регистрация новой команды: save
2026-02-27 23:32:30 [main] INFO  core.CommandManager - В команду save внедрен CollectionRepository
2026-02-27 23:32:30 [main] INFO  core.CommandManager - В команду save внедрен FileStorage
2026-02-27 23:32:30 [main] INFO  core.CommandManager - Регистрация новой команды: execute_script
2026-02-27 23:32:30 [main] INFO  core.CollectionManager - В коллекцию добавлен новый продукт models.Product@49c90a9c
2026-02-27 23:32:30 [main] INFO  io.FileManager - Коллекция из файла test.csv успешно загружена
2026-02-27 23:32:40 [main] INFO  core.CommandManager - Регистрация новой команды: help
2026-02-27 23:32:40 [main] INFO  core.CommandManager - В команду help внедрен CommandRegistry
2026-02-27 23:32:40 [main] INFO  core.CommandManager - Регистрация новой команды: info
2026-02-27 23:32:40 [main] INFO  core.CommandManager - В команду info внедрен CollectionRepository
2026-02-27 23:32:40 [main] INFO  core.CommandManager - Регистрация новой команды: exit
2026-02-27 23:32:40 [main] INFO  core.CommandManager - Регистрация новой команды: add
2026-02-27 23:32:40 [main] INFO  core.CommandManager - В команду add внедрен CollectionRepository
2026-02-27 23:32:40 [main] INFO  core.CommandManager - В команду add внедрен UserInput
2026-02-27 23:32:40 [main] INFO  core.CommandManager - В команду add внедрен ExecuteContext
2026-02-27 23:32:40 [main] INFO  core.CommandManager - Регистрация новой команды: clear
2026-02-27 23:32:40 [main] INFO  core.CommandManager - В команду clear внедрен CollectionRepository
2026-02-27 23:32:40 [main] INFO  core.CommandManager - Регистрация новой команды: show
2026-02-27 23:32:40 [main] INFO  core.CommandManager - В команду show внедрен CollectionRepository
2026-02-27 23:32:40 [main] INFO  core.CommandManager - Регистрация новой команды: update
2026-02-27 23:32:40 [main] INFO  core.CommandManager - В команду update внедрен CollectionRepository
2026-02-27 23:32:40 [main] INFO  core.CommandManager - В команду update внедрен UserInput
2026-02-27 23:32:40 [main] INFO  core.CommandManager - В команду update внедрен ExecuteContext
2026-02-27 23:32:40 [main] INFO  core.CommandManager - Регистрация новой команды: remove_by_id
2026-02-27 23:32:40 [main] INFO  core.CommandManager - В команду remove_by_id внедрен CollectionRepository
2026-02-27 23:32:40 [main] INFO  core.CommandManager - Регистрация новой команды: history
2026-02-27 23:32:40 [main] INFO  core.CommandManager - В команду history внедрен CommandRegistry
2026-02-27 23:32:40 [main] INFO  core.CommandManager - Регистрация новой команды: sort
2026-02-27 23:32:40 [main] INFO  core.CommandManager - В команду sort внедрен CollectionRepository
2026-02-27 23:32:40 [main] INFO  core.CommandManager - Регистрация новой команды: shuffle
2026-02-27 23:32:40 [main] INFO  core.CommandManager - В команду shuffle внедрен CollectionRepository
2026-02-27 23:32:40 [main] INFO  core.CommandManager - Регистрация новой команды: sum_of_price
2026-02-27 23:32:40 [main] INFO  core.CommandManager - В команду sum_of_price внедрен CollectionRepository
2026-02-27 23:32:40 [main] INFO  core.CommandManager - Регистрация новой команды: average_of_price
2026-02-27 23:32:40 [main] INFO  core.CommandManager - В команду average_of_price внедрен CollectionRepository
2026-02-27 23:32:40 [main] INFO  core.CommandManager - Регистрация новой команды: filter_starts_with_name
2026-02-27 23:32:40 [main] INFO  core.CommandManager - В команду filter_starts_with_name внедрен CollectionRepository
2026-02-27 23:32:40 [main] INFO  core.CommandManager - Регистрация новой команды: save
2026-02-27 23:32:40 [main] INFO  core.CommandManager - В команду save внедрен CollectionRepository
2026-02-27 23:32:40 [main] INFO  core.CommandManager - В команду save внедрен FileStorage
2026-02-27 23:32:40 [main] INFO  core.CommandManager - Регистрация новой команды: execute_script
2026-02-27 23:32:40 [main] INFO  core.CollectionManager - В коллекцию добавлен новый продукт models.Product@49c90a9c
2026-02-27 23:32:40 [main] INFO  io.FileManager - Коллекция из файла test.csv успешно загружена
