2026-03-04 20:55:08.155 [main] WARN  core.CommandManager - Пользователь ввел некорректную команду sfg
2026-03-04 20:55:08.160 [main] ERROR core.CommandManager - Ошибка выполнения скрипта
exceptions.ScriptExecutionException: Ожидались данные типа Long
	at utility.Form.ask(Form.java:54)
	at utility.ProductForm.getProduct(ProductForm.java:31)
	at commands.AddCommand.execute(AddCommand.java:25)
	at core.CommandManager.executeCommand(CommandManager.java:68)
	at core.ConsoleApp.interactive(ConsoleApp.java:32)
	at Main.main(Main.java:6)
2026-03-04 20:55:08.162 [main] WARN  core.CommandManager - Пользователь ввел некорректную команду hello
2026-03-04 21:03:07.802 [main] WARN  core.CommandManager - Пользователь ввел некорректную команду sfg
2026-03-04 21:03:07.806 [main] ERROR core.CommandManager - Ошибка выполнения скрипта
exceptions.ScriptExecutionException: Ожидались данные типа Long
	at utility.Form.ask(Form.java:54)
	at utility.ProductForm.getProduct(ProductForm.java:31)
	at commands.AddCommand.execute(AddCommand.java:25)
	at core.CommandManager.executeCommand(CommandManager.java:69)
	at core.ConsoleApp.interactive(ConsoleApp.java:32)
	at Main.main(Main.java:6)
2026-03-04 21:03:07.808 [main] WARN  core.CommandManager - Пользователь ввел некорректную команду hello
2026-03-04 21:11:31.347 [main] WARN  core.CommandManager - Пользователь ввел некорректную команду sfg
2026-03-04 21:11:31.350 [main] ERROR core.CommandManager - Ошибка выполнения скрипта
exceptions.ScriptExecutionException: Ожидались данные типа Long
	at utility.Form.ask(Form.java:54)
	at utility.ProductForm.getProduct(ProductForm.java:31)
	at commands.AddCommand.execute(AddCommand.java:25)
	at core.CommandManager.executeCommand(CommandManager.java:69)
	at core.ConsoleApp.interactive(ConsoleApp.java:32)
	at Main.main(Main.java:6)
2026-03-04 21:12:03.045 [main] WARN  core.CommandManager - Пользователь ввел некорректную команду sfg
2026-03-04 21:12:03.048 [main] ERROR core.CommandManager - Ошибка выполнения скрипта
exceptions.ScriptExecutionException: Ожидались данные типа Long
	at utility.Form.ask(Form.java:54)
	at utility.ProductForm.getProduct(ProductForm.java:31)
	at commands.AddCommand.execute(AddCommand.java:25)
	at core.CommandManager.executeCommand(CommandManager.java:69)
	at core.ConsoleApp.interactive(ConsoleApp.java:32)
	at Main.main(Main.java:6)
2026-03-04 21:24:36.131 [main] WARN  core.CommandManager - Пользователь ввел некорректную команду sfg
2026-03-04 21:24:36.134 [main] ERROR core.CommandManager - Ошибка выполнения скрипта
exceptions.ScriptExecutionException: Ожидались данные типа Long
	at utility.Form.ask(Form.java:54)
	at utility.ProductForm.getProduct(ProductForm.java:31)
	at commands.AddCommand.execute(AddCommand.java:25)
	at core.CommandManager.executeCommand(CommandManager.java:69)
	at core.ConsoleApp.interactive(ConsoleApp.java:32)
	at Main.main(Main.java:6)
2026-03-04 21:24:36.136 [main] WARN  core.CommandManager - Пользователь ввел некорректную команду hello
2026-03-04 21:50:31.094 [main] ERROR core.CommandManager - Пользователь ввел некорректное id
exceptions.IdNotFoundException: Нет такого id
	at core.CollectionManager.lambda$updateProductById$2(CollectionManager.java:91)
	at java.base/java.util.Optional.orElseThrow(Optional.java:403)
	at core.CollectionManager.updateProductById(CollectionManager.java:91)
	at commands.UpdateCommand.execute(UpdateCommand.java:24)
	at core.CommandManager.executeCommand(CommandManager.java:69)
	at core.ConsoleApp.interactive(ConsoleApp.java:38)
	at Main.main(Main.java:6)
2026-03-04 21:50:36.977 [main] ERROR core.CommandManager - Пользователь ввел некорректное id
exceptions.IdNotFoundException: Неверный формат id
	at core.CollectionManager.updateProductById(CollectionManager.java:96)
	at commands.UpdateCommand.execute(UpdateCommand.java:24)
	at core.CommandManager.executeCommand(CommandManager.java:69)
	at core.ConsoleApp.interactive(ConsoleApp.java:38)
	at Main.main(Main.java:6)
