2026-03-01 12:09:04.954 [main] DEBUG core.CommandManager - Регистрация новой команды: help
2026-03-01 12:09:04.963 [main] DEBUG core.CommandManager - В команду help внедрен CommandRegistry
2026-03-01 12:09:04.963 [main] INFO  core.CommandManager - Команда help зарегистрирована
2026-03-01 12:09:04.964 [main] DEBUG core.CommandManager - Регистрация новой команды: info
2026-03-01 12:09:04.964 [main] DEBUG core.CommandManager - В команду info внедрен CollectionRepository
2026-03-01 12:09:04.964 [main] INFO  core.CommandManager - Команда info зарегистрирована
2026-03-01 12:09:04.964 [main] DEBUG core.CommandManager - Регистрация новой команды: exit
2026-03-01 12:09:04.965 [main] INFO  core.CommandManager - Команда exit зарегистрирована
2026-03-01 12:09:04.965 [main] DEBUG core.CommandManager - Регистрация новой команды: add
2026-03-01 12:09:04.965 [main] DEBUG core.CommandManager - В команду add внедрен CollectionRepository
2026-03-01 12:09:04.965 [main] DEBUG core.CommandManager - В команду add внедрен UserInput
2026-03-01 12:09:04.965 [main] DEBUG core.CommandManager - В команду add внедрен ExecuteContext
2026-03-01 12:09:04.965 [main] INFO  core.CommandManager - Команда add зарегистрирована
2026-03-01 12:09:04.965 [main] DEBUG core.CommandManager - Регистрация новой команды: clear
2026-03-01 12:09:04.965 [main] DEBUG core.CommandManager - В команду clear внедрен CollectionRepository
2026-03-01 12:09:04.965 [main] INFO  core.CommandManager - Команда clear зарегистрирована
2026-03-01 12:09:04.966 [main] DEBUG core.CommandManager - Регистрация новой команды: show
2026-03-01 12:09:04.966 [main] DEBUG core.CommandManager - В команду show внедрен CollectionRepository
2026-03-01 12:09:04.966 [main] INFO  core.CommandManager - Команда show зарегистрирована
2026-03-01 12:09:04.966 [main] DEBUG core.CommandManager - Регистрация новой команды: update
2026-03-01 12:09:04.966 [main] DEBUG core.CommandManager - В команду update внедрен CollectionRepository
2026-03-01 12:09:04.967 [main] DEBUG core.CommandManager - В команду update внедрен UserInput
2026-03-01 12:09:04.967 [main] DEBUG core.CommandManager - В команду update внедрен ExecuteContext
2026-03-01 12:09:04.967 [main] INFO  core.CommandManager - Команда update зарегистрирована
2026-03-01 12:09:04.967 [main] DEBUG core.CommandManager - Регистрация новой команды: remove_by_id
2026-03-01 12:09:04.967 [main] DEBUG core.CommandManager - В команду remove_by_id внедрен CollectionRepository
2026-03-01 12:09:04.968 [main] INFO  core.CommandManager - Команда remove_by_id зарегистрирована
2026-03-01 12:09:04.968 [main] DEBUG core.CommandManager - Регистрация новой команды: history
2026-03-01 12:09:04.968 [main] DEBUG core.CommandManager - В команду history внедрен CommandRegistry
2026-03-01 12:09:04.968 [main] INFO  core.CommandManager - Команда history зарегистрирована
2026-03-01 12:09:04.968 [main] DEBUG core.CommandManager - Регистрация новой команды: sort
2026-03-01 12:09:04.968 [main] DEBUG core.CommandManager - В команду sort внедрен CollectionRepository
2026-03-01 12:09:04.968 [main] INFO  core.CommandManager - Команда sort зарегистрирована
2026-03-01 12:09:04.969 [main] DEBUG core.CommandManager - Регистрация новой команды: shuffle
2026-03-01 12:09:04.969 [main] DEBUG core.CommandManager - В команду shuffle внедрен CollectionRepository
2026-03-01 12:09:04.969 [main] INFO  core.CommandManager - Команда shuffle зарегистрирована
2026-03-01 12:09:04.969 [main] DEBUG core.CommandManager - Регистрация новой команды: sum_of_price
2026-03-01 12:09:04.969 [main] DEBUG core.CommandManager - В команду sum_of_price внедрен CollectionRepository
2026-03-01 12:09:04.969 [main] INFO  core.CommandManager - Команда sum_of_price зарегистрирована
2026-03-01 12:09:04.969 [main] DEBUG core.CommandManager - Регистрация новой команды: average_of_price
2026-03-01 12:09:04.972 [main] DEBUG core.CommandManager - В команду average_of_price внедрен CollectionRepository
2026-03-01 12:09:04.972 [main] INFO  core.CommandManager - Команда average_of_price зарегистрирована
2026-03-01 12:09:04.973 [main] DEBUG core.CommandManager - Регистрация новой команды: filter_starts_with_name
2026-03-01 12:09:04.973 [main] DEBUG core.CommandManager - В команду filter_starts_with_name внедрен CollectionRepository
2026-03-01 12:09:04.973 [main] INFO  core.CommandManager - Команда filter_starts_with_name зарегистрирована
2026-03-01 12:09:04.973 [main] DEBUG core.CommandManager - Регистрация новой команды: save
2026-03-01 12:09:04.973 [main] DEBUG core.CommandManager - В команду save внедрен CollectionRepository
2026-03-01 12:09:04.973 [main] DEBUG core.CommandManager - В команду save внедрен FileStorage
2026-03-01 12:09:04.973 [main] INFO  core.CommandManager - Команда save зарегистрирована
2026-03-01 12:09:04.974 [main] DEBUG core.CommandManager - Регистрация новой команды: execute_script
2026-03-01 12:09:04.974 [main] DEBUG core.CommandManager - В команду execute_script внедрен ExecuteContext
2026-03-01 12:09:04.974 [main] INFO  core.CommandManager - Команда execute_script зарегистрирована
2026-03-01 12:09:05.052 [main] INFO  core.CollectionManager - В коллекцию добавлен новый продукт models.Product@7ac296f6
2026-03-01 12:09:05.054 [main] INFO  core.CollectionManager - Инициализация коллекции, последний id: 1, дата: 2026-02-19T22:56:27.094039103
2026-03-01 12:09:05.055 [main] INFO  io.FileManager - Коллекция из файла test.csv успешно загружена
2026-03-01 12:09:15.435 [main] DEBUG core.CommandManager - Регистрация новой команды: help
2026-03-01 12:09:15.441 [main] DEBUG core.CommandManager - В команду help внедрен CommandRegistry
2026-03-01 12:09:15.441 [main] INFO  core.CommandManager - Команда help зарегистрирована
2026-03-01 12:09:15.442 [main] DEBUG core.CommandManager - Регистрация новой команды: info
2026-03-01 12:09:15.442 [main] DEBUG core.CommandManager - В команду info внедрен CollectionRepository
2026-03-01 12:09:15.442 [main] INFO  core.CommandManager - Команда info зарегистрирована
2026-03-01 12:09:15.442 [main] DEBUG core.CommandManager - Регистрация новой команды: exit
2026-03-01 12:09:15.443 [main] INFO  core.CommandManager - Команда exit зарегистрирована
2026-03-01 12:09:15.443 [main] DEBUG core.CommandManager - Регистрация новой команды: add
2026-03-01 12:09:15.443 [main] DEBUG core.CommandManager - В команду add внедрен CollectionRepository
2026-03-01 12:09:15.443 [main] DEBUG core.CommandManager - В команду add внедрен UserInput
2026-03-01 12:09:15.443 [main] DEBUG core.CommandManager - В команду add внедрен ExecuteContext
2026-03-01 12:09:15.443 [main] INFO  core.CommandManager - Команда add зарегистрирована
2026-03-01 12:09:15.443 [main] DEBUG core.CommandManager - Регистрация новой команды: clear
2026-03-01 12:09:15.443 [main] DEBUG core.CommandManager - В команду clear внедрен CollectionRepository
2026-03-01 12:09:15.444 [main] INFO  core.CommandManager - Команда clear зарегистрирована
2026-03-01 12:09:15.444 [main] DEBUG core.CommandManager - Регистрация новой команды: show
2026-03-01 12:09:15.444 [main] DEBUG core.CommandManager - В команду show внедрен CollectionRepository
2026-03-01 12:09:15.444 [main] INFO  core.CommandManager - Команда show зарегистрирована
2026-03-01 12:09:15.444 [main] DEBUG core.CommandManager - Регистрация новой команды: update
2026-03-01 12:09:15.445 [main] DEBUG core.CommandManager - В команду update внедрен CollectionRepository
2026-03-01 12:09:15.445 [main] DEBUG core.CommandManager - В команду update внедрен UserInput
2026-03-01 12:09:15.445 [main] DEBUG core.CommandManager - В команду update внедрен ExecuteContext
2026-03-01 12:09:15.445 [main] INFO  core.CommandManager - Команда update зарегистрирована
2026-03-01 12:09:15.445 [main] DEBUG core.CommandManager - Регистрация новой команды: remove_by_id
2026-03-01 12:09:15.445 [main] DEBUG core.CommandManager - В команду remove_by_id внедрен CollectionRepository
2026-03-01 12:09:15.446 [main] INFO  core.CommandManager - Команда remove_by_id зарегистрирована
2026-03-01 12:09:15.446 [main] DEBUG core.CommandManager - Регистрация новой команды: history
2026-03-01 12:09:15.446 [main] DEBUG core.CommandManager - В команду history внедрен CommandRegistry
2026-03-01 12:09:15.446 [main] INFO  core.CommandManager - Команда history зарегистрирована
2026-03-01 12:09:15.446 [main] DEBUG core.CommandManager - Регистрация новой команды: sort
2026-03-01 12:09:15.446 [main] DEBUG core.CommandManager - В команду sort внедрен CollectionRepository
2026-03-01 12:09:15.446 [main] INFO  core.CommandManager - Команда sort зарегистрирована
2026-03-01 12:09:15.446 [main] DEBUG core.CommandManager - Регистрация новой команды: shuffle
2026-03-01 12:09:15.447 [main] DEBUG core.CommandManager - В команду shuffle внедрен CollectionRepository
2026-03-01 12:09:15.447 [main] INFO  core.CommandManager - Команда shuffle зарегистрирована
2026-03-01 12:09:15.447 [main] DEBUG core.CommandManager - Регистрация новой команды: sum_of_price
2026-03-01 12:09:15.447 [main] DEBUG core.CommandManager - В команду sum_of_price внедрен CollectionRepository
2026-03-01 12:09:15.447 [main] INFO  core.CommandManager - Команда sum_of_price зарегистрирована
2026-03-01 12:09:15.447 [main] DEBUG core.CommandManager - Регистрация новой команды: average_of_price
2026-03-01 12:09:15.450 [main] DEBUG core.CommandManager - В команду average_of_price внедрен CollectionRepository
2026-03-01 12:09:15.450 [main] INFO  core.CommandManager - Команда average_of_price зарегистрирована
2026-03-01 12:09:15.450 [main] DEBUG core.CommandManager - Регистрация новой команды: filter_starts_with_name
2026-03-01 12:09:15.450 [main] DEBUG core.CommandManager - В команду filter_starts_with_name внедрен CollectionRepository
2026-03-01 12:09:15.451 [main] INFO  core.CommandManager - Команда filter_starts_with_name зарегистрирована
2026-03-01 12:09:15.451 [main] DEBUG core.CommandManager - Регистрация новой команды: save
2026-03-01 12:09:15.451 [main] DEBUG core.CommandManager - В команду save внедрен CollectionRepository
2026-03-01 12:09:15.451 [main] DEBUG core.CommandManager - В команду save внедрен FileStorage
2026-03-01 12:09:15.451 [main] INFO  core.CommandManager - Команда save зарегистрирована
2026-03-01 12:09:15.451 [main] DEBUG core.CommandManager - Регистрация новой команды: execute_script
2026-03-01 12:09:15.452 [main] DEBUG core.CommandManager - В команду execute_script внедрен ExecuteContext
2026-03-01 12:09:15.452 [main] INFO  core.CommandManager - Команда execute_script зарегистрирована
2026-03-01 12:09:15.507 [main] INFO  core.CollectionManager - В коллекцию добавлен новый продукт models.Product@1a5b6f42
2026-03-01 12:09:15.509 [main] INFO  core.CollectionManager - Инициализация коллекции, последний id: 1, дата: 2026-02-19T22:56:27.094039103
2026-03-01 12:09:15.509 [main] INFO  io.FileManager - Коллекция из файла test.csv успешно загружена
2026-03-01 12:09:21.941 [main] DEBUG core.CommandManager - Начало выполнения команды execute_script
2026-03-01 12:09:21.942 [main] ERROR core.CommandManager - Ошибка выполнения скрипта
exceptions.ScriptExecutionException: Ошибка чтения sampl (Нет такого файла или каталога)
	at commands.ExecuteScriptCommand.execute(ExecuteScriptCommand.java:25)
	at core.CommandManager.execute(CommandManager.java:69)
	at io.InputReader.interactive(InputReader.java:82)
	at Main.main(Main.java:42)
2026-03-01 12:09:29.215 [main] DEBUG core.CommandManager - Начало выполнения команды execute_script
2026-03-01 12:09:29.216 [main] ERROR core.CommandManager - Ошибка выполнения скрипта
exceptions.ScriptExecutionException: Ошибка чтения sampl (Нет такого файла или каталога)
	at commands.ExecuteScriptCommand.execute(ExecuteScriptCommand.java:25)
	at core.CommandManager.execute(CommandManager.java:69)
	at io.InputReader.interactive(InputReader.java:82)
	at Main.main(Main.java:42)
2026-03-01 12:09:34.751 [main] DEBUG core.CommandManager - Начало выполнения команды execute_script
2026-03-01 12:09:34.752 [main] INFO  io.InputReader - В очередь добавлен новый скрипт sample
2026-03-01 12:09:34.753 [main] INFO  core.CommandManager - Команда execute_script успешно выполнилась
2026-03-01 12:09:34.753 [main] INFO  core.CommandManager - Команда execute_script добавлена в историю
2026-03-01 12:09:34.754 [main] DEBUG core.CommandManager - Начало выполнения команды info
2026-03-01 12:09:34.755 [main] INFO  core.CommandManager - Команда info успешно выполнилась
2026-03-01 12:09:34.755 [main] INFO  core.CommandManager - Команда info добавлена в историю
2026-03-01 12:09:34.755 [main] DEBUG core.CommandManager - Начало выполнения команды help
2026-03-01 12:09:34.756 [main] INFO  core.CommandManager - Команда help успешно выполнилась
2026-03-01 12:09:34.756 [main] INFO  core.CommandManager - Команда help добавлена в историю
2026-03-01 12:09:34.756 [main] DEBUG core.CommandManager - Начало выполнения команды execute_script
2026-03-01 12:09:34.757 [main] INFO  io.InputReader - В очередь добавлен новый скрипт test
2026-03-01 12:09:34.757 [main] INFO  core.CommandManager - Команда execute_script успешно выполнилась
2026-03-01 12:09:34.757 [main] INFO  core.CommandManager - Команда execute_script добавлена в историю
2026-03-01 12:09:34.757 [main] DEBUG core.CommandManager - Начало выполнения команды show
2026-03-01 12:09:34.768 [main] INFO  core.CommandManager - Команда show успешно выполнилась
2026-03-01 12:09:34.768 [main] INFO  core.CommandManager - Команда show добавлена в историю
2026-03-01 12:09:34.769 [main] WARN  core.CommandManager - Пользователь ввел некорректную команду sfg
2026-03-01 12:09:34.769 [main] DEBUG core.CommandManager - Начало выполнения команды add
2026-03-01 12:09:34.771 [main] INFO  utility.Form - У пользователя запрашивается название типа String
2026-03-01 12:09:34.771 [main] INFO  utility.Form - У пользователя запрашивается координату по X типа Long
2026-03-01 12:09:34.772 [main] ERROR core.CommandManager - Ошибка выполнения скрипта
exceptions.ScriptExecutionException: Ожидались данные типа Long
	at utility.Form.ask(Form.java:54)
	at utility.ProductForm.getProduct(ProductForm.java:31)
	at commands.AddCommand.execute(AddCommand.java:28)
	at core.CommandManager.execute(CommandManager.java:69)
	at io.InputReader.interactive(InputReader.java:82)
	at Main.main(Main.java:42)
2026-03-01 12:09:34.773 [main] DEBUG core.CommandManager - Начало выполнения команды help
2026-03-01 12:09:34.773 [main] INFO  core.CommandManager - Команда help успешно выполнилась
2026-03-01 12:09:34.773 [main] INFO  core.CommandManager - Команда help добавлена в историю
2026-03-01 12:09:34.774 [main] INFO  io.InputReader - Скрипт завершен, возвращение к предыдущему источнику
2026-03-01 12:09:34.774 [main] WARN  core.CommandManager - Пользователь ввел некорректную команду hello
2026-03-01 12:09:34.774 [main] WARN  core.CommandManager - Пользователь ввел некорректную команду dfg
2026-03-01 12:09:34.774 [main] WARN  core.CommandManager - Пользователь ввел некорректную команду sfgf
2026-03-01 12:09:34.774 [main] INFO  io.InputReader - Скрипт завершен, возвращение к предыдущему источнику
2026-03-01 12:09:42.086 [main] DEBUG core.CommandManager - Начало выполнения команды execute_script
2026-03-01 12:09:42.086 [main] INFO  io.InputReader - В очередь добавлен новый скрипт sample
2026-03-01 12:09:42.087 [main] INFO  core.CommandManager - Команда execute_script успешно выполнилась
2026-03-01 12:09:42.087 [main] INFO  core.CommandManager - Команда execute_script добавлена в историю
2026-03-01 12:09:42.087 [main] DEBUG core.CommandManager - Начало выполнения команды info
2026-03-01 12:09:42.087 [main] INFO  core.CommandManager - Команда info успешно выполнилась
2026-03-01 12:09:42.087 [main] INFO  core.CommandManager - Команда info добавлена в историю
2026-03-01 12:09:42.088 [main] DEBUG core.CommandManager - Начало выполнения команды help
2026-03-01 12:09:42.088 [main] INFO  core.CommandManager - Команда help успешно выполнилась
2026-03-01 12:09:42.088 [main] INFO  core.CommandManager - Команда help добавлена в историю
2026-03-01 12:09:42.088 [main] DEBUG core.CommandManager - Начало выполнения команды execute_script
2026-03-01 12:09:42.089 [main] INFO  io.InputReader - В очередь добавлен новый скрипт test
2026-03-01 12:09:42.089 [main] INFO  core.CommandManager - Команда execute_script успешно выполнилась
2026-03-01 12:09:42.089 [main] INFO  core.CommandManager - Команда execute_script добавлена в историю
2026-03-01 12:09:42.089 [main] DEBUG core.CommandManager - Начало выполнения команды show
2026-03-01 12:09:42.090 [main] INFO  core.CommandManager - Команда show успешно выполнилась
2026-03-01 12:09:42.090 [main] INFO  core.CommandManager - Команда show добавлена в историю
2026-03-01 12:09:42.090 [main] WARN  core.CommandManager - Пользователь ввел некорректную команду sfg
2026-03-01 12:09:42.091 [main] DEBUG core.CommandManager - Начало выполнения команды add
2026-03-01 12:09:42.091 [main] INFO  utility.Form - У пользователя запрашивается название типа String
2026-03-01 12:09:42.091 [main] INFO  utility.Form - У пользователя запрашивается координату по X типа Long
2026-03-01 12:09:42.091 [main] ERROR core.CommandManager - Ошибка выполнения скрипта
exceptions.ScriptExecutionException: Ожидались данные типа Long
	at utility.Form.ask(Form.java:54)
	at utility.ProductForm.getProduct(ProductForm.java:31)
	at commands.AddCommand.execute(AddCommand.java:28)
	at core.CommandManager.execute(CommandManager.java:69)
	at io.InputReader.interactive(InputReader.java:82)
	at Main.main(Main.java:42)
2026-03-01 12:09:42.092 [main] DEBUG core.CommandManager - Начало выполнения команды help
2026-03-01 12:09:42.092 [main] INFO  core.CommandManager - Команда help успешно выполнилась
2026-03-01 12:09:42.092 [main] INFO  core.CommandManager - Команда help добавлена в историю
2026-03-01 12:09:42.092 [main] INFO  io.InputReader - Скрипт завершен, возвращение к предыдущему источнику
2026-03-01 12:09:42.092 [main] WARN  core.CommandManager - Пользователь ввел некорректную команду hello
2026-03-01 12:09:42.093 [main] WARN  core.CommandManager - Пользователь ввел некорректную команду dfg
2026-03-01 12:09:42.093 [main] WARN  core.CommandManager - Пользователь ввел некорректную команду sfgf
2026-03-01 12:09:42.093 [main] INFO  io.InputReader - Скрипт завершен, возвращение к предыдущему источнику
2026-03-01 12:09:50.377 [main] DEBUG core.CommandManager - Начало выполнения команды execute_script
2026-03-01 12:09:50.378 [main] INFO  io.InputReader - В очередь добавлен новый скрипт test
2026-03-01 12:09:50.378 [main] INFO  core.CommandManager - Команда execute_script успешно выполнилась
2026-03-01 12:09:50.378 [main] INFO  core.CommandManager - Команда execute_script добавлена в историю
2026-03-01 12:09:50.378 [main] DEBUG core.CommandManager - Начало выполнения команды show
2026-03-01 12:09:50.379 [main] INFO  core.CommandManager - Команда show успешно выполнилась
2026-03-01 12:09:50.379 [main] INFO  core.CommandManager - Команда show добавлена в историю
2026-03-01 12:09:50.379 [main] WARN  core.CommandManager - Пользователь ввел некорректную команду sfg
2026-03-01 12:09:50.380 [main] DEBUG core.CommandManager - Начало выполнения команды add
2026-03-01 12:09:50.380 [main] INFO  utility.Form - У пользователя запрашивается название типа String
2026-03-01 12:09:50.380 [main] INFO  utility.Form - У пользователя запрашивается координату по X типа Long
2026-03-01 12:09:50.380 [main] ERROR core.CommandManager - Ошибка выполнения скрипта
exceptions.ScriptExecutionException: Ожидались данные типа Long
	at utility.Form.ask(Form.java:54)
	at utility.ProductForm.getProduct(ProductForm.java:31)
	at commands.AddCommand.execute(AddCommand.java:28)
	at core.CommandManager.execute(CommandManager.java:69)
	at io.InputReader.interactive(InputReader.java:82)
	at Main.main(Main.java:42)
2026-03-01 12:09:50.380 [main] DEBUG core.CommandManager - Начало выполнения команды help
2026-03-01 12:09:50.381 [main] INFO  core.CommandManager - Команда help успешно выполнилась
2026-03-01 12:09:50.381 [main] INFO  core.CommandManager - Команда help добавлена в историю
2026-03-01 12:09:50.382 [main] INFO  io.InputReader - Скрипт завершен, возвращение к предыдущему источнику
