2026-03-02 12:00:01.885 [main] INFO  utility.Form - У пользователя запрашивается имя владельца типа String
2026-03-02 12:00:03.028 [main] INFO  utility.Form - У пользователя запрашивается дату дня рождения владельца(в формате yyyy-mm-dd) типа LocalDate
2026-03-02 12:00:07.045 [main] INFO  utility.Form - У пользователя запрашивается рост владельца типа Long
2026-03-02 12:00:08.147 [main] INFO  core.CollectionManager - В коллекцию добавлен новый продукт models.Product@638ef7ed
2026-03-02 12:00:08.148 [main] INFO  core.CommandManager - Команда add успешно выполнилась
2026-03-02 12:00:08.169 [main] INFO  core.CommandManager - Команда add добавлена в историю
2026-03-02 12:00:09.741 [main] DEBUG core.CommandManager - Начало выполнения команды show
2026-03-02 12:00:09.753 [main] INFO  core.CommandManager - Команда show успешно выполнилась
2026-03-02 12:00:09.753 [main] INFO  core.CommandManager - Команда show добавлена в историю
2026-03-02 12:00:10.997 [main] DEBUG core.CommandManager - Начало выполнения команды save
2026-03-02 12:00:11.027 [main] INFO  io.FileManager - Коллекция успешно сохранена в файл: test.csv
2026-03-02 12:00:11.028 [main] INFO  core.CommandManager - Команда save успешно выполнилась
2026-03-02 12:00:11.028 [main] INFO  core.CommandManager - Команда save добавлена в историю
2026-03-02 12:00:13.369 [main] DEBUG core.CommandManager - Начало выполнения команды exit
2026-03-02 12:00:13.370 [main] INFO  core.CommandManager - Завершение программы
exceptions.ExitException: Завершение программы...
	at commands.ExitCommand.execute(ExitCommand.java:15)
	at core.CommandManager.executeCommand(CommandManager.java:66)
	at core.ConsoleApp.interactive(ConsoleApp.java:32)
	at Main.main(Main.java:6)
2026-03-02 12:00:15.927 [main] INFO  core.CollectionManager - В коллекцию добавлен новый продукт models.Product@503f91c3
2026-03-02 12:00:15.930 [main] INFO  core.CollectionManager - В коллекцию добавлен новый продукт models.Product@20bd8be5
2026-03-02 12:00:15.931 [main] INFO  core.CollectionManager - Инициализация коллекции, последний id: 2, дата: 2026-02-19T22:56:27.094039103
2026-03-02 12:00:15.932 [main] INFO  io.FileManager - Коллекция из файла test.csv успешно загружена
2026-03-02 12:00:15.933 [main] DEBUG core.CommandManager - Регистрация новой команды: help
2026-03-02 12:00:15.934 [main] DEBUG core.CommandManager - В команду help внедрен CommandManager
2026-03-02 12:00:15.935 [main] INFO  core.CommandManager - Команда help зарегистрирована
2026-03-02 12:00:15.935 [main] DEBUG core.CommandManager - Регистрация новой команды: info
2026-03-02 12:00:15.935 [main] DEBUG core.CommandManager - В команду info внедрен CollectionManager
2026-03-02 12:00:15.935 [main] INFO  core.CommandManager - Команда info зарегистрирована
2026-03-02 12:00:15.935 [main] DEBUG core.CommandManager - Регистрация новой команды: exit
2026-03-02 12:00:15.935 [main] INFO  core.CommandManager - Команда exit зарегистрирована
2026-03-02 12:00:15.935 [main] DEBUG core.CommandManager - Регистрация новой команды: add
2026-03-02 12:00:15.936 [main] DEBUG core.CommandManager - В команду add внедрен CollectionManager
2026-03-02 12:00:15.936 [main] DEBUG core.CommandManager - В команду add внедрен InputReader
2026-03-02 12:00:15.936 [main] INFO  core.CommandManager - Команда add зарегистрирована
2026-03-02 12:00:15.936 [main] DEBUG core.CommandManager - Регистрация новой команды: clear
2026-03-02 12:00:15.936 [main] DEBUG core.CommandManager - В команду clear внедрен CollectionManager
2026-03-02 12:00:15.936 [main] INFO  core.CommandManager - Команда clear зарегистрирована
2026-03-02 12:00:15.937 [main] DEBUG core.CommandManager - Регистрация новой команды: show
2026-03-02 12:00:15.937 [main] DEBUG core.CommandManager - В команду show внедрен CollectionManager
2026-03-02 12:00:15.937 [main] INFO  core.CommandManager - Команда show зарегистрирована
2026-03-02 12:00:15.937 [main] DEBUG core.CommandManager - Регистрация новой команды: update
2026-03-02 12:00:15.937 [main] DEBUG core.CommandManager - В команду update внедрен CollectionManager
2026-03-02 12:00:15.937 [main] DEBUG core.CommandManager - В команду update внедрен InputReader
2026-03-02 12:00:15.937 [main] INFO  core.CommandManager - Команда update зарегистрирована
2026-03-02 12:00:15.937 [main] DEBUG core.CommandManager - Регистрация новой команды: remove_by_id
2026-03-02 12:00:15.937 [main] DEBUG core.CommandManager - В команду remove_by_id внедрен CollectionManager
2026-03-02 12:00:15.938 [main] INFO  core.CommandManager - Команда remove_by_id зарегистрирована
2026-03-02 12:00:15.938 [main] DEBUG core.CommandManager - Регистрация новой команды: history
2026-03-02 12:00:15.938 [main] DEBUG core.CommandManager - В команду history внедрен CommandManager
2026-03-02 12:00:15.938 [main] INFO  core.CommandManager - Команда history зарегистрирована
2026-03-02 12:00:15.938 [main] DEBUG core.CommandManager - Регистрация новой команды: sort
2026-03-02 12:00:15.938 [main] DEBUG core.CommandManager - В команду sort внедрен CollectionManager
2026-03-02 12:00:15.938 [main] INFO  core.CommandManager - Команда sort зарегистрирована
2026-03-02 12:00:15.938 [main] DEBUG core.CommandManager - Регистрация новой команды: shuffle
2026-03-02 12:00:15.938 [main] DEBUG core.CommandManager - В команду shuffle внедрен CollectionManager
2026-03-02 12:00:15.938 [main] INFO  core.CommandManager - Команда shuffle зарегистрирована
2026-03-02 12:00:15.939 [main] DEBUG core.CommandManager - Регистрация новой команды: sum_of_price
2026-03-02 12:00:15.939 [main] DEBUG core.CommandManager - В команду sum_of_price внедрен CollectionManager
2026-03-02 12:00:15.939 [main] INFO  core.CommandManager - Команда sum_of_price зарегистрирована
2026-03-02 12:00:15.939 [main] DEBUG core.CommandManager - Регистрация новой команды: average_of_price
2026-03-02 12:00:15.939 [main] DEBUG core.CommandManager - В команду average_of_price внедрен CollectionManager
2026-03-02 12:00:15.939 [main] INFO  core.CommandManager - Команда average_of_price зарегистрирована
2026-03-02 12:00:15.939 [main] DEBUG core.CommandManager - Регистрация новой команды: filter_starts_with_name
2026-03-02 12:00:15.939 [main] DEBUG core.CommandManager - В команду filter_starts_with_name внедрен CollectionManager
2026-03-02 12:00:15.939 [main] INFO  core.CommandManager - Команда filter_starts_with_name зарегистрирована
2026-03-02 12:00:15.940 [main] DEBUG core.CommandManager - Регистрация новой команды: save
2026-03-02 12:00:15.941 [main] DEBUG core.CommandManager - В команду save внедрен CollectionManager
2026-03-02 12:00:15.941 [main] DEBUG core.CommandManager - В команду save внедрен FileManager
2026-03-02 12:00:15.941 [main] INFO  core.CommandManager - Команда save зарегистрирована
2026-03-02 12:00:15.942 [main] DEBUG core.CommandManager - Регистрация новой команды: execute_script
2026-03-02 12:00:15.942 [main] DEBUG core.CommandManager - В команду execute_script внедрен InputReader
2026-03-02 12:00:15.942 [main] INFO  core.CommandManager - Команда execute_script зарегистрирована
2026-03-02 12:00:19.284 [main] DEBUG core.CommandManager - Начало выполнения команды show
2026-03-02 12:00:19.296 [main] INFO  core.CommandManager - Команда show успешно выполнилась
2026-03-02 12:00:19.297 [main] INFO  core.CommandManager - Команда show добавлена в историю
2026-03-02 12:00:28.165 [main] DEBUG core.CommandManager - Начало выполнения команды remove_by_id
2026-03-02 12:00:28.167 [main] INFO  core.CollectionManager - Из коллекции удален элемент с id 1
2026-03-02 12:00:28.168 [main] INFO  core.CommandManager - Команда remove_by_id успешно выполнилась
2026-03-02 12:00:28.168 [main] INFO  core.CommandManager - Команда remove_by_id добавлена в историю
2026-03-02 12:00:29.168 [main] DEBUG core.CommandManager - Начало выполнения команды show
2026-03-02 12:00:29.170 [main] INFO  core.CommandManager - Команда show успешно выполнилась
2026-03-02 12:00:29.170 [main] INFO  core.CommandManager - Команда show добавлена в историю
2026-03-02 12:00:32.207 [main] DEBUG core.CommandManager - Начало выполнения команды exit
2026-03-02 12:00:32.208 [main] INFO  core.CommandManager - Завершение программы
exceptions.ExitException: Завершение программы...
	at commands.ExitCommand.execute(ExitCommand.java:15)
	at core.CommandManager.executeCommand(CommandManager.java:66)
	at core.ConsoleApp.interactive(ConsoleApp.java:32)
	at Main.main(Main.java:6)
