2026-02-28 22:03:01.789 [main] DEBUG core.CommandManager - Регистрация новой команды: help
2026-02-28 22:03:01.798 [main] DEBUG core.CommandManager - В команду help внедрен CommandRegistry
2026-02-28 22:03:01.798 [main] INFO  core.CommandManager - Команда help зарегистрирована
2026-02-28 22:03:01.798 [main] DEBUG core.CommandManager - Регистрация новой команды: info
2026-02-28 22:03:01.798 [main] DEBUG core.CommandManager - В команду info внедрен CollectionRepository
2026-02-28 22:03:01.799 [main] INFO  core.CommandManager - Команда info зарегистрирована
2026-02-28 22:03:01.799 [main] DEBUG core.CommandManager - Регистрация новой команды: exit
2026-02-28 22:03:01.799 [main] INFO  core.CommandManager - Команда exit зарегистрирована
2026-02-28 22:03:01.799 [main] DEBUG core.CommandManager - Регистрация новой команды: add
2026-02-28 22:03:01.799 [main] DEBUG core.CommandManager - В команду add внедрен CollectionRepository
2026-02-28 22:03:01.799 [main] DEBUG core.CommandManager - В команду add внедрен UserInput
2026-02-28 22:03:01.800 [main] DEBUG core.CommandManager - В команду add внедрен ExecuteContext
2026-02-28 22:03:01.800 [main] INFO  core.CommandManager - Команда add зарегистрирована
2026-02-28 22:03:01.800 [main] DEBUG core.CommandManager - Регистрация новой команды: clear
2026-02-28 22:03:01.800 [main] DEBUG core.CommandManager - В команду clear внедрен CollectionRepository
2026-02-28 22:03:01.800 [main] INFO  core.CommandManager - Команда clear зарегистрирована
2026-02-28 22:03:01.800 [main] DEBUG core.CommandManager - Регистрация новой команды: show
2026-02-28 22:03:01.801 [main] DEBUG core.CommandManager - В команду show внедрен CollectionRepository
2026-02-28 22:03:01.801 [main] INFO  core.CommandManager - Команда show зарегистрирована
2026-02-28 22:03:01.801 [main] DEBUG core.CommandManager - Регистрация новой команды: update
2026-02-28 22:03:01.801 [main] DEBUG core.CommandManager - В команду update внедрен CollectionRepository
2026-02-28 22:03:01.802 [main] DEBUG core.CommandManager - В команду update внедрен UserInput
2026-02-28 22:03:01.802 [main] DEBUG core.CommandManager - В команду update внедрен ExecuteContext
2026-02-28 22:03:01.802 [main] INFO  core.CommandManager - Команда update зарегистрирована
2026-02-28 22:03:01.802 [main] DEBUG core.CommandManager - Регистрация новой команды: remove_by_id
2026-02-28 22:03:01.802 [main] DEBUG core.CommandManager - В команду remove_by_id внедрен CollectionRepository
2026-02-28 22:03:01.802 [main] INFO  core.CommandManager - Команда remove_by_id зарегистрирована
2026-02-28 22:03:01.803 [main] DEBUG core.CommandManager - Регистрация новой команды: history
2026-02-28 22:03:01.803 [main] DEBUG core.CommandManager - В команду history внедрен CommandRegistry
2026-02-28 22:03:01.803 [main] INFO  core.CommandManager - Команда history зарегистрирована
2026-02-28 22:03:01.803 [main] DEBUG core.CommandManager - Регистрация новой команды: sort
2026-02-28 22:03:01.803 [main] DEBUG core.CommandManager - В команду sort внедрен CollectionRepository
2026-02-28 22:03:01.803 [main] INFO  core.CommandManager - Команда sort зарегистрирована
2026-02-28 22:03:01.804 [main] DEBUG core.CommandManager - Регистрация новой команды: shuffle
2026-02-28 22:03:01.804 [main] DEBUG core.CommandManager - В команду shuffle внедрен CollectionRepository
2026-02-28 22:03:01.804 [main] INFO  core.CommandManager - Команда shuffle зарегистрирована
2026-02-28 22:03:01.804 [main] DEBUG core.CommandManager - Регистрация новой команды: sum_of_price
2026-02-28 22:03:01.804 [main] DEBUG core.CommandManager - В команду sum_of_price внедрен CollectionRepository
2026-02-28 22:03:01.804 [main] INFO  core.CommandManager - Команда sum_of_price зарегистрирована
2026-02-28 22:03:01.804 [main] DEBUG core.CommandManager - Регистрация новой команды: average_of_price
2026-02-28 22:03:01.807 [main] DEBUG core.CommandManager - В команду average_of_price внедрен CollectionRepository
2026-02-28 22:03:01.808 [main] INFO  core.CommandManager - Команда average_of_price зарегистрирована
2026-02-28 22:03:01.808 [main] DEBUG core.CommandManager - Регистрация новой команды: filter_starts_with_name
2026-02-28 22:03:01.808 [main] DEBUG core.CommandManager - В команду filter_starts_with_name внедрен CollectionRepository
2026-02-28 22:03:01.808 [main] INFO  core.CommandManager - Команда filter_starts_with_name зарегистрирована
2026-02-28 22:03:01.808 [main] DEBUG core.CommandManager - Регистрация новой команды: save
2026-02-28 22:03:01.808 [main] DEBUG core.CommandManager - В команду save внедрен CollectionRepository
2026-02-28 22:03:01.809 [main] DEBUG core.CommandManager - В команду save внедрен FileStorage
2026-02-28 22:03:01.809 [main] INFO  core.CommandManager - Команда save зарегистрирована
2026-02-28 22:03:01.809 [main] DEBUG core.CommandManager - Регистрация новой команды: execute_script
2026-02-28 22:03:01.809 [main] DEBUG core.CommandManager - В команду execute_script внедрен ExecuteContext
2026-02-28 22:03:01.810 [main] DEBUG core.CommandManager - В команду execute_script внедрен UserInput
2026-02-28 22:03:01.810 [main] INFO  core.CommandManager - Команда execute_script зарегистрирована
2026-02-28 22:03:01.873 [main] INFO  core.CollectionManager - В коллекцию добавлен новый продукт models.Product@2eea88a1
2026-02-28 22:03:01.875 [main] INFO  core.CollectionManager - Инициализация коллекции, последний id: 1, дата: 2026-02-19T22:56:27.094039103
2026-02-28 22:03:01.876 [main] INFO  io.FileManager - Коллекция из файла test.csv успешно загружена
2026-02-28 22:03:12.075 [main] DEBUG core.CommandManager - Начало выполнения команды execute_script
2026-02-28 22:03:12.076 [main] INFO  commands.ExecuteScriptCommand - Начало выполнение скрипта
2026-02-28 22:03:12.076 [main] DEBUG io.Reader - Добавился вложенный скрипт
2026-02-28 22:03:12.077 [main] DEBUG core.CommandManager - Начало выполнения команды info
2026-02-28 22:03:12.078 [main] INFO  core.CommandManager - Команда info успешно выполнилась
2026-02-28 22:03:12.078 [main] INFO  core.CommandManager - Команда info добавлена в историю
2026-02-28 22:03:12.078 [main] DEBUG core.CommandManager - Начало выполнения команды help
2026-02-28 22:03:12.079 [main] INFO  core.CommandManager - Команда help успешно выполнилась
2026-02-28 22:03:12.079 [main] INFO  core.CommandManager - Команда help добавлена в историю
2026-02-28 22:03:12.079 [main] DEBUG core.CommandManager - Начало выполнения команды execute_script
2026-02-28 22:03:12.079 [main] INFO  commands.ExecuteScriptCommand - Начало выполнение скрипта
2026-02-28 22:03:12.079 [main] DEBUG io.Reader - Добавился вложенный скрипт
2026-02-28 22:03:12.080 [main] DEBUG core.CommandManager - Начало выполнения команды show
2026-02-28 22:03:12.093 [main] INFO  core.CommandManager - Команда show успешно выполнилась
2026-02-28 22:03:12.094 [main] INFO  core.CommandManager - Команда show добавлена в историю
2026-02-28 22:03:12.094 [main] INFO  io.Reader - Получен конец ввода
2026-02-28 22:03:12.094 [main] INFO  commands.ExecuteScriptCommand - Скрипт завершен
2026-02-28 22:03:12.094 [main] DEBUG io.Reader - Один вложенный скрипт завершился
2026-02-28 22:03:12.094 [main] INFO  core.CommandManager - Команда execute_script успешно выполнилась
2026-02-28 22:03:12.094 [main] INFO  core.CommandManager - Команда execute_script добавлена в историю
2026-02-28 22:03:12.094 [main] INFO  io.Reader - Получен конец ввода
2026-02-28 22:03:12.094 [main] INFO  commands.ExecuteScriptCommand - Скрипт завершен
2026-02-28 22:03:12.094 [main] DEBUG io.Reader - Один вложенный скрипт завершился
2026-02-28 22:03:12.094 [main] INFO  core.CommandManager - Команда execute_script успешно выполнилась
2026-02-28 22:03:12.094 [main] INFO  core.CommandManager - Команда execute_script добавлена в историю
2026-02-28 22:03:12.094 [main] INFO  io.Reader - Получен конец ввода
2026-02-28 22:03:47.685 [main] DEBUG core.CommandManager - Регистрация новой команды: help
2026-02-28 22:03:47.688 [main] DEBUG core.CommandManager - В команду help внедрен CommandRegistry
2026-02-28 22:03:47.688 [main] INFO  core.CommandManager - Команда help зарегистрирована
2026-02-28 22:03:47.689 [main] DEBUG core.CommandManager - Регистрация новой команды: info
2026-02-28 22:03:47.689 [main] DEBUG core.CommandManager - В команду info внедрен CollectionRepository
2026-02-28 22:03:47.689 [main] INFO  core.CommandManager - Команда info зарегистрирована
2026-02-28 22:03:47.689 [main] DEBUG core.CommandManager - Регистрация новой команды: exit
2026-02-28 22:03:47.689 [main] INFO  core.CommandManager - Команда exit зарегистрирована
2026-02-28 22:03:47.690 [main] DEBUG core.CommandManager - Регистрация новой команды: add
2026-02-28 22:03:47.690 [main] DEBUG core.CommandManager - В команду add внедрен CollectionRepository
2026-02-28 22:03:47.690 [main] DEBUG core.CommandManager - В команду add внедрен UserInput
2026-02-28 22:03:47.690 [main] DEBUG core.CommandManager - В команду add внедрен ExecuteContext
2026-02-28 22:03:47.690 [main] INFO  core.CommandManager - Команда add зарегистрирована
2026-02-28 22:03:47.690 [main] DEBUG core.CommandManager - Регистрация новой команды: clear
2026-02-28 22:03:47.690 [main] DEBUG core.CommandManager - В команду clear внедрен CollectionRepository
2026-02-28 22:03:47.690 [main] INFO  core.CommandManager - Команда clear зарегистрирована
2026-02-28 22:03:47.690 [main] DEBUG core.CommandManager - Регистрация новой команды: show
2026-02-28 22:03:47.691 [main] DEBUG core.CommandManager - В команду show внедрен CollectionRepository
2026-02-28 22:03:47.691 [main] INFO  core.CommandManager - Команда show зарегистрирована
2026-02-28 22:03:47.691 [main] DEBUG core.CommandManager - Регистрация новой команды: update
2026-02-28 22:03:47.691 [main] DEBUG core.CommandManager - В команду update внедрен CollectionRepository
2026-02-28 22:03:47.691 [main] DEBUG core.CommandManager - В команду update внедрен UserInput
2026-02-28 22:03:47.691 [main] DEBUG core.CommandManager - В команду update внедрен ExecuteContext
2026-02-28 22:03:47.691 [main] INFO  core.CommandManager - Команда update зарегистрирована
2026-02-28 22:03:47.692 [main] DEBUG core.CommandManager - Регистрация новой команды: remove_by_id
2026-02-28 22:03:47.692 [main] DEBUG core.CommandManager - В команду remove_by_id внедрен CollectionRepository
2026-02-28 22:03:47.692 [main] INFO  core.CommandManager - Команда remove_by_id зарегистрирована
2026-02-28 22:03:47.692 [main] DEBUG core.CommandManager - Регистрация новой команды: history
2026-02-28 22:03:47.692 [main] DEBUG core.CommandManager - В команду history внедрен CommandRegistry
2026-02-28 22:03:47.692 [main] INFO  core.CommandManager - Команда history зарегистрирована
2026-02-28 22:03:47.692 [main] DEBUG core.CommandManager - Регистрация новой команды: sort
2026-02-28 22:03:47.692 [main] DEBUG core.CommandManager - В команду sort внедрен CollectionRepository
2026-02-28 22:03:47.693 [main] INFO  core.CommandManager - Команда sort зарегистрирована
2026-02-28 22:03:47.693 [main] DEBUG core.CommandManager - Регистрация новой команды: shuffle
2026-02-28 22:03:47.693 [main] DEBUG core.CommandManager - В команду shuffle внедрен CollectionRepository
2026-02-28 22:03:47.693 [main] INFO  core.CommandManager - Команда shuffle зарегистрирована
2026-02-28 22:03:47.693 [main] DEBUG core.CommandManager - Регистрация новой команды: sum_of_price
2026-02-28 22:03:47.693 [main] DEBUG core.CommandManager - В команду sum_of_price внедрен CollectionRepository
2026-02-28 22:03:47.693 [main] INFO  core.CommandManager - Команда sum_of_price зарегистрирована
2026-02-28 22:03:47.693 [main] DEBUG core.CommandManager - Регистрация новой команды: average_of_price
2026-02-28 22:03:47.695 [main] DEBUG core.CommandManager - В команду average_of_price внедрен CollectionRepository
2026-02-28 22:03:47.696 [main] INFO  core.CommandManager - Команда average_of_price зарегистрирована
2026-02-28 22:03:47.696 [main] DEBUG core.CommandManager - Регистрация новой команды: filter_starts_with_name
2026-02-28 22:03:47.696 [main] DEBUG core.CommandManager - В команду filter_starts_with_name внедрен CollectionRepository
2026-02-28 22:03:47.696 [main] INFO  core.CommandManager - Команда filter_starts_with_name зарегистрирована
2026-02-28 22:03:47.696 [main] DEBUG core.CommandManager - Регистрация новой команды: save
2026-02-28 22:03:47.696 [main] DEBUG core.CommandManager - В команду save внедрен CollectionRepository
2026-02-28 22:03:47.697 [main] DEBUG core.CommandManager - В команду save внедрен FileStorage
2026-02-28 22:03:47.697 [main] INFO  core.CommandManager - Команда save зарегистрирована
2026-02-28 22:03:47.697 [main] DEBUG core.CommandManager - Регистрация новой команды: execute_script
2026-02-28 22:03:47.697 [main] DEBUG core.CommandManager - В команду execute_script внедрен ExecuteContext
2026-02-28 22:03:47.697 [main] DEBUG core.CommandManager - В команду execute_script внедрен UserInput
2026-02-28 22:03:47.698 [main] INFO  core.CommandManager - Команда execute_script зарегистрирована
2026-02-28 22:03:47.753 [main] INFO  core.CollectionManager - В коллекцию добавлен новый продукт models.Product@7f2cfe3f
2026-02-28 22:03:47.755 [main] INFO  core.CollectionManager - Инициализация коллекции, последний id: 1, дата: 2026-02-19T22:56:27.094039103
2026-02-28 22:03:47.755 [main] INFO  io.FileManager - Коллекция из файла test.csv успешно загружена
2026-02-28 22:03:58.184 [main] DEBUG core.CommandManager - Начало выполнения команды execute_script
2026-02-28 22:03:58.184 [main] INFO  commands.ExecuteScriptCommand - Начало выполнение скрипта
2026-02-28 22:03:58.184 [main] DEBUG io.Reader - Добавился вложенный скрипт
2026-02-28 22:03:58.185 [main] DEBUG core.CommandManager - Начало выполнения команды info
2026-02-28 22:03:58.186 [main] INFO  core.CommandManager - Команда info успешно выполнилась
2026-02-28 22:03:58.187 [main] INFO  core.CommandManager - Команда info добавлена в историю
2026-02-28 22:03:58.187 [main] DEBUG core.CommandManager - Начало выполнения команды help
2026-02-28 22:03:58.187 [main] INFO  core.CommandManager - Команда help успешно выполнилась
2026-02-28 22:03:58.187 [main] INFO  core.CommandManager - Команда help добавлена в историю
2026-02-28 22:03:58.188 [main] DEBUG core.CommandManager - Начало выполнения команды execute_script
2026-02-28 22:03:58.188 [main] INFO  commands.ExecuteScriptCommand - Начало выполнение скрипта
2026-02-28 22:03:58.188 [main] DEBUG io.Reader - Добавился вложенный скрипт
2026-02-28 22:03:58.188 [main] DEBUG core.CommandManager - Начало выполнения команды show
2026-02-28 22:03:58.200 [main] INFO  core.CommandManager - Команда show успешно выполнилась
2026-02-28 22:03:58.200 [main] INFO  core.CommandManager - Команда show добавлена в историю
2026-02-28 22:03:58.200 [main] INFO  io.Reader - Получен конец ввода
2026-02-28 22:03:58.200 [main] INFO  commands.ExecuteScriptCommand - Скрипт завершен
2026-02-28 22:03:58.201 [main] DEBUG io.Reader - Поток ввода обновился
2026-02-28 22:03:58.201 [main] DEBUG io.Reader - Один вложенный скрипт завершился
2026-02-28 22:03:58.201 [main] INFO  core.CommandManager - Команда execute_script успешно выполнилась
2026-02-28 22:03:58.201 [main] INFO  core.CommandManager - Команда execute_script добавлена в историю
2026-02-28 22:03:58.201 [main] INFO  io.Reader - Получен конец ввода
2026-02-28 22:03:58.201 [main] INFO  commands.ExecuteScriptCommand - Скрипт завершен
2026-02-28 22:03:58.201 [main] DEBUG io.Reader - Поток ввода обновился
2026-02-28 22:03:58.201 [main] DEBUG io.Reader - Один вложенный скрипт завершился
2026-02-28 22:03:58.202 [main] INFO  core.CommandManager - Команда execute_script успешно выполнилась
2026-02-28 22:03:58.202 [main] INFO  core.CommandManager - Команда execute_script добавлена в историю
