2026-03-01 12:15:20.945 [main] DEBUG core.CommandManager - Регистрация новой команды: help
2026-03-01 12:15:20.951 [main] DEBUG core.CommandManager - В команду help внедрен CommandRegistry
2026-03-01 12:15:20.951 [main] INFO  core.CommandManager - Команда help зарегистрирована
2026-03-01 12:15:20.951 [main] DEBUG core.CommandManager - Регистрация новой команды: info
2026-03-01 12:15:20.951 [main] DEBUG core.CommandManager - В команду info внедрен CollectionRepository
2026-03-01 12:15:20.952 [main] INFO  core.CommandManager - Команда info зарегистрирована
2026-03-01 12:15:20.952 [main] DEBUG core.CommandManager - Регистрация новой команды: exit
2026-03-01 12:15:20.952 [main] INFO  core.CommandManager - Команда exit зарегистрирована
2026-03-01 12:15:20.952 [main] DEBUG core.CommandManager - Регистрация новой команды: add
2026-03-01 12:15:20.952 [main] DEBUG core.CommandManager - В команду add внедрен CollectionRepository
2026-03-01 12:15:20.952 [main] DEBUG core.CommandManager - В команду add внедрен UserInput
2026-03-01 12:15:20.952 [main] DEBUG core.CommandManager - В команду add внедрен ExecuteContext
2026-03-01 12:15:20.952 [main] INFO  core.CommandManager - Команда add зарегистрирована
2026-03-01 12:15:20.952 [main] DEBUG core.CommandManager - Регистрация новой команды: clear
2026-03-01 12:15:20.952 [main] DEBUG core.CommandManager - В команду clear внедрен CollectionRepository
2026-03-01 12:15:20.952 [main] INFO  core.CommandManager - Команда clear зарегистрирована
2026-03-01 12:15:20.952 [main] DEBUG core.CommandManager - Регистрация новой команды: show
2026-03-01 12:15:20.952 [main] DEBUG core.CommandManager - В команду show внедрен CollectionRepository
2026-03-01 12:15:20.952 [main] INFO  core.CommandManager - Команда show зарегистрирована
2026-03-01 12:15:20.952 [main] DEBUG core.CommandManager - Регистрация новой команды: update
2026-03-01 12:15:20.953 [main] DEBUG core.CommandManager - В команду update внедрен CollectionRepository
2026-03-01 12:15:20.953 [main] DEBUG core.CommandManager - В команду update внедрен UserInput
2026-03-01 12:15:20.953 [main] DEBUG core.CommandManager - В команду update внедрен ExecuteContext
2026-03-01 12:15:20.953 [main] INFO  core.CommandManager - Команда update зарегистрирована
2026-03-01 12:15:20.953 [main] DEBUG core.CommandManager - Регистрация новой команды: remove_by_id
2026-03-01 12:15:20.953 [main] DEBUG core.CommandManager - В команду remove_by_id внедрен CollectionRepository
2026-03-01 12:15:20.953 [main] INFO  core.CommandManager - Команда remove_by_id зарегистрирована
2026-03-01 12:15:20.953 [main] DEBUG core.CommandManager - Регистрация новой команды: history
2026-03-01 12:15:20.953 [main] DEBUG core.CommandManager - В команду history внедрен CommandRegistry
2026-03-01 12:15:20.953 [main] INFO  core.CommandManager - Команда history зарегистрирована
2026-03-01 12:15:20.953 [main] DEBUG core.CommandManager - Регистрация новой команды: sort
2026-03-01 12:15:20.953 [main] DEBUG core.CommandManager - В команду sort внедрен CollectionRepository
2026-03-01 12:15:20.953 [main] INFO  core.CommandManager - Команда sort зарегистрирована
2026-03-01 12:15:20.954 [main] DEBUG core.CommandManager - Регистрация новой команды: shuffle
2026-03-01 12:15:20.954 [main] DEBUG core.CommandManager - В команду shuffle внедрен CollectionRepository
2026-03-01 12:15:20.954 [main] INFO  core.CommandManager - Команда shuffle зарегистрирована
2026-03-01 12:15:20.954 [main] DEBUG core.CommandManager - Регистрация новой команды: sum_of_price
2026-03-01 12:15:20.954 [main] DEBUG core.CommandManager - В команду sum_of_price внедрен CollectionRepository
2026-03-01 12:15:20.954 [main] INFO  core.CommandManager - Команда sum_of_price зарегистрирована
2026-03-01 12:15:20.954 [main] DEBUG core.CommandManager - Регистрация новой команды: average_of_price
2026-03-01 12:15:20.956 [main] DEBUG core.CommandManager - В команду average_of_price внедрен CollectionRepository
2026-03-01 12:15:20.956 [main] INFO  core.CommandManager - Команда average_of_price зарегистрирована
2026-03-01 12:15:20.956 [main] DEBUG core.CommandManager - Регистрация новой команды: filter_starts_with_name
2026-03-01 12:15:20.956 [main] DEBUG core.CommandManager - В команду filter_starts_with_name внедрен CollectionRepository
2026-03-01 12:15:20.956 [main] INFO  core.CommandManager - Команда filter_starts_with_name зарегистрирована
2026-03-01 12:15:20.956 [main] DEBUG core.CommandManager - Регистрация новой команды: save
2026-03-01 12:15:20.956 [main] DEBUG core.CommandManager - В команду save внедрен CollectionRepository
2026-03-01 12:15:20.956 [main] DEBUG core.CommandManager - В команду save внедрен FileStorage
2026-03-01 12:15:20.957 [main] INFO  core.CommandManager - Команда save зарегистрирована
2026-03-01 12:15:20.957 [main] DEBUG core.CommandManager - Регистрация новой команды: execute_script
2026-03-01 12:15:20.957 [main] DEBUG core.CommandManager - В команду execute_script внедрен ExecuteContext
2026-03-01 12:15:20.957 [main] INFO  core.CommandManager - Команда execute_script зарегистрирована
2026-03-01 12:15:20.997 [main] INFO  core.CollectionManager - В коллекцию добавлен новый продукт models.Product@7ac296f6
2026-03-01 12:15:20.998 [main] INFO  core.CollectionManager - Инициализация коллекции, последний id: 1, дата: 2026-02-19T22:56:27.094039103
2026-03-01 12:15:20.999 [main] INFO  io.FileManager - Коллекция из файла test.csv успешно загружена
2026-03-01 12:15:30.753 [main] DEBUG core.CommandManager - Начало выполнения команды help
2026-03-01 12:15:30.754 [main] INFO  core.CommandManager - Команда help успешно выполнилась
2026-03-01 12:15:30.754 [main] INFO  core.CommandManager - Команда help добавлена в историю
2026-03-01 12:15:37.020 [main] DEBUG core.CommandManager - Начало выполнения команды execute_script
2026-03-01 12:15:37.021 [main] INFO  io.InputReader - В очередь добавлен новый скрипт test
2026-03-01 12:15:37.021 [main] INFO  core.CommandManager - Команда execute_script успешно выполнилась
2026-03-01 12:15:37.021 [main] INFO  core.CommandManager - Команда execute_script добавлена в историю
2026-03-01 12:15:37.022 [main] DEBUG core.CommandManager - Начало выполнения команды show
2026-03-01 12:15:37.033 [main] INFO  core.CommandManager - Команда show успешно выполнилась
2026-03-01 12:15:37.033 [main] INFO  core.CommandManager - Команда show добавлена в историю
2026-03-01 12:15:37.033 [main] WARN  core.CommandManager - Пользователь ввел некорректную команду sfg
2026-03-01 12:15:37.034 [main] DEBUG core.CommandManager - Начало выполнения команды add
2026-03-01 12:15:37.035 [main] INFO  utility.Form - У пользователя запрашивается название типа String
2026-03-01 12:15:37.036 [main] INFO  utility.Form - У пользователя запрашивается координату по X типа Long
2026-03-01 12:15:37.036 [main] ERROR core.CommandManager - Ошибка выполнения скрипта
exceptions.ScriptExecutionException: Ожидались данные типа Long
	at utility.Form.ask(Form.java:54)
	at utility.ProductForm.getProduct(ProductForm.java:31)
	at commands.AddCommand.execute(AddCommand.java:28)
	at core.CommandManager.execute(CommandManager.java:69)
	at io.InputReader.interactive(InputReader.java:83)
	at Main.main(Main.java:42)
2026-03-01 12:15:37.038 [main] DEBUG core.CommandManager - Начало выполнения команды help
2026-03-01 12:15:37.039 [main] INFO  core.CommandManager - Команда help успешно выполнилась
2026-03-01 12:15:37.039 [main] INFO  core.CommandManager - Команда help добавлена в историю
2026-03-01 12:15:37.039 [main] INFO  io.InputReader - Скрипт test завершен, возвращение к предыдущему источнику
2026-03-01 12:15:45.007 [main] DEBUG core.CommandManager - Начало выполнения команды execute_script
2026-03-01 12:15:45.007 [main] INFO  io.InputReader - В очередь добавлен новый скрипт sample
2026-03-01 12:15:45.007 [main] INFO  core.CommandManager - Команда execute_script успешно выполнилась
2026-03-01 12:15:45.008 [main] INFO  core.CommandManager - Команда execute_script добавлена в историю
2026-03-01 12:15:45.008 [main] DEBUG core.CommandManager - Начало выполнения команды info
2026-03-01 12:15:45.009 [main] INFO  core.CommandManager - Команда info успешно выполнилась
2026-03-01 12:15:45.009 [main] INFO  core.CommandManager - Команда info добавлена в историю
2026-03-01 12:15:45.009 [main] DEBUG core.CommandManager - Начало выполнения команды help
2026-03-01 12:15:45.010 [main] INFO  core.CommandManager - Команда help успешно выполнилась
2026-03-01 12:15:45.010 [main] INFO  core.CommandManager - Команда help добавлена в историю
2026-03-01 12:15:45.010 [main] DEBUG core.CommandManager - Начало выполнения команды execute_script
2026-03-01 12:15:45.010 [main] INFO  io.InputReader - В очередь добавлен новый скрипт test
2026-03-01 12:15:45.010 [main] INFO  core.CommandManager - Команда execute_script успешно выполнилась
2026-03-01 12:15:45.010 [main] INFO  core.CommandManager - Команда execute_script добавлена в историю
2026-03-01 12:15:45.011 [main] DEBUG core.CommandManager - Начало выполнения команды show
2026-03-01 12:15:45.011 [main] INFO  core.CommandManager - Команда show успешно выполнилась
2026-03-01 12:15:45.011 [main] INFO  core.CommandManager - Команда show добавлена в историю
2026-03-01 12:15:45.011 [main] WARN  core.CommandManager - Пользователь ввел некорректную команду sfg
2026-03-01 12:15:45.012 [main] DEBUG core.CommandManager - Начало выполнения команды add
2026-03-01 12:15:45.012 [main] INFO  utility.Form - У пользователя запрашивается название типа String
2026-03-01 12:15:45.012 [main] INFO  utility.Form - У пользователя запрашивается координату по X типа Long
2026-03-01 12:15:45.012 [main] ERROR core.CommandManager - Ошибка выполнения скрипта
exceptions.ScriptExecutionException: Ожидались данные типа Long
	at utility.Form.ask(Form.java:54)
	at utility.ProductForm.getProduct(ProductForm.java:31)
	at commands.AddCommand.execute(AddCommand.java:28)
	at core.CommandManager.execute(CommandManager.java:69)
	at io.InputReader.interactive(InputReader.java:83)
	at Main.main(Main.java:42)
2026-03-01 12:15:45.012 [main] DEBUG core.CommandManager - Начало выполнения команды help
2026-03-01 12:15:45.013 [main] INFO  core.CommandManager - Команда help успешно выполнилась
2026-03-01 12:15:45.013 [main] INFO  core.CommandManager - Команда help добавлена в историю
2026-03-01 12:15:45.013 [main] INFO  io.InputReader - Скрипт test завершен, возвращение к предыдущему источнику
2026-03-01 12:15:45.013 [main] WARN  core.CommandManager - Пользователь ввел некорректную команду hello
2026-03-01 12:15:45.013 [main] WARN  core.CommandManager - Пользователь ввел некорректную команду dfg
2026-03-01 12:15:45.014 [main] WARN  core.CommandManager - Пользователь ввел некорректную команду sfgf
2026-03-01 12:15:45.014 [main] INFO  io.InputReader - Скрипт sample завершен, возвращение к предыдущему источнику
2026-03-01 12:15:52.112 [main] DEBUG core.CommandManager - Начало выполнения команды exit
2026-03-01 12:15:52.112 [main] INFO  core.CommandManager - Завершение программы
exceptions.ExitException: Завершение программы...
	at commands.ExitCommand.execute(ExitCommand.java:15)
	at core.CommandManager.execute(CommandManager.java:69)
	at io.InputReader.interactive(InputReader.java:83)
	at Main.main(Main.java:42)
