2026-03-01 11:56:12.448 [main] DEBUG core.CommandManager - Регистрация новой команды: help
2026-03-01 11:56:12.452 [main] DEBUG core.CommandManager - В команду help внедрен CommandRegistry
2026-03-01 11:56:12.452 [main] INFO  core.CommandManager - Команда help зарегистрирована
2026-03-01 11:56:12.453 [main] DEBUG core.CommandManager - Регистрация новой команды: info
2026-03-01 11:56:12.453 [main] DEBUG core.CommandManager - В команду info внедрен CollectionRepository
2026-03-01 11:56:12.453 [main] INFO  core.CommandManager - Команда info зарегистрирована
2026-03-01 11:56:12.453 [main] DEBUG core.CommandManager - Регистрация новой команды: exit
2026-03-01 11:56:12.453 [main] INFO  core.CommandManager - Команда exit зарегистрирована
2026-03-01 11:56:12.453 [main] DEBUG core.CommandManager - Регистрация новой команды: add
2026-03-01 11:56:12.453 [main] DEBUG core.CommandManager - В команду add внедрен CollectionRepository
2026-03-01 11:56:12.453 [main] DEBUG core.CommandManager - В команду add внедрен UserInput
2026-03-01 11:56:12.453 [main] DEBUG core.CommandManager - В команду add внедрен ExecuteContext
2026-03-01 11:56:12.453 [main] INFO  core.CommandManager - Команда add зарегистрирована
2026-03-01 11:56:12.453 [main] DEBUG core.CommandManager - Регистрация новой команды: clear
2026-03-01 11:56:12.453 [main] DEBUG core.CommandManager - В команду clear внедрен CollectionRepository
2026-03-01 11:56:12.454 [main] INFO  core.CommandManager - Команда clear зарегистрирована
2026-03-01 11:56:12.454 [main] DEBUG core.CommandManager - Регистрация новой команды: show
2026-03-01 11:56:12.454 [main] DEBUG core.CommandManager - В команду show внедрен CollectionRepository
2026-03-01 11:56:12.454 [main] INFO  core.CommandManager - Команда show зарегистрирована
2026-03-01 11:56:12.454 [main] DEBUG core.CommandManager - Регистрация новой команды: update
2026-03-01 11:56:12.454 [main] DEBUG core.CommandManager - В команду update внедрен CollectionRepository
2026-03-01 11:56:12.454 [main] DEBUG core.CommandManager - В команду update внедрен UserInput
2026-03-01 11:56:12.454 [main] DEBUG core.CommandManager - В команду update внедрен ExecuteContext
2026-03-01 11:56:12.454 [main] INFO  core.CommandManager - Команда update зарегистрирована
2026-03-01 11:56:12.454 [main] DEBUG core.CommandManager - Регистрация новой команды: remove_by_id
2026-03-01 11:56:12.454 [main] DEBUG core.CommandManager - В команду remove_by_id внедрен CollectionRepository
2026-03-01 11:56:12.454 [main] INFO  core.CommandManager - Команда remove_by_id зарегистрирована
2026-03-01 11:56:12.454 [main] DEBUG core.CommandManager - Регистрация новой команды: history
2026-03-01 11:56:12.454 [main] DEBUG core.CommandManager - В команду history внедрен CommandRegistry
2026-03-01 11:56:12.455 [main] INFO  core.CommandManager - Команда history зарегистрирована
2026-03-01 11:56:12.455 [main] DEBUG core.CommandManager - Регистрация новой команды: sort
2026-03-01 11:56:12.455 [main] DEBUG core.CommandManager - В команду sort внедрен CollectionRepository
2026-03-01 11:56:12.455 [main] INFO  core.CommandManager - Команда sort зарегистрирована
2026-03-01 11:56:12.455 [main] DEBUG core.CommandManager - Регистрация новой команды: shuffle
2026-03-01 11:56:12.455 [main] DEBUG core.CommandManager - В команду shuffle внедрен CollectionRepository
2026-03-01 11:56:12.455 [main] INFO  core.CommandManager - Команда shuffle зарегистрирована
2026-03-01 11:56:12.455 [main] DEBUG core.CommandManager - Регистрация новой команды: sum_of_price
2026-03-01 11:56:12.455 [main] DEBUG core.CommandManager - В команду sum_of_price внедрен CollectionRepository
2026-03-01 11:56:12.455 [main] INFO  core.CommandManager - Команда sum_of_price зарегистрирована
2026-03-01 11:56:12.455 [main] DEBUG core.CommandManager - Регистрация новой команды: average_of_price
2026-03-01 11:56:12.457 [main] DEBUG core.CommandManager - В команду average_of_price внедрен CollectionRepository
2026-03-01 11:56:12.457 [main] INFO  core.CommandManager - Команда average_of_price зарегистрирована
2026-03-01 11:56:12.457 [main] DEBUG core.CommandManager - Регистрация новой команды: filter_starts_with_name
2026-03-01 11:56:12.457 [main] DEBUG core.CommandManager - В команду filter_starts_with_name внедрен CollectionRepository
2026-03-01 11:56:12.457 [main] INFO  core.CommandManager - Команда filter_starts_with_name зарегистрирована
2026-03-01 11:56:12.457 [main] DEBUG core.CommandManager - Регистрация новой команды: save
2026-03-01 11:56:12.457 [main] DEBUG core.CommandManager - В команду save внедрен CollectionRepository
2026-03-01 11:56:12.457 [main] DEBUG core.CommandManager - В команду save внедрен FileStorage
2026-03-01 11:56:12.458 [main] INFO  core.CommandManager - Команда save зарегистрирована
2026-03-01 11:56:12.458 [main] DEBUG core.CommandManager - Регистрация новой команды: execute_script
2026-03-01 11:56:12.458 [main] DEBUG core.CommandManager - В команду execute_script внедрен ExecuteContext
2026-03-01 11:56:12.458 [main] INFO  core.CommandManager - Команда execute_script зарегистрирована
2026-03-01 11:56:12.494 [main] INFO  core.CollectionManager - В коллекцию добавлен новый продукт models.Product@2eea88a1
2026-03-01 11:56:12.495 [main] INFO  core.CollectionManager - Инициализация коллекции, последний id: 1, дата: 2026-02-19T22:56:27.094039103
2026-03-01 11:56:12.495 [main] INFO  io.FileManager - Коллекция из файла test.csv успешно загружена
2026-03-01 11:56:22.023 [main] DEBUG core.CommandManager - Начало выполнения команды execute_script
2026-03-01 11:56:22.024 [main] INFO  io.InputReader - В очередь добавлен новый скрипт sample
2026-03-01 11:56:22.024 [main] INFO  core.CommandManager - Команда execute_script успешно выполнилась
2026-03-01 11:56:22.025 [main] INFO  core.CommandManager - Команда execute_script добавлена в историю
2026-03-01 11:56:22.025 [main] DEBUG core.CommandManager - Начало выполнения команды info
2026-03-01 11:56:22.026 [main] INFO  core.CommandManager - Команда info успешно выполнилась
2026-03-01 11:56:22.027 [main] INFO  core.CommandManager - Команда info добавлена в историю
2026-03-01 11:56:22.027 [main] DEBUG core.CommandManager - Начало выполнения команды help
2026-03-01 11:56:22.028 [main] INFO  core.CommandManager - Команда help успешно выполнилась
2026-03-01 11:56:22.028 [main] INFO  core.CommandManager - Команда help добавлена в историю
2026-03-01 11:56:22.029 [main] DEBUG core.CommandManager - Начало выполнения команды execute_script
2026-03-01 11:56:22.029 [main] INFO  io.InputReader - В очередь добавлен новый скрипт test
2026-03-01 11:56:22.029 [main] INFO  core.CommandManager - Команда execute_script успешно выполнилась
2026-03-01 11:56:22.029 [main] INFO  core.CommandManager - Команда execute_script добавлена в историю
2026-03-01 11:56:22.030 [main] DEBUG core.CommandManager - Начало выполнения команды show
2026-03-01 11:56:22.043 [main] INFO  core.CommandManager - Команда show успешно выполнилась
2026-03-01 11:56:22.044 [main] INFO  core.CommandManager - Команда show добавлена в историю
2026-03-01 11:56:22.044 [main] WARN  core.CommandManager - Пользователь ввел некорректную команду sfg
2026-03-01 11:56:22.045 [main] DEBUG core.CommandManager - Начало выполнения команды add
2026-03-01 11:56:22.046 [main] INFO  utility.Form - У пользователя запрашивается название типа String
2026-03-01 11:56:22.047 [main] INFO  utility.Form - У пользователя запрашивается координату по X типа Long
2026-03-01 11:56:22.048 [main] ERROR core.CommandManager - Ошибка выполнения скрипта
exceptions.ScriptExecutionException: Ожидались данные типа Long
	at utility.Form.ask(Form.java:54)
	at utility.ProductForm.getProduct(ProductForm.java:31)
	at commands.AddCommand.execute(AddCommand.java:28)
	at core.CommandManager.execute(CommandManager.java:69)
	at io.InputReader.interactive(InputReader.java:65)
	at Main.main(Main.java:42)
2026-03-01 11:56:22.050 [main] DEBUG core.CommandManager - Начало выполнения команды help
2026-03-01 11:56:22.051 [main] INFO  core.CommandManager - Команда help успешно выполнилась
2026-03-01 11:56:22.051 [main] INFO  core.CommandManager - Команда help добавлена в историю
2026-03-01 11:56:22.051 [main] INFO  io.InputReader - Скрипт завершен, возвращение к предыдущему источнику
2026-03-01 11:56:22.051 [main] WARN  core.CommandManager - Пользователь ввел некорректную команду hello
2026-03-01 11:56:22.051 [main] WARN  core.CommandManager - Пользователь ввел некорректную команду dfg
2026-03-01 11:56:22.051 [main] WARN  core.CommandManager - Пользователь ввел некорректную команду sfgf
2026-03-01 11:56:22.052 [main] INFO  io.InputReader - Скрипт завершен, возвращение к предыдущему источнику
