2026-02-28 21:58:38.204 [main] DEBUG core.CommandManager - Регистрация новой команды: help
2026-02-28 21:58:38.212 [main] DEBUG core.CommandManager - В команду help внедрен CommandRegistry
2026-02-28 21:58:38.213 [main] INFO  core.CommandManager - Команда help зарегистрирована
2026-02-28 21:58:38.213 [main] DEBUG core.CommandManager - Регистрация новой команды: info
2026-02-28 21:58:38.214 [main] DEBUG core.CommandManager - В команду info внедрен CollectionRepository
2026-02-28 21:58:38.214 [main] INFO  core.CommandManager - Команда info зарегистрирована
2026-02-28 21:58:38.214 [main] DEBUG core.CommandManager - Регистрация новой команды: exit
2026-02-28 21:58:38.214 [main] INFO  core.CommandManager - Команда exit зарегистрирована
2026-02-28 21:58:38.214 [main] DEBUG core.CommandManager - Регистрация новой команды: add
2026-02-28 21:58:38.214 [main] DEBUG core.CommandManager - В команду add внедрен CollectionRepository
2026-02-28 21:58:38.214 [main] DEBUG core.CommandManager - В команду add внедрен UserInput
2026-02-28 21:58:38.215 [main] DEBUG core.CommandManager - В команду add внедрен ExecuteContext
2026-02-28 21:58:38.215 [main] INFO  core.CommandManager - Команда add зарегистрирована
2026-02-28 21:58:38.215 [main] DEBUG core.CommandManager - Регистрация новой команды: clear
2026-02-28 21:58:38.215 [main] DEBUG core.CommandManager - В команду clear внедрен CollectionRepository
2026-02-28 21:58:38.215 [main] INFO  core.CommandManager - Команда clear зарегистрирована
2026-02-28 21:58:38.215 [main] DEBUG core.CommandManager - Регистрация новой команды: show
2026-02-28 21:58:38.215 [main] DEBUG core.CommandManager - В команду show внедрен CollectionRepository
2026-02-28 21:58:38.215 [main] INFO  core.CommandManager - Команда show зарегистрирована
2026-02-28 21:58:38.216 [main] DEBUG core.CommandManager - Регистрация новой команды: update
2026-02-28 21:58:38.216 [main] DEBUG core.CommandManager - В команду update внедрен CollectionRepository
2026-02-28 21:58:38.216 [main] DEBUG core.CommandManager - В команду update внедрен UserInput
2026-02-28 21:58:38.216 [main] DEBUG core.CommandManager - В команду update внедрен ExecuteContext
2026-02-28 21:58:38.216 [main] INFO  core.CommandManager - Команда update зарегистрирована
2026-02-28 21:58:38.216 [main] DEBUG core.CommandManager - Регистрация новой команды: remove_by_id
2026-02-28 21:58:38.216 [main] DEBUG core.CommandManager - В команду remove_by_id внедрен CollectionRepository
2026-02-28 21:58:38.217 [main] INFO  core.CommandManager - Команда remove_by_id зарегистрирована
2026-02-28 21:58:38.217 [main] DEBUG core.CommandManager - Регистрация новой команды: history
2026-02-28 21:58:38.217 [main] DEBUG core.CommandManager - В команду history внедрен CommandRegistry
2026-02-28 21:58:38.217 [main] INFO  core.CommandManager - Команда history зарегистрирована
2026-02-28 21:58:38.217 [main] DEBUG core.CommandManager - Регистрация новой команды: sort
2026-02-28 21:58:38.217 [main] DEBUG core.CommandManager - В команду sort внедрен CollectionRepository
2026-02-28 21:58:38.217 [main] INFO  core.CommandManager - Команда sort зарегистрирована
2026-02-28 21:58:38.217 [main] DEBUG core.CommandManager - Регистрация новой команды: shuffle
2026-02-28 21:58:38.218 [main] DEBUG core.CommandManager - В команду shuffle внедрен CollectionRepository
2026-02-28 21:58:38.218 [main] INFO  core.CommandManager - Команда shuffle зарегистрирована
2026-02-28 21:58:38.218 [main] DEBUG core.CommandManager - Регистрация новой команды: sum_of_price
2026-02-28 21:58:38.218 [main] DEBUG core.CommandManager - В команду sum_of_price внедрен CollectionRepository
2026-02-28 21:58:38.218 [main] INFO  core.CommandManager - Команда sum_of_price зарегистрирована
2026-02-28 21:58:38.218 [main] DEBUG core.CommandManager - Регистрация новой команды: average_of_price
2026-02-28 21:58:38.221 [main] DEBUG core.CommandManager - В команду average_of_price внедрен CollectionRepository
2026-02-28 21:58:38.221 [main] INFO  core.CommandManager - Команда average_of_price зарегистрирована
2026-02-28 21:58:38.221 [main] DEBUG core.CommandManager - Регистрация новой команды: filter_starts_with_name
2026-02-28 21:58:38.222 [main] DEBUG core.CommandManager - В команду filter_starts_with_name внедрен CollectionRepository
2026-02-28 21:58:38.222 [main] INFO  core.CommandManager - Команда filter_starts_with_name зарегистрирована
2026-02-28 21:58:38.222 [main] DEBUG core.CommandManager - Регистрация новой команды: save
2026-02-28 21:58:38.222 [main] DEBUG core.CommandManager - В команду save внедрен CollectionRepository
2026-02-28 21:58:38.222 [main] DEBUG core.CommandManager - В команду save внедрен FileStorage
2026-02-28 21:58:38.222 [main] INFO  core.CommandManager - Команда save зарегистрирована
2026-02-28 21:58:38.223 [main] DEBUG core.CommandManager - Регистрация новой команды: execute_script
2026-02-28 21:58:38.223 [main] DEBUG core.CommandManager - В команду execute_script внедрен ExecuteContext
2026-02-28 21:58:38.223 [main] DEBUG core.CommandManager - В команду execute_script внедрен UserInput
2026-02-28 21:58:38.223 [main] INFO  core.CommandManager - Команда execute_script зарегистрирована
2026-02-28 21:58:38.286 [main] INFO  core.CollectionManager - В коллекцию добавлен новый продукт models.Product@2eea88a1
2026-02-28 21:58:38.288 [main] INFO  core.CollectionManager - Инициализация коллекции, последний id: 1, дата: 2026-02-19T22:56:27.094039103
2026-02-28 21:58:38.288 [main] INFO  io.FileManager - Коллекция из файла test.csv успешно загружена
2026-02-28 21:58:49.309 [main] DEBUG core.CommandManager - Начало выполнения команды execute_script
2026-02-28 21:58:49.309 [main] DEBUG io.Reader - Поток ввода обновился
2026-02-28 21:58:49.310 [main] INFO  commands.ExecuteScriptCommand - Начало выполнение скрипта
2026-02-28 21:58:49.310 [main] DEBUG io.Reader - Добавился вложенный скрипт
2026-02-28 21:58:49.310 [main] DEBUG core.CommandManager - Начало выполнения команды info
2026-02-28 21:58:49.311 [main] INFO  core.CommandManager - Команда info успешно выполнилась
2026-02-28 21:58:49.311 [main] INFO  core.CommandManager - Команда info добавлена в историю
2026-02-28 21:58:49.312 [main] DEBUG core.CommandManager - Начало выполнения команды help
2026-02-28 21:58:49.312 [main] INFO  core.CommandManager - Команда help успешно выполнилась
2026-02-28 21:58:49.312 [main] INFO  core.CommandManager - Команда help добавлена в историю
2026-02-28 21:58:49.313 [main] DEBUG core.CommandManager - Начало выполнения команды execute_script
2026-02-28 21:58:49.313 [main] DEBUG io.Reader - Поток ввода обновился
2026-02-28 21:58:49.313 [main] INFO  commands.ExecuteScriptCommand - Начало выполнение скрипта
2026-02-28 21:58:49.313 [main] DEBUG io.Reader - Добавился вложенный скрипт
2026-02-28 21:58:49.314 [main] DEBUG core.CommandManager - Начало выполнения команды show
2026-02-28 21:58:49.326 [main] INFO  core.CommandManager - Команда show успешно выполнилась
2026-02-28 21:58:49.326 [main] INFO  core.CommandManager - Команда show добавлена в историю
2026-02-28 21:58:49.326 [main] INFO  io.Reader - Получен конец ввода
2026-02-28 21:58:49.326 [main] INFO  commands.ExecuteScriptCommand - Скрипт завершен
2026-02-28 21:58:49.326 [main] DEBUG io.Reader - Поток ввода обновился
2026-02-28 21:58:49.327 [main] DEBUG io.Reader - Один вложенный скрипт завершился
2026-02-28 21:58:49.327 [main] INFO  core.CommandManager - Команда execute_script успешно выполнилась
2026-02-28 21:58:49.327 [main] INFO  core.CommandManager - Команда execute_script добавлена в историю
2026-02-28 21:58:49.327 [main] INFO  io.Reader - Получен конец ввода
2026-02-28 21:58:49.327 [main] INFO  commands.ExecuteScriptCommand - Скрипт завершен
2026-02-28 21:58:49.327 [main] DEBUG io.Reader - Поток ввода обновился
2026-02-28 21:58:49.327 [main] DEBUG io.Reader - Один вложенный скрипт завершился
2026-02-28 21:58:49.327 [main] INFO  core.CommandManager - Команда execute_script успешно выполнилась
2026-02-28 21:58:49.327 [main] INFO  core.CommandManager - Команда execute_script добавлена в историю
