2026-02-28 22:04:05.662 [main] DEBUG core.CommandManager - Начало выполнения команды exit
2026-02-28 22:04:05.667 [main] INFO  core.CommandManager - Завершение программы через exit
2026-02-28 22:04:56.263 [main] DEBUG core.CommandManager - Регистрация новой команды: help
2026-02-28 22:04:56.267 [main] DEBUG core.CommandManager - В команду help внедрен CommandRegistry
2026-02-28 22:04:56.268 [main] INFO  core.CommandManager - Команда help зарегистрирована
2026-02-28 22:04:56.268 [main] DEBUG core.CommandManager - Регистрация новой команды: info
2026-02-28 22:04:56.268 [main] DEBUG core.CommandManager - В команду info внедрен CollectionRepository
2026-02-28 22:04:56.269 [main] INFO  core.CommandManager - Команда info зарегистрирована
2026-02-28 22:04:56.269 [main] DEBUG core.CommandManager - Регистрация новой команды: exit
2026-02-28 22:04:56.269 [main] INFO  core.CommandManager - Команда exit зарегистрирована
2026-02-28 22:04:56.269 [main] DEBUG core.CommandManager - Регистрация новой команды: add
2026-02-28 22:04:56.269 [main] DEBUG core.CommandManager - В команду add внедрен CollectionRepository
2026-02-28 22:04:56.270 [main] DEBUG core.CommandManager - В команду add внедрен UserInput
2026-02-28 22:04:56.270 [main] DEBUG core.CommandManager - В команду add внедрен ExecuteContext
2026-02-28 22:04:56.270 [main] INFO  core.CommandManager - Команда add зарегистрирована
2026-02-28 22:04:56.270 [main] DEBUG core.CommandManager - Регистрация новой команды: clear
2026-02-28 22:04:56.270 [main] DEBUG core.CommandManager - В команду clear внедрен CollectionRepository
2026-02-28 22:04:56.270 [main] INFO  core.CommandManager - Команда clear зарегистрирована
2026-02-28 22:04:56.270 [main] DEBUG core.CommandManager - Регистрация новой команды: show
2026-02-28 22:04:56.270 [main] DEBUG core.CommandManager - В команду show внедрен CollectionRepository
2026-02-28 22:04:56.270 [main] INFO  core.CommandManager - Команда show зарегистрирована
2026-02-28 22:04:56.271 [main] DEBUG core.CommandManager - Регистрация новой команды: update
2026-02-28 22:04:56.271 [main] DEBUG core.CommandManager - В команду update внедрен CollectionRepository
2026-02-28 22:04:56.271 [main] DEBUG core.CommandManager - В команду update внедрен UserInput
2026-02-28 22:04:56.271 [main] DEBUG core.CommandManager - В команду update внедрен ExecuteContext
2026-02-28 22:04:56.271 [main] INFO  core.CommandManager - Команда update зарегистрирована
2026-02-28 22:04:56.271 [main] DEBUG core.CommandManager - Регистрация новой команды: remove_by_id
2026-02-28 22:04:56.272 [main] DEBUG core.CommandManager - В команду remove_by_id внедрен CollectionRepository
2026-02-28 22:04:56.272 [main] INFO  core.CommandManager - Команда remove_by_id зарегистрирована
2026-02-28 22:04:56.272 [main] DEBUG core.CommandManager - Регистрация новой команды: history
2026-02-28 22:04:56.272 [main] DEBUG core.CommandManager - В команду history внедрен CommandRegistry
2026-02-28 22:04:56.273 [main] INFO  core.CommandManager - Команда history зарегистрирована
2026-02-28 22:04:56.273 [main] DEBUG core.CommandManager - Регистрация новой команды: sort
2026-02-28 22:04:56.273 [main] DEBUG core.CommandManager - В команду sort внедрен CollectionRepository
2026-02-28 22:04:56.273 [main] INFO  core.CommandManager - Команда sort зарегистрирована
2026-02-28 22:04:56.273 [main] DEBUG core.CommandManager - Регистрация новой команды: shuffle
2026-02-28 22:04:56.273 [main] DEBUG core.CommandManager - В команду shuffle внедрен CollectionRepository
2026-02-28 22:04:56.274 [main] INFO  core.CommandManager - Команда shuffle зарегистрирована
2026-02-28 22:04:56.274 [main] DEBUG core.CommandManager - Регистрация новой команды: sum_of_price
2026-02-28 22:04:56.274 [main] DEBUG core.CommandManager - В команду sum_of_price внедрен CollectionRepository
2026-02-28 22:04:56.274 [main] INFO  core.CommandManager - Команда sum_of_price зарегистрирована
2026-02-28 22:04:56.274 [main] DEBUG core.CommandManager - Регистрация новой команды: average_of_price
2026-02-28 22:04:56.277 [main] DEBUG core.CommandManager - В команду average_of_price внедрен CollectionRepository
2026-02-28 22:04:56.277 [main] INFO  core.CommandManager - Команда average_of_price зарегистрирована
2026-02-28 22:04:56.277 [main] DEBUG core.CommandManager - Регистрация новой команды: filter_starts_with_name
2026-02-28 22:04:56.277 [main] DEBUG core.CommandManager - В команду filter_starts_with_name внедрен CollectionRepository
2026-02-28 22:04:56.277 [main] INFO  core.CommandManager - Команда filter_starts_with_name зарегистрирована
2026-02-28 22:04:56.278 [main] DEBUG core.CommandManager - Регистрация новой команды: save
2026-02-28 22:04:56.278 [main] DEBUG core.CommandManager - В команду save внедрен CollectionRepository
2026-02-28 22:04:56.278 [main] DEBUG core.CommandManager - В команду save внедрен FileStorage
2026-02-28 22:04:56.278 [main] INFO  core.CommandManager - Команда save зарегистрирована
2026-02-28 22:04:56.278 [main] DEBUG core.CommandManager - Регистрация новой команды: execute_script
2026-02-28 22:04:56.279 [main] DEBUG core.CommandManager - В команду execute_script внедрен ExecuteContext
2026-02-28 22:04:56.279 [main] DEBUG core.CommandManager - В команду execute_script внедрен UserInput
2026-02-28 22:04:56.279 [main] INFO  core.CommandManager - Команда execute_script зарегистрирована
2026-02-28 22:04:56.335 [main] INFO  core.CollectionManager - В коллекцию добавлен новый продукт models.Product@7f2cfe3f
2026-02-28 22:04:56.337 [main] INFO  core.CollectionManager - Инициализация коллекции, последний id: 1, дата: 2026-02-19T22:56:27.094039103
2026-02-28 22:04:56.337 [main] INFO  io.FileManager - Коллекция из файла test.csv успешно загружена
