2026-02-28 21:43:39.274 [main] DEBUG core.CommandManager - Регистрация новой команды: help
2026-02-28 21:43:39.287 [main] DEBUG core.CommandManager - В команду help внедрен CommandRegistry
2026-02-28 21:43:39.288 [main] INFO  core.CommandManager - Команда help зарегистрирована
2026-02-28 21:43:39.288 [main] DEBUG core.CommandManager - Регистрация новой команды: info
2026-02-28 21:43:39.289 [main] DEBUG core.CommandManager - В команду info внедрен CollectionRepository
2026-02-28 21:43:39.289 [main] INFO  core.CommandManager - Команда info зарегистрирована
2026-02-28 21:43:39.289 [main] DEBUG core.CommandManager - Регистрация новой команды: exit
2026-02-28 21:43:39.289 [main] INFO  core.CommandManager - Команда exit зарегистрирована
2026-02-28 21:43:39.289 [main] DEBUG core.CommandManager - Регистрация новой команды: add
2026-02-28 21:43:39.290 [main] DEBUG core.CommandManager - В команду add внедрен CollectionRepository
2026-02-28 21:43:39.290 [main] DEBUG core.CommandManager - В команду add внедрен UserInput
2026-02-28 21:43:39.290 [main] DEBUG core.CommandManager - В команду add внедрен ExecuteContext
2026-02-28 21:43:39.290 [main] INFO  core.CommandManager - Команда add зарегистрирована
2026-02-28 21:43:39.290 [main] DEBUG core.CommandManager - Регистрация новой команды: clear
2026-02-28 21:43:39.291 [main] DEBUG core.CommandManager - В команду clear внедрен CollectionRepository
2026-02-28 21:43:39.291 [main] INFO  core.CommandManager - Команда clear зарегистрирована
2026-02-28 21:43:39.292 [main] DEBUG core.CommandManager - Регистрация новой команды: show
2026-02-28 21:43:39.292 [main] DEBUG core.CommandManager - В команду show внедрен CollectionRepository
2026-02-28 21:43:39.292 [main] INFO  core.CommandManager - Команда show зарегистрирована
2026-02-28 21:43:39.292 [main] DEBUG core.CommandManager - Регистрация новой команды: update
2026-02-28 21:43:39.293 [main] DEBUG core.CommandManager - В команду update внедрен CollectionRepository
2026-02-28 21:43:39.293 [main] DEBUG core.CommandManager - В команду update внедрен UserInput
2026-02-28 21:43:39.293 [main] DEBUG core.CommandManager - В команду update внедрен ExecuteContext
2026-02-28 21:43:39.294 [main] INFO  core.CommandManager - Команда update зарегистрирована
2026-02-28 21:43:39.294 [main] DEBUG core.CommandManager - Регистрация новой команды: remove_by_id
2026-02-28 21:43:39.294 [main] DEBUG core.CommandManager - В команду remove_by_id внедрен CollectionRepository
2026-02-28 21:43:39.294 [main] INFO  core.CommandManager - Команда remove_by_id зарегистрирована
2026-02-28 21:43:39.294 [main] DEBUG core.CommandManager - Регистрация новой команды: history
2026-02-28 21:43:39.295 [main] DEBUG core.CommandManager - В команду history внедрен CommandRegistry
2026-02-28 21:43:39.295 [main] INFO  core.CommandManager - Команда history зарегистрирована
2026-02-28 21:43:39.295 [main] DEBUG core.CommandManager - Регистрация новой команды: sort
2026-02-28 21:43:39.295 [main] DEBUG core.CommandManager - В команду sort внедрен CollectionRepository
2026-02-28 21:43:39.295 [main] INFO  core.CommandManager - Команда sort зарегистрирована
2026-02-28 21:43:39.296 [main] DEBUG core.CommandManager - Регистрация новой команды: shuffle
2026-02-28 21:43:39.296 [main] DEBUG core.CommandManager - В команду shuffle внедрен CollectionRepository
2026-02-28 21:43:39.296 [main] INFO  core.CommandManager - Команда shuffle зарегистрирована
2026-02-28 21:43:39.296 [main] DEBUG core.CommandManager - Регистрация новой команды: sum_of_price
2026-02-28 21:43:39.296 [main] DEBUG core.CommandManager - В команду sum_of_price внедрен CollectionRepository
2026-02-28 21:43:39.296 [main] INFO  core.CommandManager - Команда sum_of_price зарегистрирована
2026-02-28 21:43:39.296 [main] DEBUG core.CommandManager - Регистрация новой команды: average_of_price
2026-02-28 21:43:39.300 [main] DEBUG core.CommandManager - В команду average_of_price внедрен CollectionRepository
2026-02-28 21:43:39.301 [main] INFO  core.CommandManager - Команда average_of_price зарегистрирована
2026-02-28 21:43:39.301 [main] DEBUG core.CommandManager - Регистрация новой команды: filter_starts_with_name
2026-02-28 21:43:39.301 [main] DEBUG core.CommandManager - В команду filter_starts_with_name внедрен CollectionRepository
2026-02-28 21:43:39.301 [main] INFO  core.CommandManager - Команда filter_starts_with_name зарегистрирована
2026-02-28 21:43:39.301 [main] DEBUG core.CommandManager - Регистрация новой команды: save
2026-02-28 21:43:39.301 [main] DEBUG core.CommandManager - В команду save внедрен CollectionRepository
2026-02-28 21:43:39.302 [main] DEBUG core.CommandManager - В команду save внедрен FileStorage
2026-02-28 21:43:39.302 [main] INFO  core.CommandManager - Команда save зарегистрирована
2026-02-28 21:43:39.302 [main] DEBUG core.CommandManager - Регистрация новой команды: execute_script
2026-02-28 21:43:39.303 [main] DEBUG core.CommandManager - В команду execute_script внедрен ExecuteContext
2026-02-28 21:43:39.303 [main] DEBUG core.CommandManager - В команду execute_script внедрен UserInput
2026-02-28 21:43:39.303 [main] INFO  core.CommandManager - Команда execute_script зарегистрирована
2026-02-28 21:43:39.395 [main] INFO  core.CollectionManager - В коллекцию добавлен новый продукт models.Product@2eea88a1
2026-02-28 21:43:39.399 [main] INFO  core.CollectionManager - Инициализация коллекции, последний id: 1, дата: 2026-02-19T22:56:27.094039103
2026-02-28 21:43:39.399 [main] INFO  io.FileManager - Коллекция из файла test.csv успешно загружена
2026-02-28 21:43:47.188 [main] DEBUG core.CommandManager - Начало выполнения команды execute_script
2026-02-28 21:43:47.189 [main] INFO  commands.ExecuteScriptCommand - Начало выполнение скрипта
2026-02-28 21:43:47.189 [main] DEBUG io.Reader - Добавился вложенный скрипт
2026-02-28 21:43:47.190 [main] DEBUG core.CommandManager - Начало выполнения команды show
2026-02-28 21:43:47.204 [main] INFO  core.CommandManager - Команда show успешно выполнилась
2026-02-28 21:43:47.204 [main] INFO  core.CommandManager - Команда show добавлена в историю
2026-02-28 21:43:47.205 [main] DEBUG core.CommandManager - Начало выполнения команды exit
2026-02-28 21:43:47.205 [main] INFO  core.CommandManager - Завершение программы через exit
2026-02-28 21:43:47.205 [main] DEBUG io.Reader - Поток ввода обновился
2026-02-28 21:43:47.205 [main] DEBUG io.Reader - Один вложенный скрипт завершился
2026-02-28 21:43:47.205 [main] INFO  commands.ExecuteScriptCommand - Скрипт завершен
2026-02-28 21:43:47.205 [main] INFO  core.CommandManager - Команда execute_script успешно выполнилась
2026-02-28 21:43:47.206 [main] INFO  core.CommandManager - Команда execute_script добавлена в историю
