2026-03-01 12:11:12.022 [main] DEBUG core.CommandManager - Регистрация новой команды: help
2026-03-01 12:11:12.030 [main] DEBUG core.CommandManager - В команду help внедрен CommandRegistry
2026-03-01 12:11:12.030 [main] INFO  core.CommandManager - Команда help зарегистрирована
2026-03-01 12:11:12.031 [main] DEBUG core.CommandManager - Регистрация новой команды: info
2026-03-01 12:11:12.031 [main] DEBUG core.CommandManager - В команду info внедрен CollectionRepository
2026-03-01 12:11:12.031 [main] INFO  core.CommandManager - Команда info зарегистрирована
2026-03-01 12:11:12.032 [main] DEBUG core.CommandManager - Регистрация новой команды: exit
2026-03-01 12:11:12.032 [main] INFO  core.CommandManager - Команда exit зарегистрирована
2026-03-01 12:11:12.032 [main] DEBUG core.CommandManager - Регистрация новой команды: add
2026-03-01 12:11:12.032 [main] DEBUG core.CommandManager - В команду add внедрен CollectionRepository
2026-03-01 12:11:12.032 [main] DEBUG core.CommandManager - В команду add внедрен UserInput
2026-03-01 12:11:12.032 [main] DEBUG core.CommandManager - В команду add внедрен ExecuteContext
2026-03-01 12:11:12.032 [main] INFO  core.CommandManager - Команда add зарегистрирована
2026-03-01 12:11:12.033 [main] DEBUG core.CommandManager - Регистрация новой команды: clear
2026-03-01 12:11:12.033 [main] DEBUG core.CommandManager - В команду clear внедрен CollectionRepository
2026-03-01 12:11:12.033 [main] INFO  core.CommandManager - Команда clear зарегистрирована
2026-03-01 12:11:12.033 [main] DEBUG core.CommandManager - Регистрация новой команды: show
2026-03-01 12:11:12.033 [main] DEBUG core.CommandManager - В команду show внедрен CollectionRepository
2026-03-01 12:11:12.033 [main] INFO  core.CommandManager - Команда show зарегистрирована
2026-03-01 12:11:12.034 [main] DEBUG core.CommandManager - Регистрация новой команды: update
2026-03-01 12:11:12.034 [main] DEBUG core.CommandManager - В команду update внедрен CollectionRepository
2026-03-01 12:11:12.034 [main] DEBUG core.CommandManager - В команду update внедрен UserInput
2026-03-01 12:11:12.034 [main] DEBUG core.CommandManager - В команду update внедрен ExecuteContext
2026-03-01 12:11:12.034 [main] INFO  core.CommandManager - Команда update зарегистрирована
2026-03-01 12:11:12.035 [main] DEBUG core.CommandManager - Регистрация новой команды: remove_by_id
2026-03-01 12:11:12.035 [main] DEBUG core.CommandManager - В команду remove_by_id внедрен CollectionRepository
2026-03-01 12:11:12.035 [main] INFO  core.CommandManager - Команда remove_by_id зарегистрирована
2026-03-01 12:11:12.035 [main] DEBUG core.CommandManager - Регистрация новой команды: history
2026-03-01 12:11:12.036 [main] DEBUG core.CommandManager - В команду history внедрен CommandRegistry
2026-03-01 12:11:12.036 [main] INFO  core.CommandManager - Команда history зарегистрирована
2026-03-01 12:11:12.036 [main] DEBUG core.CommandManager - Регистрация новой команды: sort
2026-03-01 12:11:12.036 [main] DEBUG core.CommandManager - В команду sort внедрен CollectionRepository
2026-03-01 12:11:12.036 [main] INFO  core.CommandManager - Команда sort зарегистрирована
2026-03-01 12:11:12.036 [main] DEBUG core.CommandManager - Регистрация новой команды: shuffle
2026-03-01 12:11:12.037 [main] DEBUG core.CommandManager - В команду shuffle внедрен CollectionRepository
2026-03-01 12:11:12.037 [main] INFO  core.CommandManager - Команда shuffle зарегистрирована
2026-03-01 12:11:12.037 [main] DEBUG core.CommandManager - Регистрация новой команды: sum_of_price
2026-03-01 12:11:12.037 [main] DEBUG core.CommandManager - В команду sum_of_price внедрен CollectionRepository
2026-03-01 12:11:12.037 [main] INFO  core.CommandManager - Команда sum_of_price зарегистрирована
2026-03-01 12:11:12.038 [main] DEBUG core.CommandManager - Регистрация новой команды: average_of_price
2026-03-01 12:11:12.042 [main] DEBUG core.CommandManager - В команду average_of_price внедрен CollectionRepository
2026-03-01 12:11:12.042 [main] INFO  core.CommandManager - Команда average_of_price зарегистрирована
2026-03-01 12:11:12.043 [main] DEBUG core.CommandManager - Регистрация новой команды: filter_starts_with_name
2026-03-01 12:11:12.043 [main] DEBUG core.CommandManager - В команду filter_starts_with_name внедрен CollectionRepository
2026-03-01 12:11:12.043 [main] INFO  core.CommandManager - Команда filter_starts_with_name зарегистрирована
2026-03-01 12:11:12.043 [main] DEBUG core.CommandManager - Регистрация новой команды: save
2026-03-01 12:11:12.044 [main] DEBUG core.CommandManager - В команду save внедрен CollectionRepository
2026-03-01 12:11:12.044 [main] DEBUG core.CommandManager - В команду save внедрен FileStorage
2026-03-01 12:11:12.044 [main] INFO  core.CommandManager - Команда save зарегистрирована
2026-03-01 12:11:12.044 [main] DEBUG core.CommandManager - Регистрация новой команды: execute_script
2026-03-01 12:11:12.044 [main] DEBUG core.CommandManager - В команду execute_script внедрен ExecuteContext
2026-03-01 12:11:12.044 [main] INFO  core.CommandManager - Команда execute_script зарегистрирована
2026-03-01 12:11:12.109 [main] INFO  core.CollectionManager - В коллекцию добавлен новый продукт models.Product@7ac296f6
2026-03-01 12:11:12.112 [main] INFO  core.CollectionManager - Инициализация коллекции, последний id: 1, дата: 2026-02-19T22:56:27.094039103
2026-03-01 12:11:12.112 [main] INFO  io.FileManager - Коллекция из файла test.csv успешно загружена
2026-03-01 12:11:14.938 [main] DEBUG core.CommandManager - Начало выполнения команды add
2026-03-01 12:11:14.941 [main] INFO  utility.Form - У пользователя запрашивается название типа String
2026-03-01 12:11:15.391 [main] INFO  core.CommandManager - Завершение программы
exceptions.EndOfExecutionException: Конец ввода
	at utility.Form.ask(Form.java:52)
	at utility.ProductForm.getProduct(ProductForm.java:23)
	at commands.AddCommand.execute(AddCommand.java:28)
	at core.CommandManager.execute(CommandManager.java:69)
	at io.InputReader.interactive(InputReader.java:82)
	at Main.main(Main.java:42)
2026-03-01 12:11:17.821 [main] DEBUG core.CommandManager - Регистрация новой команды: help
2026-03-01 12:11:17.825 [main] DEBUG core.CommandManager - В команду help внедрен CommandRegistry
2026-03-01 12:11:17.825 [main] INFO  core.CommandManager - Команда help зарегистрирована
2026-03-01 12:11:17.826 [main] DEBUG core.CommandManager - Регистрация новой команды: info
2026-03-01 12:11:17.826 [main] DEBUG core.CommandManager - В команду info внедрен CollectionRepository
2026-03-01 12:11:17.826 [main] INFO  core.CommandManager - Команда info зарегистрирована
2026-03-01 12:11:17.826 [main] DEBUG core.CommandManager - Регистрация новой команды: exit
2026-03-01 12:11:17.826 [main] INFO  core.CommandManager - Команда exit зарегистрирована
2026-03-01 12:11:17.826 [main] DEBUG core.CommandManager - Регистрация новой команды: add
2026-03-01 12:11:17.827 [main] DEBUG core.CommandManager - В команду add внедрен CollectionRepository
2026-03-01 12:11:17.827 [main] DEBUG core.CommandManager - В команду add внедрен UserInput
2026-03-01 12:11:17.827 [main] DEBUG core.CommandManager - В команду add внедрен ExecuteContext
2026-03-01 12:11:17.827 [main] INFO  core.CommandManager - Команда add зарегистрирована
2026-03-01 12:11:17.827 [main] DEBUG core.CommandManager - Регистрация новой команды: clear
2026-03-01 12:11:17.827 [main] DEBUG core.CommandManager - В команду clear внедрен CollectionRepository
2026-03-01 12:11:17.828 [main] INFO  core.CommandManager - Команда clear зарегистрирована
2026-03-01 12:11:17.828 [main] DEBUG core.CommandManager - Регистрация новой команды: show
2026-03-01 12:11:17.828 [main] DEBUG core.CommandManager - В команду show внедрен CollectionRepository
2026-03-01 12:11:17.828 [main] INFO  core.CommandManager - Команда show зарегистрирована
2026-03-01 12:11:17.828 [main] DEBUG core.CommandManager - Регистрация новой команды: update
2026-03-01 12:11:17.828 [main] DEBUG core.CommandManager - В команду update внедрен CollectionRepository
2026-03-01 12:11:17.829 [main] DEBUG core.CommandManager - В команду update внедрен UserInput
2026-03-01 12:11:17.829 [main] DEBUG core.CommandManager - В команду update внедрен ExecuteContext
2026-03-01 12:11:17.829 [main] INFO  core.CommandManager - Команда update зарегистрирована
2026-03-01 12:11:17.829 [main] DEBUG core.CommandManager - Регистрация новой команды: remove_by_id
2026-03-01 12:11:17.829 [main] DEBUG core.CommandManager - В команду remove_by_id внедрен CollectionRepository
2026-03-01 12:11:17.829 [main] INFO  core.CommandManager - Команда remove_by_id зарегистрирована
2026-03-01 12:11:17.829 [main] DEBUG core.CommandManager - Регистрация новой команды: history
2026-03-01 12:11:17.830 [main] DEBUG core.CommandManager - В команду history внедрен CommandRegistry
2026-03-01 12:11:17.830 [main] INFO  core.CommandManager - Команда history зарегистрирована
2026-03-01 12:11:17.830 [main] DEBUG core.CommandManager - Регистрация новой команды: sort
2026-03-01 12:11:17.830 [main] DEBUG core.CommandManager - В команду sort внедрен CollectionRepository
2026-03-01 12:11:17.830 [main] INFO  core.CommandManager - Команда sort зарегистрирована
2026-03-01 12:11:17.830 [main] DEBUG core.CommandManager - Регистрация новой команды: shuffle
2026-03-01 12:11:17.830 [main] DEBUG core.CommandManager - В команду shuffle внедрен CollectionRepository
2026-03-01 12:11:17.830 [main] INFO  core.CommandManager - Команда shuffle зарегистрирована
2026-03-01 12:11:17.831 [main] DEBUG core.CommandManager - Регистрация новой команды: sum_of_price
2026-03-01 12:11:17.831 [main] DEBUG core.CommandManager - В команду sum_of_price внедрен CollectionRepository
2026-03-01 12:11:17.831 [main] INFO  core.CommandManager - Команда sum_of_price зарегистрирована
2026-03-01 12:11:17.831 [main] DEBUG core.CommandManager - Регистрация новой команды: average_of_price
2026-03-01 12:11:17.834 [main] DEBUG core.CommandManager - В команду average_of_price внедрен CollectionRepository
2026-03-01 12:11:17.834 [main] INFO  core.CommandManager - Команда average_of_price зарегистрирована
2026-03-01 12:11:17.834 [main] DEBUG core.CommandManager - Регистрация новой команды: filter_starts_with_name
2026-03-01 12:11:17.834 [main] DEBUG core.CommandManager - В команду filter_starts_with_name внедрен CollectionRepository
2026-03-01 12:11:17.834 [main] INFO  core.CommandManager - Команда filter_starts_with_name зарегистрирована
2026-03-01 12:11:17.834 [main] DEBUG core.CommandManager - Регистрация новой команды: save
2026-03-01 12:11:17.835 [main] DEBUG core.CommandManager - В команду save внедрен CollectionRepository
2026-03-01 12:11:17.835 [main] DEBUG core.CommandManager - В команду save внедрен FileStorage
2026-03-01 12:11:17.835 [main] INFO  core.CommandManager - Команда save зарегистрирована
2026-03-01 12:11:17.835 [main] DEBUG core.CommandManager - Регистрация новой команды: execute_script
2026-03-01 12:11:17.835 [main] DEBUG core.CommandManager - В команду execute_script внедрен ExecuteContext
2026-03-01 12:11:17.835 [main] INFO  core.CommandManager - Команда execute_script зарегистрирована
2026-03-01 12:11:17.902 [main] INFO  core.CollectionManager - В коллекцию добавлен новый продукт models.Product@1a5b6f42
2026-03-01 12:11:17.905 [main] INFO  core.CollectionManager - Инициализация коллекции, последний id: 1, дата: 2026-02-19T22:56:27.094039103
2026-03-01 12:11:17.905 [main] INFO  io.FileManager - Коллекция из файла test.csv успешно загружена
2026-03-01 12:11:23.985 [main] DEBUG core.CommandManager - Регистрация новой команды: help
2026-03-01 12:11:23.991 [main] DEBUG core.CommandManager - В команду help внедрен CommandRegistry
2026-03-01 12:11:23.992 [main] INFO  core.CommandManager - Команда help зарегистрирована
2026-03-01 12:11:23.992 [main] DEBUG core.CommandManager - Регистрация новой команды: info
2026-03-01 12:11:23.992 [main] DEBUG core.CommandManager - В команду info внедрен CollectionRepository
2026-03-01 12:11:23.993 [main] INFO  core.CommandManager - Команда info зарегистрирована
2026-03-01 12:11:23.993 [main] DEBUG core.CommandManager - Регистрация новой команды: exit
2026-03-01 12:11:23.993 [main] INFO  core.CommandManager - Команда exit зарегистрирована
2026-03-01 12:11:23.993 [main] DEBUG core.CommandManager - Регистрация новой команды: add
2026-03-01 12:11:23.993 [main] DEBUG core.CommandManager - В команду add внедрен CollectionRepository
2026-03-01 12:11:23.993 [main] DEBUG core.CommandManager - В команду add внедрен UserInput
2026-03-01 12:11:23.993 [main] DEBUG core.CommandManager - В команду add внедрен ExecuteContext
2026-03-01 12:11:23.994 [main] INFO  core.CommandManager - Команда add зарегистрирована
2026-03-01 12:11:23.994 [main] DEBUG core.CommandManager - Регистрация новой команды: clear
2026-03-01 12:11:23.994 [main] DEBUG core.CommandManager - В команду clear внедрен CollectionRepository
2026-03-01 12:11:23.994 [main] INFO  core.CommandManager - Команда clear зарегистрирована
2026-03-01 12:11:23.994 [main] DEBUG core.CommandManager - Регистрация новой команды: show
2026-03-01 12:11:23.994 [main] DEBUG core.CommandManager - В команду show внедрен CollectionRepository
2026-03-01 12:11:23.994 [main] INFO  core.CommandManager - Команда show зарегистрирована
2026-03-01 12:11:23.995 [main] DEBUG core.CommandManager - Регистрация новой команды: update
2026-03-01 12:11:23.995 [main] DEBUG core.CommandManager - В команду update внедрен CollectionRepository
2026-03-01 12:11:23.995 [main] DEBUG core.CommandManager - В команду update внедрен UserInput
2026-03-01 12:11:23.995 [main] DEBUG core.CommandManager - В команду update внедрен ExecuteContext
2026-03-01 12:11:23.996 [main] INFO  core.CommandManager - Команда update зарегистрирована
2026-03-01 12:11:23.996 [main] DEBUG core.CommandManager - Регистрация новой команды: remove_by_id
2026-03-01 12:11:23.996 [main] DEBUG core.CommandManager - В команду remove_by_id внедрен CollectionRepository
2026-03-01 12:11:23.996 [main] INFO  core.CommandManager - Команда remove_by_id зарегистрирована
2026-03-01 12:11:23.996 [main] DEBUG core.CommandManager - Регистрация новой команды: history
2026-03-01 12:11:23.996 [main] DEBUG core.CommandManager - В команду history внедрен CommandRegistry
2026-03-01 12:11:23.996 [main] INFO  core.CommandManager - Команда history зарегистрирована
2026-03-01 12:11:23.997 [main] DEBUG core.CommandManager - Регистрация новой команды: sort
2026-03-01 12:11:23.997 [main] DEBUG core.CommandManager - В команду sort внедрен CollectionRepository
2026-03-01 12:11:23.997 [main] INFO  core.CommandManager - Команда sort зарегистрирована
2026-03-01 12:11:23.997 [main] DEBUG core.CommandManager - Регистрация новой команды: shuffle
2026-03-01 12:11:23.997 [main] DEBUG core.CommandManager - В команду shuffle внедрен CollectionRepository
2026-03-01 12:11:23.997 [main] INFO  core.CommandManager - Команда shuffle зарегистрирована
2026-03-01 12:11:23.997 [main] DEBUG core.CommandManager - Регистрация новой команды: sum_of_price
2026-03-01 12:11:23.998 [main] DEBUG core.CommandManager - В команду sum_of_price внедрен CollectionRepository
2026-03-01 12:11:23.998 [main] INFO  core.CommandManager - Команда sum_of_price зарегистрирована
2026-03-01 12:11:23.998 [main] DEBUG core.CommandManager - Регистрация новой команды: average_of_price
2026-03-01 12:11:24.001 [main] DEBUG core.CommandManager - В команду average_of_price внедрен CollectionRepository
2026-03-01 12:11:24.001 [main] INFO  core.CommandManager - Команда average_of_price зарегистрирована
2026-03-01 12:11:24.001 [main] DEBUG core.CommandManager - Регистрация новой команды: filter_starts_with_name
2026-03-01 12:11:24.001 [main] DEBUG core.CommandManager - В команду filter_starts_with_name внедрен CollectionRepository
2026-03-01 12:11:24.001 [main] INFO  core.CommandManager - Команда filter_starts_with_name зарегистрирована
2026-03-01 12:11:24.001 [main] DEBUG core.CommandManager - Регистрация новой команды: save
2026-03-01 12:11:24.002 [main] DEBUG core.CommandManager - В команду save внедрен CollectionRepository
2026-03-01 12:11:24.002 [main] DEBUG core.CommandManager - В команду save внедрен FileStorage
2026-03-01 12:11:24.002 [main] INFO  core.CommandManager - Команда save зарегистрирована
2026-03-01 12:11:24.002 [main] DEBUG core.CommandManager - Регистрация новой команды: execute_script
2026-03-01 12:11:24.002 [main] DEBUG core.CommandManager - В команду execute_script внедрен ExecuteContext
2026-03-01 12:11:24.002 [main] INFO  core.CommandManager - Команда execute_script зарегистрирована
2026-03-01 12:11:24.059 [main] INFO  core.CollectionManager - В коллекцию добавлен новый продукт models.Product@1a5b6f42
2026-03-01 12:11:24.061 [main] INFO  core.CollectionManager - Инициализация коллекции, последний id: 1, дата: 2026-02-19T22:56:27.094039103
2026-03-01 12:11:24.061 [main] INFO  io.FileManager - Коллекция из файла test.csv успешно загружена
2026-03-01 12:11:32.039 [main] DEBUG core.CommandManager - Начало выполнения команды execute_script
2026-03-01 12:11:32.040 [main] INFO  io.InputReader - В очередь добавлен новый скрипт sample
2026-03-01 12:11:32.041 [main] INFO  core.CommandManager - Команда execute_script успешно выполнилась
2026-03-01 12:11:32.041 [main] INFO  core.CommandManager - Команда execute_script добавлена в историю
2026-03-01 12:11:32.042 [main] DEBUG core.CommandManager - Начало выполнения команды info
2026-03-01 12:11:32.043 [main] INFO  core.CommandManager - Команда info успешно выполнилась
2026-03-01 12:11:32.043 [main] INFO  core.CommandManager - Команда info добавлена в историю
2026-03-01 12:11:32.043 [main] DEBUG core.CommandManager - Начало выполнения команды help
2026-03-01 12:11:32.044 [main] INFO  core.CommandManager - Команда help успешно выполнилась
2026-03-01 12:11:32.044 [main] INFO  core.CommandManager - Команда help добавлена в историю
2026-03-01 12:11:32.044 [main] DEBUG core.CommandManager - Начало выполнения команды execute_script
2026-03-01 12:11:32.045 [main] INFO  io.InputReader - В очередь добавлен новый скрипт test
2026-03-01 12:11:32.045 [main] INFO  core.CommandManager - Команда execute_script успешно выполнилась
2026-03-01 12:11:32.045 [main] INFO  core.CommandManager - Команда execute_script добавлена в историю
2026-03-01 12:11:32.046 [main] DEBUG core.CommandManager - Начало выполнения команды show
2026-03-01 12:11:32.058 [main] INFO  core.CommandManager - Команда show успешно выполнилась
2026-03-01 12:11:32.058 [main] INFO  core.CommandManager - Команда show добавлена в историю
2026-03-01 12:11:32.058 [main] WARN  core.CommandManager - Пользователь ввел некорректную команду sfg
2026-03-01 12:11:32.059 [main] DEBUG core.CommandManager - Начало выполнения команды add
2026-03-01 12:11:32.060 [main] INFO  utility.Form - У пользователя запрашивается название типа String
2026-03-01 12:11:32.061 [main] INFO  utility.Form - У пользователя запрашивается координату по X типа Long
2026-03-01 12:11:32.062 [main] ERROR core.CommandManager - Ошибка выполнения скрипта
exceptions.ScriptExecutionException: Ожидались данные типа Long
	at utility.Form.ask(Form.java:54)
	at utility.ProductForm.getProduct(ProductForm.java:31)
	at commands.AddCommand.execute(AddCommand.java:28)
	at core.CommandManager.execute(CommandManager.java:69)
	at io.InputReader.interactive(InputReader.java:82)
	at Main.main(Main.java:42)
2026-03-01 12:11:32.064 [main] DEBUG core.CommandManager - Начало выполнения команды help
2026-03-01 12:11:32.065 [main] INFO  core.CommandManager - Команда help успешно выполнилась
2026-03-01 12:11:32.065 [main] INFO  core.CommandManager - Команда help добавлена в историю
2026-03-01 12:11:32.065 [main] INFO  io.InputReader - Скрипт завершен, возвращение к предыдущему источнику
2026-03-01 12:11:32.065 [main] WARN  core.CommandManager - Пользователь ввел некорректную команду hello
2026-03-01 12:11:32.065 [main] WARN  core.CommandManager - Пользователь ввел некорректную команду dfg
2026-03-01 12:11:32.065 [main] WARN  core.CommandManager - Пользователь ввел некорректную команду sfgf
2026-03-01 12:11:32.066 [main] INFO  io.InputReader - Скрипт завершен, возвращение к предыдущему источнику
2026-03-01 12:11:37.989 [main] DEBUG core.CommandManager - Начало выполнения команды clear
2026-03-01 12:11:37.989 [main] INFO  core.CollectionManager - Коллекция очищена
2026-03-01 12:11:37.989 [main] INFO  core.CommandManager - Команда clear успешно выполнилась
2026-03-01 12:11:37.990 [main] INFO  core.CommandManager - Команда clear добавлена в историю
2026-03-01 12:11:41.334 [main] DEBUG core.CommandManager - Начало выполнения команды exit
2026-03-01 12:11:41.335 [main] INFO  core.CommandManager - Завершение программы
exceptions.ExitException: Завершение программы...
	at commands.ExitCommand.execute(ExitCommand.java:15)
	at core.CommandManager.execute(CommandManager.java:69)
	at io.InputReader.interactive(InputReader.java:82)
	at Main.main(Main.java:42)
