2026-03-02 11:59:43.600 [main] INFO  core.CollectionManager - В коллекцию добавлен новый продукт models.Product@24105dc5
2026-03-02 11:59:43.610 [main] INFO  core.CollectionManager - Инициализация коллекции, последний id: 1, дата: 2026-02-19T22:56:27.094039103
2026-03-02 11:59:43.611 [main] INFO  io.FileManager - Коллекция из файла test.csv успешно загружена
2026-03-02 11:59:43.611 [main] DEBUG core.CommandManager - Регистрация новой команды: help
2026-03-02 11:59:43.613 [main] DEBUG core.CommandManager - В команду help внедрен CommandManager
2026-03-02 11:59:43.613 [main] INFO  core.CommandManager - Команда help зарегистрирована
2026-03-02 11:59:43.614 [main] DEBUG core.CommandManager - Регистрация новой команды: info
2026-03-02 11:59:43.614 [main] DEBUG core.CommandManager - В команду info внедрен CollectionManager
2026-03-02 11:59:43.614 [main] INFO  core.CommandManager - Команда info зарегистрирована
2026-03-02 11:59:43.614 [main] DEBUG core.CommandManager - Регистрация новой команды: exit
2026-03-02 11:59:43.615 [main] INFO  core.CommandManager - Команда exit зарегистрирована
2026-03-02 11:59:43.615 [main] DEBUG core.CommandManager - Регистрация новой команды: add
2026-03-02 11:59:43.615 [main] DEBUG core.CommandManager - В команду add внедрен CollectionManager
2026-03-02 11:59:43.615 [main] DEBUG core.CommandManager - В команду add внедрен InputReader
2026-03-02 11:59:43.615 [main] INFO  core.CommandManager - Команда add зарегистрирована
2026-03-02 11:59:43.615 [main] DEBUG core.CommandManager - Регистрация новой команды: clear
2026-03-02 11:59:43.616 [main] DEBUG core.CommandManager - В команду clear внедрен CollectionManager
2026-03-02 11:59:43.616 [main] INFO  core.CommandManager - Команда clear зарегистрирована
2026-03-02 11:59:43.616 [main] DEBUG core.CommandManager - Регистрация новой команды: show
2026-03-02 11:59:43.616 [main] DEBUG core.CommandManager - В команду show внедрен CollectionManager
2026-03-02 11:59:43.616 [main] INFO  core.CommandManager - Команда show зарегистрирована
2026-03-02 11:59:43.616 [main] DEBUG core.CommandManager - Регистрация новой команды: update
2026-03-02 11:59:43.616 [main] DEBUG core.CommandManager - В команду update внедрен CollectionManager
2026-03-02 11:59:43.617 [main] DEBUG core.CommandManager - В команду update внедрен InputReader
2026-03-02 11:59:43.617 [main] INFO  core.CommandManager - Команда update зарегистрирована
2026-03-02 11:59:43.617 [main] DEBUG core.CommandManager - Регистрация новой команды: remove_by_id
2026-03-02 11:59:43.617 [main] DEBUG core.CommandManager - В команду remove_by_id внедрен CollectionManager
2026-03-02 11:59:43.617 [main] INFO  core.CommandManager - Команда remove_by_id зарегистрирована
2026-03-02 11:59:43.617 [main] DEBUG core.CommandManager - Регистрация новой команды: history
2026-03-02 11:59:43.617 [main] DEBUG core.CommandManager - В команду history внедрен CommandManager
2026-03-02 11:59:43.617 [main] INFO  core.CommandManager - Команда history зарегистрирована
2026-03-02 11:59:43.617 [main] DEBUG core.CommandManager - Регистрация новой команды: sort
2026-03-02 11:59:43.618 [main] DEBUG core.CommandManager - В команду sort внедрен CollectionManager
2026-03-02 11:59:43.618 [main] INFO  core.CommandManager - Команда sort зарегистрирована
2026-03-02 11:59:43.618 [main] DEBUG core.CommandManager - Регистрация новой команды: shuffle
2026-03-02 11:59:43.618 [main] DEBUG core.CommandManager - В команду shuffle внедрен CollectionManager
2026-03-02 11:59:43.618 [main] INFO  core.CommandManager - Команда shuffle зарегистрирована
2026-03-02 11:59:43.618 [main] DEBUG core.CommandManager - Регистрация новой команды: sum_of_price
2026-03-02 11:59:43.618 [main] DEBUG core.CommandManager - В команду sum_of_price внедрен CollectionManager
2026-03-02 11:59:43.618 [main] INFO  core.CommandManager - Команда sum_of_price зарегистрирована
2026-03-02 11:59:43.619 [main] DEBUG core.CommandManager - Регистрация новой команды: average_of_price
2026-03-02 11:59:43.619 [main] DEBUG core.CommandManager - В команду average_of_price внедрен CollectionManager
2026-03-02 11:59:43.619 [main] INFO  core.CommandManager - Команда average_of_price зарегистрирована
2026-03-02 11:59:43.619 [main] DEBUG core.CommandManager - Регистрация новой команды: filter_starts_with_name
2026-03-02 11:59:43.619 [main] DEBUG core.CommandManager - В команду filter_starts_with_name внедрен CollectionManager
2026-03-02 11:59:43.619 [main] INFO  core.CommandManager - Команда filter_starts_with_name зарегистрирована
2026-03-02 11:59:43.619 [main] DEBUG core.CommandManager - Регистрация новой команды: save
2026-03-02 11:59:43.621 [main] DEBUG core.CommandManager - В команду save внедрен CollectionManager
2026-03-02 11:59:43.621 [main] DEBUG core.CommandManager - В команду save внедрен FileManager
2026-03-02 11:59:43.621 [main] INFO  core.CommandManager - Команда save зарегистрирована
2026-03-02 11:59:43.621 [main] DEBUG core.CommandManager - Регистрация новой команды: execute_script
2026-03-02 11:59:43.621 [main] DEBUG core.CommandManager - В команду execute_script внедрен InputReader
2026-03-02 11:59:43.621 [main] INFO  core.CommandManager - Команда execute_script зарегистрирована
2026-03-02 11:59:52.332 [main] WARN  core.CommandManager - Пользователь ввел некорректную команду руддщ4
2026-03-02 11:59:53.696 [main] WARN  core.CommandManager - Пользователь ввел некорректную команду hello
2026-03-02 11:59:55.229 [main] DEBUG core.CommandManager - Начало выполнения команды add
2026-03-02 11:59:55.232 [main] INFO  utility.Form - У пользователя запрашивается название типа String
2026-03-02 11:59:56.460 [main] INFO  utility.Form - У пользователя запрашивается координату по X типа Long
2026-03-02 11:59:57.622 [main] ERROR utility.Form - Введены данные не типа Long
java.lang.NumberFormatException: For input string: "q34"
	at java.base/java.lang.NumberFormatException.forInputString(NumberFormatException.java:67)
	at java.base/java.lang.Long.parseLong(Long.java:711)
	at java.base/java.lang.Long.parseLong(Long.java:836)
	at utility.Form.map(Form.java:90)
	at utility.Form.ask(Form.java:44)
	at utility.ProductForm.getProduct(ProductForm.java:31)
	at commands.AddCommand.execute(AddCommand.java:24)
	at core.CommandManager.executeCommand(CommandManager.java:66)
	at core.ConsoleApp.interactive(ConsoleApp.java:32)
	at Main.main(Main.java:6)
2026-03-02 11:59:57.626 [main] INFO  utility.Form - У пользователя запрашивается координату по X типа Long
2026-03-02 11:59:58.338 [main] INFO  utility.Form - У пользователя запрашивается координату по Y типа Integer
2026-03-02 11:59:59.006 [main] INFO  utility.Form - У пользователя запрашивается цену типа Integer
2026-03-02 11:59:59.948 [main] INFO  utility.Form - У пользователя запрашивается единицу измерения(METERS, SQUARE_METERS, PCS, MILLILITERS) типа UnitOfMeasure
