2026-03-01 12:19:07.369 [main] DEBUG core.CommandManager - Регистрация новой команды: help
2026-03-01 12:19:07.377 [main] DEBUG core.CommandManager - В команду help внедрен CommandRegistry
2026-03-01 12:19:07.377 [main] INFO  core.CommandManager - Команда help зарегистрирована
2026-03-01 12:19:07.377 [main] DEBUG core.CommandManager - Регистрация новой команды: info
2026-03-01 12:19:07.378 [main] DEBUG core.CommandManager - В команду info внедрен CollectionRepository
2026-03-01 12:19:07.378 [main] INFO  core.CommandManager - Команда info зарегистрирована
2026-03-01 12:19:07.378 [main] DEBUG core.CommandManager - Регистрация новой команды: exit
2026-03-01 12:19:07.378 [main] INFO  core.CommandManager - Команда exit зарегистрирована
2026-03-01 12:19:07.378 [main] DEBUG core.CommandManager - Регистрация новой команды: add
2026-03-01 12:19:07.378 [main] DEBUG core.CommandManager - В команду add внедрен CollectionRepository
2026-03-01 12:19:07.378 [main] DEBUG core.CommandManager - В команду add внедрен UserInput
2026-03-01 12:19:07.378 [main] DEBUG core.CommandManager - В команду add внедрен ExecuteContext
2026-03-01 12:19:07.379 [main] INFO  core.CommandManager - Команда add зарегистрирована
2026-03-01 12:19:07.379 [main] DEBUG core.CommandManager - Регистрация новой команды: clear
2026-03-01 12:19:07.379 [main] DEBUG core.CommandManager - В команду clear внедрен CollectionRepository
2026-03-01 12:19:07.379 [main] INFO  core.CommandManager - Команда clear зарегистрирована
2026-03-01 12:19:07.379 [main] DEBUG core.CommandManager - Регистрация новой команды: show
2026-03-01 12:19:07.379 [main] DEBUG core.CommandManager - В команду show внедрен CollectionRepository
2026-03-01 12:19:07.379 [main] INFO  core.CommandManager - Команда show зарегистрирована
2026-03-01 12:19:07.380 [main] DEBUG core.CommandManager - Регистрация новой команды: update
2026-03-01 12:19:07.380 [main] DEBUG core.CommandManager - В команду update внедрен CollectionRepository
2026-03-01 12:19:07.380 [main] DEBUG core.CommandManager - В команду update внедрен UserInput
2026-03-01 12:19:07.380 [main] DEBUG core.CommandManager - В команду update внедрен ExecuteContext
2026-03-01 12:19:07.380 [main] INFO  core.CommandManager - Команда update зарегистрирована
2026-03-01 12:19:07.380 [main] DEBUG core.CommandManager - Регистрация новой команды: remove_by_id
2026-03-01 12:19:07.380 [main] DEBUG core.CommandManager - В команду remove_by_id внедрен CollectionRepository
2026-03-01 12:19:07.380 [main] INFO  core.CommandManager - Команда remove_by_id зарегистрирована
2026-03-01 12:19:07.380 [main] DEBUG core.CommandManager - Регистрация новой команды: history
2026-03-01 12:19:07.381 [main] DEBUG core.CommandManager - В команду history внедрен CommandRegistry
2026-03-01 12:19:07.381 [main] INFO  core.CommandManager - Команда history зарегистрирована
2026-03-01 12:19:07.381 [main] DEBUG core.CommandManager - Регистрация новой команды: sort
2026-03-01 12:19:07.381 [main] DEBUG core.CommandManager - В команду sort внедрен CollectionRepository
2026-03-01 12:19:07.381 [main] INFO  core.CommandManager - Команда sort зарегистрирована
2026-03-01 12:19:07.381 [main] DEBUG core.CommandManager - Регистрация новой команды: shuffle
2026-03-01 12:19:07.381 [main] DEBUG core.CommandManager - В команду shuffle внедрен CollectionRepository
2026-03-01 12:19:07.381 [main] INFO  core.CommandManager - Команда shuffle зарегистрирована
2026-03-01 12:19:07.382 [main] DEBUG core.CommandManager - Регистрация новой команды: sum_of_price
2026-03-01 12:19:07.382 [main] DEBUG core.CommandManager - В команду sum_of_price внедрен CollectionRepository
2026-03-01 12:19:07.382 [main] INFO  core.CommandManager - Команда sum_of_price зарегистрирована
2026-03-01 12:19:07.382 [main] DEBUG core.CommandManager - Регистрация новой команды: average_of_price
2026-03-01 12:19:07.385 [main] DEBUG core.CommandManager - В команду average_of_price внедрен CollectionRepository
2026-03-01 12:19:07.385 [main] INFO  core.CommandManager - Команда average_of_price зарегистрирована
2026-03-01 12:19:07.386 [main] DEBUG core.CommandManager - Регистрация новой команды: filter_starts_with_name
2026-03-01 12:19:07.386 [main] DEBUG core.CommandManager - В команду filter_starts_with_name внедрен CollectionRepository
2026-03-01 12:19:07.386 [main] INFO  core.CommandManager - Команда filter_starts_with_name зарегистрирована
2026-03-01 12:19:07.386 [main] DEBUG core.CommandManager - Регистрация новой команды: save
2026-03-01 12:19:07.386 [main] DEBUG core.CommandManager - В команду save внедрен CollectionRepository
2026-03-01 12:19:07.386 [main] DEBUG core.CommandManager - В команду save внедрен FileStorage
2026-03-01 12:19:07.387 [main] INFO  core.CommandManager - Команда save зарегистрирована
2026-03-01 12:19:07.387 [main] DEBUG core.CommandManager - Регистрация новой команды: execute_script
2026-03-01 12:19:07.387 [main] DEBUG core.CommandManager - В команду execute_script внедрен ExecuteContext
2026-03-01 12:19:07.387 [main] INFO  core.CommandManager - Команда execute_script зарегистрирована
2026-03-01 12:19:07.463 [main] INFO  core.CollectionManager - В коллекцию добавлен новый продукт models.Product@7ac296f6
2026-03-01 12:19:07.466 [main] INFO  core.CollectionManager - Инициализация коллекции, последний id: 1, дата: 2026-02-19T22:56:27.094039103
2026-03-01 12:19:07.467 [main] INFO  io.FileManager - Коллекция из файла test.csv успешно загружена
2026-03-01 12:19:16.694 [main] DEBUG core.CommandManager - Начало выполнения команды execute_script
2026-03-01 12:19:16.695 [main] INFO  io.InputReader - В очередь добавлен новый скрипт sample
2026-03-01 12:19:16.696 [main] INFO  core.CommandManager - Команда execute_script успешно выполнилась
2026-03-01 12:19:16.696 [main] INFO  core.CommandManager - Команда execute_script добавлена в историю
2026-03-01 12:19:16.698 [main] DEBUG core.CommandManager - Начало выполнения команды info
2026-03-01 12:19:16.698 [main] INFO  core.CommandManager - Команда info успешно выполнилась
2026-03-01 12:19:16.698 [main] INFO  core.CommandManager - Команда info добавлена в историю
2026-03-01 12:19:16.699 [main] DEBUG core.CommandManager - Начало выполнения команды help
2026-03-01 12:19:16.700 [main] INFO  core.CommandManager - Команда help успешно выполнилась
2026-03-01 12:19:16.700 [main] INFO  core.CommandManager - Команда help добавлена в историю
2026-03-01 12:19:16.700 [main] DEBUG core.CommandManager - Начало выполнения команды execute_script
2026-03-01 12:19:16.701 [main] INFO  io.InputReader - В очередь добавлен новый скрипт test
2026-03-01 12:19:16.701 [main] INFO  core.CommandManager - Команда execute_script успешно выполнилась
2026-03-01 12:19:16.701 [main] INFO  core.CommandManager - Команда execute_script добавлена в историю
2026-03-01 12:19:16.701 [main] DEBUG core.CommandManager - Начало выполнения команды show
2026-03-01 12:19:16.712 [main] INFO  core.CommandManager - Команда show успешно выполнилась
2026-03-01 12:19:16.712 [main] INFO  core.CommandManager - Команда show добавлена в историю
2026-03-01 12:19:16.713 [main] WARN  core.CommandManager - Пользователь ввел некорректную команду sfg
2026-03-01 12:19:16.713 [main] DEBUG core.CommandManager - Начало выполнения команды add
2026-03-01 12:19:16.715 [main] INFO  utility.Form - У пользователя запрашивается название типа String
2026-03-01 12:19:16.716 [main] INFO  utility.Form - У пользователя запрашивается координату по X типа Long
2026-03-01 12:19:16.716 [main] ERROR core.CommandManager - Ошибка выполнения скрипта
exceptions.ScriptExecutionException: Ожидались данные типа Long
	at utility.Form.ask(Form.java:54)
	at utility.ProductForm.getProduct(ProductForm.java:31)
	at commands.AddCommand.execute(AddCommand.java:28)
	at core.CommandManager.execute(CommandManager.java:69)
	at io.InputReader.interactive(InputReader.java:86)
	at Main.main(Main.java:42)
2026-03-01 12:19:16.718 [main] DEBUG core.CommandManager - Начало выполнения команды help
2026-03-01 12:19:16.719 [main] INFO  core.CommandManager - Команда help успешно выполнилась
2026-03-01 12:19:16.719 [main] INFO  core.CommandManager - Команда help добавлена в историю
2026-03-01 12:19:16.719 [main] INFO  io.InputReader - Скрипт test завершен, возвращение к предыдущему источнику
2026-03-01 12:19:16.720 [main] WARN  core.CommandManager - Пользователь ввел некорректную команду hello
2026-03-01 12:19:16.720 [main] WARN  core.CommandManager - Пользователь ввел некорректную команду dfg
2026-03-01 12:19:16.720 [main] WARN  core.CommandManager - Пользователь ввел некорректную команду sfgf
2026-03-01 12:19:16.720 [main] INFO  io.InputReader - Скрипт sample завершен, возвращение к предыдущему источнику
2026-03-01 12:19:24.681 [main] DEBUG core.CommandManager - Начало выполнения команды exit
2026-03-01 12:19:24.681 [main] INFO  core.CommandManager - Завершение программы
exceptions.ExitException: Завершение программы...
	at commands.ExitCommand.execute(ExitCommand.java:15)
	at core.CommandManager.execute(CommandManager.java:69)
	at io.InputReader.interactive(InputReader.java:86)
	at Main.main(Main.java:42)
2026-03-01 12:19:30.073 [main] DEBUG core.CommandManager - Регистрация новой команды: help
2026-03-01 12:19:30.076 [main] DEBUG core.CommandManager - В команду help внедрен CommandRegistry
2026-03-01 12:19:30.077 [main] INFO  core.CommandManager - Команда help зарегистрирована
2026-03-01 12:19:30.077 [main] DEBUG core.CommandManager - Регистрация новой команды: info
2026-03-01 12:19:30.077 [main] DEBUG core.CommandManager - В команду info внедрен CollectionRepository
2026-03-01 12:19:30.077 [main] INFO  core.CommandManager - Команда info зарегистрирована
2026-03-01 12:19:30.078 [main] DEBUG core.CommandManager - Регистрация новой команды: exit
2026-03-01 12:19:30.078 [main] INFO  core.CommandManager - Команда exit зарегистрирована
2026-03-01 12:19:30.078 [main] DEBUG core.CommandManager - Регистрация новой команды: add
2026-03-01 12:19:30.078 [main] DEBUG core.CommandManager - В команду add внедрен CollectionRepository
2026-03-01 12:19:30.078 [main] DEBUG core.CommandManager - В команду add внедрен UserInput
2026-03-01 12:19:30.078 [main] DEBUG core.CommandManager - В команду add внедрен ExecuteContext
2026-03-01 12:19:30.079 [main] INFO  core.CommandManager - Команда add зарегистрирована
2026-03-01 12:19:30.079 [main] DEBUG core.CommandManager - Регистрация новой команды: clear
2026-03-01 12:19:30.079 [main] DEBUG core.CommandManager - В команду clear внедрен CollectionRepository
2026-03-01 12:19:30.079 [main] INFO  core.CommandManager - Команда clear зарегистрирована
2026-03-01 12:19:30.079 [main] DEBUG core.CommandManager - Регистрация новой команды: show
2026-03-01 12:19:30.079 [main] DEBUG core.CommandManager - В команду show внедрен CollectionRepository
2026-03-01 12:19:30.079 [main] INFO  core.CommandManager - Команда show зарегистрирована
2026-03-01 12:19:30.079 [main] DEBUG core.CommandManager - Регистрация новой команды: update
2026-03-01 12:19:30.080 [main] DEBUG core.CommandManager - В команду update внедрен CollectionRepository
2026-03-01 12:19:30.080 [main] DEBUG core.CommandManager - В команду update внедрен UserInput
2026-03-01 12:19:30.080 [main] DEBUG core.CommandManager - В команду update внедрен ExecuteContext
2026-03-01 12:19:30.080 [main] INFO  core.CommandManager - Команда update зарегистрирована
2026-03-01 12:19:30.080 [main] DEBUG core.CommandManager - Регистрация новой команды: remove_by_id
2026-03-01 12:19:30.081 [main] DEBUG core.CommandManager - В команду remove_by_id внедрен CollectionRepository
2026-03-01 12:19:30.081 [main] INFO  core.CommandManager - Команда remove_by_id зарегистрирована
2026-03-01 12:19:30.081 [main] DEBUG core.CommandManager - Регистрация новой команды: history
2026-03-01 12:19:30.081 [main] DEBUG core.CommandManager - В команду history внедрен CommandRegistry
2026-03-01 12:19:30.081 [main] INFO  core.CommandManager - Команда history зарегистрирована
2026-03-01 12:19:30.081 [main] DEBUG core.CommandManager - Регистрация новой команды: sort
2026-03-01 12:19:30.082 [main] DEBUG core.CommandManager - В команду sort внедрен CollectionRepository
2026-03-01 12:19:30.082 [main] INFO  core.CommandManager - Команда sort зарегистрирована
2026-03-01 12:19:30.082 [main] DEBUG core.CommandManager - Регистрация новой команды: shuffle
2026-03-01 12:19:30.082 [main] DEBUG core.CommandManager - В команду shuffle внедрен CollectionRepository
2026-03-01 12:19:30.082 [main] INFO  core.CommandManager - Команда shuffle зарегистрирована
2026-03-01 12:19:30.082 [main] DEBUG core.CommandManager - Регистрация новой команды: sum_of_price
2026-03-01 12:19:30.083 [main] DEBUG core.CommandManager - В команду sum_of_price внедрен CollectionRepository
2026-03-01 12:19:30.083 [main] INFO  core.CommandManager - Команда sum_of_price зарегистрирована
2026-03-01 12:19:30.083 [main] DEBUG core.CommandManager - Регистрация новой команды: average_of_price
2026-03-01 12:19:30.086 [main] DEBUG core.CommandManager - В команду average_of_price внедрен CollectionRepository
2026-03-01 12:19:30.086 [main] INFO  core.CommandManager - Команда average_of_price зарегистрирована
2026-03-01 12:19:30.086 [main] DEBUG core.CommandManager - Регистрация новой команды: filter_starts_with_name
2026-03-01 12:19:30.087 [main] DEBUG core.CommandManager - В команду filter_starts_with_name внедрен CollectionRepository
2026-03-01 12:19:30.087 [main] INFO  core.CommandManager - Команда filter_starts_with_name зарегистрирована
2026-03-01 12:19:30.087 [main] DEBUG core.CommandManager - Регистрация новой команды: save
2026-03-01 12:19:30.087 [main] DEBUG core.CommandManager - В команду save внедрен CollectionRepository
2026-03-01 12:19:30.088 [main] DEBUG core.CommandManager - В команду save внедрен FileStorage
2026-03-01 12:19:30.088 [main] INFO  core.CommandManager - Команда save зарегистрирована
2026-03-01 12:19:30.088 [main] DEBUG core.CommandManager - Регистрация новой команды: execute_script
2026-03-01 12:19:30.088 [main] DEBUG core.CommandManager - В команду execute_script внедрен ExecuteContext
2026-03-01 12:19:30.088 [main] INFO  core.CommandManager - Команда execute_script зарегистрирована
2026-03-01 12:19:30.146 [main] INFO  core.CollectionManager - В коллекцию добавлен новый продукт models.Product@1a5b6f42
2026-03-01 12:19:30.148 [main] INFO  core.CollectionManager - Инициализация коллекции, последний id: 1, дата: 2026-02-19T22:56:27.094039103
2026-03-01 12:19:30.149 [main] INFO  io.FileManager - Коллекция из файла test.csv успешно загружена
2026-03-01 12:19:35.608 [main] DEBUG core.CommandManager - Начало выполнения команды execute_script
2026-03-01 12:19:35.609 [main] INFO  io.InputReader - В очередь добавлен новый скрипт test
2026-03-01 12:19:35.610 [main] INFO  core.CommandManager - Команда execute_script успешно выполнилась
2026-03-01 12:19:35.610 [main] INFO  core.CommandManager - Команда execute_script добавлена в историю
2026-03-01 12:19:35.611 [main] DEBUG core.CommandManager - Начало выполнения команды show
2026-03-01 12:19:35.623 [main] INFO  core.CommandManager - Команда show успешно выполнилась
2026-03-01 12:19:35.623 [main] INFO  core.CommandManager - Команда show добавлена в историю
2026-03-01 12:19:35.624 [main] WARN  core.CommandManager - Пользователь ввел некорректную команду sfg
2026-03-01 12:19:35.624 [main] DEBUG core.CommandManager - Начало выполнения команды add
2026-03-01 12:19:35.626 [main] INFO  utility.Form - У пользователя запрашивается название типа String
2026-03-01 12:19:35.627 [main] INFO  utility.Form - У пользователя запрашивается координату по X типа Long
2026-03-01 12:19:35.627 [main] ERROR core.CommandManager - Ошибка выполнения скрипта
exceptions.ScriptExecutionException: Ожидались данные типа Long
	at utility.Form.ask(Form.java:54)
	at utility.ProductForm.getProduct(ProductForm.java:31)
	at commands.AddCommand.execute(AddCommand.java:28)
	at core.CommandManager.execute(CommandManager.java:69)
	at io.InputReader.interactive(InputReader.java:86)
	at Main.main(Main.java:42)
2026-03-01 12:19:35.629 [main] DEBUG core.CommandManager - Начало выполнения команды help
2026-03-01 12:19:35.630 [main] INFO  core.CommandManager - Команда help успешно выполнилась
2026-03-01 12:19:35.630 [main] INFO  core.CommandManager - Команда help добавлена в историю
2026-03-01 12:19:35.630 [main] DEBUG core.CommandManager - Начало выполнения команды exit
2026-03-01 12:19:35.630 [main] INFO  core.CommandManager - Завершение программы
exceptions.ExitException: Завершение программы...
	at commands.ExitCommand.execute(ExitCommand.java:15)
	at core.CommandManager.execute(CommandManager.java:69)
	at io.InputReader.interactive(InputReader.java:86)
	at Main.main(Main.java:42)
2026-03-01 12:19:53.984 [main] DEBUG core.CommandManager - Регистрация новой команды: help
2026-03-01 12:19:53.989 [main] DEBUG core.CommandManager - В команду help внедрен CommandRegistry
2026-03-01 12:19:53.989 [main] INFO  core.CommandManager - Команда help зарегистрирована
2026-03-01 12:19:53.990 [main] DEBUG core.CommandManager - Регистрация новой команды: info
2026-03-01 12:19:53.990 [main] DEBUG core.CommandManager - В команду info внедрен CollectionRepository
2026-03-01 12:19:53.990 [main] INFO  core.CommandManager - Команда info зарегистрирована
2026-03-01 12:19:53.990 [main] DEBUG core.CommandManager - Регистрация новой команды: exit
2026-03-01 12:19:53.990 [main] INFO  core.CommandManager - Команда exit зарегистрирована
2026-03-01 12:19:53.990 [main] DEBUG core.CommandManager - Регистрация новой команды: add
2026-03-01 12:19:53.990 [main] DEBUG core.CommandManager - В команду add внедрен CollectionRepository
2026-03-01 12:19:53.991 [main] DEBUG core.CommandManager - В команду add внедрен UserInput
2026-03-01 12:19:53.991 [main] DEBUG core.CommandManager - В команду add внедрен ExecuteContext
2026-03-01 12:19:53.991 [main] INFO  core.CommandManager - Команда add зарегистрирована
2026-03-01 12:19:53.991 [main] DEBUG core.CommandManager - Регистрация новой команды: clear
2026-03-01 12:19:53.991 [main] DEBUG core.CommandManager - В команду clear внедрен CollectionRepository
2026-03-01 12:19:53.991 [main] INFO  core.CommandManager - Команда clear зарегистрирована
2026-03-01 12:19:53.991 [main] DEBUG core.CommandManager - Регистрация новой команды: show
2026-03-01 12:19:53.991 [main] DEBUG core.CommandManager - В команду show внедрен CollectionRepository
2026-03-01 12:19:53.992 [main] INFO  core.CommandManager - Команда show зарегистрирована
2026-03-01 12:19:53.992 [main] DEBUG core.CommandManager - Регистрация новой команды: update
2026-03-01 12:19:53.992 [main] DEBUG core.CommandManager - В команду update внедрен CollectionRepository
2026-03-01 12:19:53.992 [main] DEBUG core.CommandManager - В команду update внедрен UserInput
2026-03-01 12:19:53.992 [main] DEBUG core.CommandManager - В команду update внедрен ExecuteContext
2026-03-01 12:19:53.992 [main] INFO  core.CommandManager - Команда update зарегистрирована
2026-03-01 12:19:53.993 [main] DEBUG core.CommandManager - Регистрация новой команды: remove_by_id
2026-03-01 12:19:53.993 [main] DEBUG core.CommandManager - В команду remove_by_id внедрен CollectionRepository
2026-03-01 12:19:53.993 [main] INFO  core.CommandManager - Команда remove_by_id зарегистрирована
2026-03-01 12:19:53.993 [main] DEBUG core.CommandManager - Регистрация новой команды: history
2026-03-01 12:19:53.993 [main] DEBUG core.CommandManager - В команду history внедрен CommandRegistry
2026-03-01 12:19:53.993 [main] INFO  core.CommandManager - Команда history зарегистрирована
2026-03-01 12:19:53.993 [main] DEBUG core.CommandManager - Регистрация новой команды: sort
2026-03-01 12:19:53.993 [main] DEBUG core.CommandManager - В команду sort внедрен CollectionRepository
2026-03-01 12:19:53.993 [main] INFO  core.CommandManager - Команда sort зарегистрирована
2026-03-01 12:19:53.993 [main] DEBUG core.CommandManager - Регистрация новой команды: shuffle
2026-03-01 12:19:53.994 [main] DEBUG core.CommandManager - В команду shuffle внедрен CollectionRepository
2026-03-01 12:19:53.994 [main] INFO  core.CommandManager - Команда shuffle зарегистрирована
2026-03-01 12:19:53.994 [main] DEBUG core.CommandManager - Регистрация новой команды: sum_of_price
2026-03-01 12:19:53.994 [main] DEBUG core.CommandManager - В команду sum_of_price внедрен CollectionRepository
2026-03-01 12:19:53.994 [main] INFO  core.CommandManager - Команда sum_of_price зарегистрирована
2026-03-01 12:19:53.994 [main] DEBUG core.CommandManager - Регистрация новой команды: average_of_price
2026-03-01 12:19:53.997 [main] DEBUG core.CommandManager - В команду average_of_price внедрен CollectionRepository
2026-03-01 12:19:53.997 [main] INFO  core.CommandManager - Команда average_of_price зарегистрирована
2026-03-01 12:19:53.997 [main] DEBUG core.CommandManager - Регистрация новой команды: filter_starts_with_name
2026-03-01 12:19:53.997 [main] DEBUG core.CommandManager - В команду filter_starts_with_name внедрен CollectionRepository
2026-03-01 12:19:53.997 [main] INFO  core.CommandManager - Команда filter_starts_with_name зарегистрирована
2026-03-01 12:19:53.998 [main] DEBUG core.CommandManager - Регистрация новой команды: save
2026-03-01 12:19:53.998 [main] DEBUG core.CommandManager - В команду save внедрен CollectionRepository
2026-03-01 12:19:53.998 [main] DEBUG core.CommandManager - В команду save внедрен FileStorage
2026-03-01 12:19:53.998 [main] INFO  core.CommandManager - Команда save зарегистрирована
2026-03-01 12:19:53.998 [main] DEBUG core.CommandManager - Регистрация новой команды: execute_script
2026-03-01 12:19:53.998 [main] DEBUG core.CommandManager - В команду execute_script внедрен ExecuteContext
2026-03-01 12:19:53.998 [main] INFO  core.CommandManager - Команда execute_script зарегистрирована
2026-03-01 12:19:54.068 [main] INFO  core.CollectionManager - В коллекцию добавлен новый продукт models.Product@1a5b6f42
2026-03-01 12:19:54.071 [main] INFO  core.CollectionManager - Инициализация коллекции, последний id: 1, дата: 2026-02-19T22:56:27.094039103
2026-03-01 12:19:54.071 [main] INFO  io.FileManager - Коллекция из файла test.csv успешно загружена
