2026-03-01 11:51:33.442 [main] DEBUG core.CommandManager - Регистрация новой команды: help
2026-03-01 11:51:33.450 [main] DEBUG core.CommandManager - В команду help внедрен CommandRegistry
2026-03-01 11:51:33.450 [main] INFO  core.CommandManager - Команда help зарегистрирована
2026-03-01 11:51:33.451 [main] DEBUG core.CommandManager - Регистрация новой команды: info
2026-03-01 11:51:33.451 [main] DEBUG core.CommandManager - В команду info внедрен CollectionRepository
2026-03-01 11:51:33.451 [main] INFO  core.CommandManager - Команда info зарегистрирована
2026-03-01 11:51:33.451 [main] DEBUG core.CommandManager - Регистрация новой команды: exit
2026-03-01 11:51:33.451 [main] INFO  core.CommandManager - Команда exit зарегистрирована
2026-03-01 11:51:33.451 [main] DEBUG core.CommandManager - Регистрация новой команды: add
2026-03-01 11:51:33.452 [main] DEBUG core.CommandManager - В команду add внедрен CollectionRepository
2026-03-01 11:51:33.452 [main] DEBUG core.CommandManager - В команду add внедрен UserInput
2026-03-01 11:51:33.452 [main] DEBUG core.CommandManager - В команду add внедрен ExecuteContext
2026-03-01 11:51:33.452 [main] INFO  core.CommandManager - Команда add зарегистрирована
2026-03-01 11:51:33.452 [main] DEBUG core.CommandManager - Регистрация новой команды: clear
2026-03-01 11:51:33.453 [main] DEBUG core.CommandManager - В команду clear внедрен CollectionRepository
2026-03-01 11:51:33.453 [main] INFO  core.CommandManager - Команда clear зарегистрирована
2026-03-01 11:51:33.453 [main] DEBUG core.CommandManager - Регистрация новой команды: show
2026-03-01 11:51:33.453 [main] DEBUG core.CommandManager - В команду show внедрен CollectionRepository
2026-03-01 11:51:33.453 [main] INFO  core.CommandManager - Команда show зарегистрирована
2026-03-01 11:51:33.453 [main] DEBUG core.CommandManager - Регистрация новой команды: update
2026-03-01 11:51:33.453 [main] DEBUG core.CommandManager - В команду update внедрен CollectionRepository
2026-03-01 11:51:33.454 [main] DEBUG core.CommandManager - В команду update внедрен UserInput
2026-03-01 11:51:33.454 [main] DEBUG core.CommandManager - В команду update внедрен ExecuteContext
2026-03-01 11:51:33.454 [main] INFO  core.CommandManager - Команда update зарегистрирована
2026-03-01 11:51:33.454 [main] DEBUG core.CommandManager - Регистрация новой команды: remove_by_id
2026-03-01 11:51:33.454 [main] DEBUG core.CommandManager - В команду remove_by_id внедрен CollectionRepository
2026-03-01 11:51:33.454 [main] INFO  core.CommandManager - Команда remove_by_id зарегистрирована
2026-03-01 11:51:33.454 [main] DEBUG core.CommandManager - Регистрация новой команды: history
2026-03-01 11:51:33.455 [main] DEBUG core.CommandManager - В команду history внедрен CommandRegistry
2026-03-01 11:51:33.455 [main] INFO  core.CommandManager - Команда history зарегистрирована
2026-03-01 11:51:33.455 [main] DEBUG core.CommandManager - Регистрация новой команды: sort
2026-03-01 11:51:33.455 [main] DEBUG core.CommandManager - В команду sort внедрен CollectionRepository
2026-03-01 11:51:33.455 [main] INFO  core.CommandManager - Команда sort зарегистрирована
2026-03-01 11:51:33.455 [main] DEBUG core.CommandManager - Регистрация новой команды: shuffle
2026-03-01 11:51:33.455 [main] DEBUG core.CommandManager - В команду shuffle внедрен CollectionRepository
2026-03-01 11:51:33.456 [main] INFO  core.CommandManager - Команда shuffle зарегистрирована
2026-03-01 11:51:33.456 [main] DEBUG core.CommandManager - Регистрация новой команды: sum_of_price
2026-03-01 11:51:33.456 [main] DEBUG core.CommandManager - В команду sum_of_price внедрен CollectionRepository
2026-03-01 11:51:33.456 [main] INFO  core.CommandManager - Команда sum_of_price зарегистрирована
2026-03-01 11:51:33.456 [main] DEBUG core.CommandManager - Регистрация новой команды: average_of_price
2026-03-01 11:51:33.460 [main] DEBUG core.CommandManager - В команду average_of_price внедрен CollectionRepository
2026-03-01 11:51:33.460 [main] INFO  core.CommandManager - Команда average_of_price зарегистрирована
2026-03-01 11:51:33.460 [main] DEBUG core.CommandManager - Регистрация новой команды: filter_starts_with_name
2026-03-01 11:51:33.460 [main] DEBUG core.CommandManager - В команду filter_starts_with_name внедрен CollectionRepository
2026-03-01 11:51:33.460 [main] INFO  core.CommandManager - Команда filter_starts_with_name зарегистрирована
2026-03-01 11:51:33.460 [main] DEBUG core.CommandManager - Регистрация новой команды: save
2026-03-01 11:51:33.460 [main] DEBUG core.CommandManager - В команду save внедрен CollectionRepository
2026-03-01 11:51:33.461 [main] DEBUG core.CommandManager - В команду save внедрен FileStorage
2026-03-01 11:51:33.461 [main] INFO  core.CommandManager - Команда save зарегистрирована
2026-03-01 11:51:33.461 [main] DEBUG core.CommandManager - Регистрация новой команды: execute_script
2026-03-01 11:51:33.461 [main] DEBUG core.CommandManager - В команду execute_script внедрен ExecuteContext
2026-03-01 11:51:33.461 [main] INFO  core.CommandManager - Команда execute_script зарегистрирована
2026-03-01 11:51:33.511 [main] INFO  core.CollectionManager - В коллекцию добавлен новый продукт models.Product@2eea88a1
2026-03-01 11:51:33.513 [main] INFO  core.CollectionManager - Инициализация коллекции, последний id: 1, дата: 2026-02-19T22:56:27.094039103
2026-03-01 11:51:33.513 [main] INFO  io.FileManager - Коллекция из файла test.csv успешно загружена
2026-03-01 11:51:36.788 [main] DEBUG core.CommandManager - Начало выполнения команды exit
2026-03-01 11:51:36.788 [main] INFO  core.CommandManager - Завершение программы
exceptions.ExitException: Завершение программы...
	at commands.ExitCommand.execute(ExitCommand.java:15)
	at core.CommandManager.execute(CommandManager.java:69)
	at io.InputReader.interactive(InputReader.java:63)
	at Main.main(Main.java:42)
2026-03-01 11:51:38.728 [main] DEBUG core.CommandManager - Регистрация новой команды: help
2026-03-01 11:51:38.733 [main] DEBUG core.CommandManager - В команду help внедрен CommandRegistry
2026-03-01 11:51:38.733 [main] INFO  core.CommandManager - Команда help зарегистрирована
2026-03-01 11:51:38.734 [main] DEBUG core.CommandManager - Регистрация новой команды: info
2026-03-01 11:51:38.734 [main] DEBUG core.CommandManager - В команду info внедрен CollectionRepository
2026-03-01 11:51:38.734 [main] INFO  core.CommandManager - Команда info зарегистрирована
2026-03-01 11:51:38.734 [main] DEBUG core.CommandManager - Регистрация новой команды: exit
2026-03-01 11:51:38.734 [main] INFO  core.CommandManager - Команда exit зарегистрирована
2026-03-01 11:51:38.734 [main] DEBUG core.CommandManager - Регистрация новой команды: add
2026-03-01 11:51:38.734 [main] DEBUG core.CommandManager - В команду add внедрен CollectionRepository
2026-03-01 11:51:38.734 [main] DEBUG core.CommandManager - В команду add внедрен UserInput
2026-03-01 11:51:38.734 [main] DEBUG core.CommandManager - В команду add внедрен ExecuteContext
2026-03-01 11:51:38.735 [main] INFO  core.CommandManager - Команда add зарегистрирована
2026-03-01 11:51:38.735 [main] DEBUG core.CommandManager - Регистрация новой команды: clear
2026-03-01 11:51:38.735 [main] DEBUG core.CommandManager - В команду clear внедрен CollectionRepository
2026-03-01 11:51:38.735 [main] INFO  core.CommandManager - Команда clear зарегистрирована
2026-03-01 11:51:38.735 [main] DEBUG core.CommandManager - Регистрация новой команды: show
2026-03-01 11:51:38.735 [main] DEBUG core.CommandManager - В команду show внедрен CollectionRepository
2026-03-01 11:51:38.735 [main] INFO  core.CommandManager - Команда show зарегистрирована
2026-03-01 11:51:38.735 [main] DEBUG core.CommandManager - Регистрация новой команды: update
2026-03-01 11:51:38.735 [main] DEBUG core.CommandManager - В команду update внедрен CollectionRepository
2026-03-01 11:51:38.735 [main] DEBUG core.CommandManager - В команду update внедрен UserInput
2026-03-01 11:51:38.735 [main] DEBUG core.CommandManager - В команду update внедрен ExecuteContext
2026-03-01 11:51:38.735 [main] INFO  core.CommandManager - Команда update зарегистрирована
2026-03-01 11:51:38.735 [main] DEBUG core.CommandManager - Регистрация новой команды: remove_by_id
2026-03-01 11:51:38.735 [main] DEBUG core.CommandManager - В команду remove_by_id внедрен CollectionRepository
2026-03-01 11:51:38.735 [main] INFO  core.CommandManager - Команда remove_by_id зарегистрирована
2026-03-01 11:51:38.735 [main] DEBUG core.CommandManager - Регистрация новой команды: history
2026-03-01 11:51:38.736 [main] DEBUG core.CommandManager - В команду history внедрен CommandRegistry
2026-03-01 11:51:38.736 [main] INFO  core.CommandManager - Команда history зарегистрирована
2026-03-01 11:51:38.736 [main] DEBUG core.CommandManager - Регистрация новой команды: sort
2026-03-01 11:51:38.736 [main] DEBUG core.CommandManager - В команду sort внедрен CollectionRepository
2026-03-01 11:51:38.736 [main] INFO  core.CommandManager - Команда sort зарегистрирована
2026-03-01 11:51:38.736 [main] DEBUG core.CommandManager - Регистрация новой команды: shuffle
2026-03-01 11:51:38.736 [main] DEBUG core.CommandManager - В команду shuffle внедрен CollectionRepository
2026-03-01 11:51:38.736 [main] INFO  core.CommandManager - Команда shuffle зарегистрирована
2026-03-01 11:51:38.736 [main] DEBUG core.CommandManager - Регистрация новой команды: sum_of_price
2026-03-01 11:51:38.736 [main] DEBUG core.CommandManager - В команду sum_of_price внедрен CollectionRepository
2026-03-01 11:51:38.736 [main] INFO  core.CommandManager - Команда sum_of_price зарегистрирована
2026-03-01 11:51:38.736 [main] DEBUG core.CommandManager - Регистрация новой команды: average_of_price
2026-03-01 11:51:38.737 [main] DEBUG core.CommandManager - В команду average_of_price внедрен CollectionRepository
2026-03-01 11:51:38.738 [main] INFO  core.CommandManager - Команда average_of_price зарегистрирована
2026-03-01 11:51:38.738 [main] DEBUG core.CommandManager - Регистрация новой команды: filter_starts_with_name
2026-03-01 11:51:38.738 [main] DEBUG core.CommandManager - В команду filter_starts_with_name внедрен CollectionRepository
2026-03-01 11:51:38.738 [main] INFO  core.CommandManager - Команда filter_starts_with_name зарегистрирована
2026-03-01 11:51:38.738 [main] DEBUG core.CommandManager - Регистрация новой команды: save
2026-03-01 11:51:38.738 [main] DEBUG core.CommandManager - В команду save внедрен CollectionRepository
2026-03-01 11:51:38.738 [main] DEBUG core.CommandManager - В команду save внедрен FileStorage
2026-03-01 11:51:38.738 [main] INFO  core.CommandManager - Команда save зарегистрирована
2026-03-01 11:51:38.738 [main] DEBUG core.CommandManager - Регистрация новой команды: execute_script
2026-03-01 11:51:38.738 [main] DEBUG core.CommandManager - В команду execute_script внедрен ExecuteContext
2026-03-01 11:51:38.738 [main] INFO  core.CommandManager - Команда execute_script зарегистрирована
2026-03-01 11:51:38.768 [main] INFO  core.CollectionManager - В коллекцию добавлен новый продукт models.Product@7f2cfe3f
2026-03-01 11:51:38.769 [main] INFO  core.CollectionManager - Инициализация коллекции, последний id: 1, дата: 2026-02-19T22:56:27.094039103
2026-03-01 11:51:38.769 [main] INFO  io.FileManager - Коллекция из файла test.csv успешно загружена
2026-03-01 11:51:43.898 [main] DEBUG core.CommandManager - Регистрация новой команды: help
2026-03-01 11:51:43.902 [main] DEBUG core.CommandManager - В команду help внедрен CommandRegistry
2026-03-01 11:51:43.902 [main] INFO  core.CommandManager - Команда help зарегистрирована
2026-03-01 11:51:43.903 [main] DEBUG core.CommandManager - Регистрация новой команды: info
2026-03-01 11:51:43.903 [main] DEBUG core.CommandManager - В команду info внедрен CollectionRepository
2026-03-01 11:51:43.903 [main] INFO  core.CommandManager - Команда info зарегистрирована
2026-03-01 11:51:43.903 [main] DEBUG core.CommandManager - Регистрация новой команды: exit
2026-03-01 11:51:43.903 [main] INFO  core.CommandManager - Команда exit зарегистрирована
2026-03-01 11:51:43.904 [main] DEBUG core.CommandManager - Регистрация новой команды: add
2026-03-01 11:51:43.904 [main] DEBUG core.CommandManager - В команду add внедрен CollectionRepository
2026-03-01 11:51:43.904 [main] DEBUG core.CommandManager - В команду add внедрен UserInput
2026-03-01 11:51:43.904 [main] DEBUG core.CommandManager - В команду add внедрен ExecuteContext
2026-03-01 11:51:43.904 [main] INFO  core.CommandManager - Команда add зарегистрирована
2026-03-01 11:51:43.904 [main] DEBUG core.CommandManager - Регистрация новой команды: clear
2026-03-01 11:51:43.904 [main] DEBUG core.CommandManager - В команду clear внедрен CollectionRepository
2026-03-01 11:51:43.904 [main] INFO  core.CommandManager - Команда clear зарегистрирована
2026-03-01 11:51:43.904 [main] DEBUG core.CommandManager - Регистрация новой команды: show
2026-03-01 11:51:43.905 [main] DEBUG core.CommandManager - В команду show внедрен CollectionRepository
2026-03-01 11:51:43.905 [main] INFO  core.CommandManager - Команда show зарегистрирована
2026-03-01 11:51:43.905 [main] DEBUG core.CommandManager - Регистрация новой команды: update
2026-03-01 11:51:43.905 [main] DEBUG core.CommandManager - В команду update внедрен CollectionRepository
2026-03-01 11:51:43.905 [main] DEBUG core.CommandManager - В команду update внедрен UserInput
2026-03-01 11:51:43.906 [main] DEBUG core.CommandManager - В команду update внедрен ExecuteContext
2026-03-01 11:51:43.906 [main] INFO  core.CommandManager - Команда update зарегистрирована
2026-03-01 11:51:43.906 [main] DEBUG core.CommandManager - Регистрация новой команды: remove_by_id
2026-03-01 11:51:43.906 [main] DEBUG core.CommandManager - В команду remove_by_id внедрен CollectionRepository
2026-03-01 11:51:43.906 [main] INFO  core.CommandManager - Команда remove_by_id зарегистрирована
2026-03-01 11:51:43.906 [main] DEBUG core.CommandManager - Регистрация новой команды: history
2026-03-01 11:51:43.906 [main] DEBUG core.CommandManager - В команду history внедрен CommandRegistry
2026-03-01 11:51:43.906 [main] INFO  core.CommandManager - Команда history зарегистрирована
2026-03-01 11:51:43.906 [main] DEBUG core.CommandManager - Регистрация новой команды: sort
2026-03-01 11:51:43.907 [main] DEBUG core.CommandManager - В команду sort внедрен CollectionRepository
2026-03-01 11:51:43.907 [main] INFO  core.CommandManager - Команда sort зарегистрирована
2026-03-01 11:51:43.907 [main] DEBUG core.CommandManager - Регистрация новой команды: shuffle
2026-03-01 11:51:43.907 [main] DEBUG core.CommandManager - В команду shuffle внедрен CollectionRepository
2026-03-01 11:51:43.907 [main] INFO  core.CommandManager - Команда shuffle зарегистрирована
2026-03-01 11:51:43.907 [main] DEBUG core.CommandManager - Регистрация новой команды: sum_of_price
2026-03-01 11:51:43.907 [main] DEBUG core.CommandManager - В команду sum_of_price внедрен CollectionRepository
2026-03-01 11:51:43.907 [main] INFO  core.CommandManager - Команда sum_of_price зарегистрирована
2026-03-01 11:51:43.908 [main] DEBUG core.CommandManager - Регистрация новой команды: average_of_price
2026-03-01 11:51:43.910 [main] DEBUG core.CommandManager - В команду average_of_price внедрен CollectionRepository
2026-03-01 11:51:43.910 [main] INFO  core.CommandManager - Команда average_of_price зарегистрирована
2026-03-01 11:51:43.911 [main] DEBUG core.CommandManager - Регистрация новой команды: filter_starts_with_name
2026-03-01 11:51:43.911 [main] DEBUG core.CommandManager - В команду filter_starts_with_name внедрен CollectionRepository
2026-03-01 11:51:43.911 [main] INFO  core.CommandManager - Команда filter_starts_with_name зарегистрирована
2026-03-01 11:51:43.911 [main] DEBUG core.CommandManager - Регистрация новой команды: save
2026-03-01 11:51:43.911 [main] DEBUG core.CommandManager - В команду save внедрен CollectionRepository
2026-03-01 11:51:43.911 [main] DEBUG core.CommandManager - В команду save внедрен FileStorage
2026-03-01 11:51:43.912 [main] INFO  core.CommandManager - Команда save зарегистрирована
2026-03-01 11:51:43.912 [main] DEBUG core.CommandManager - Регистрация новой команды: execute_script
2026-03-01 11:51:43.912 [main] DEBUG core.CommandManager - В команду execute_script внедрен ExecuteContext
2026-03-01 11:51:43.912 [main] INFO  core.CommandManager - Команда execute_script зарегистрирована
2026-03-01 11:51:43.965 [main] INFO  core.CollectionManager - В коллекцию добавлен новый продукт models.Product@7f2cfe3f
2026-03-01 11:51:43.966 [main] INFO  core.CollectionManager - Инициализация коллекции, последний id: 1, дата: 2026-02-19T22:56:27.094039103
2026-03-01 11:51:43.966 [main] INFO  io.FileManager - Коллекция из файла test.csv успешно загружена
2026-03-01 11:51:46.890 [main] DEBUG core.CommandManager - Начало выполнения команды add
2026-03-01 11:51:46.893 [main] INFO  utility.Form - У пользователя запрашивается название типа String
2026-03-01 11:51:48.008 [main] INFO  utility.Form - У пользователя запрашивается координату по X типа Long
2026-03-01 11:51:49.342 [main] ERROR utility.Form - Введены данные не типа Long
java.lang.NumberFormatException: For input string: "fdsg"
	at java.base/java.lang.NumberFormatException.forInputString(NumberFormatException.java:67)
	at java.base/java.lang.Long.parseLong(Long.java:711)
	at java.base/java.lang.Long.parseLong(Long.java:836)
	at utility.Form.map(Form.java:90)
	at utility.Form.ask(Form.java:44)
	at utility.ProductForm.getProduct(ProductForm.java:31)
	at commands.AddCommand.execute(AddCommand.java:28)
	at core.CommandManager.execute(CommandManager.java:69)
	at io.InputReader.interactive(InputReader.java:63)
	at Main.main(Main.java:42)
2026-03-01 11:51:49.347 [main] INFO  utility.Form - У пользователя запрашивается координату по X типа Long
2026-03-01 11:51:50.179 [main] INFO  core.CommandManager - Завершение программы
exceptions.EndOfExecutionException: Конец ввода
	at utility.Form.ask(Form.java:52)
	at utility.ProductForm.getProduct(ProductForm.java:31)
	at commands.AddCommand.execute(AddCommand.java:28)
	at core.CommandManager.execute(CommandManager.java:69)
	at io.InputReader.interactive(InputReader.java:63)
	at Main.main(Main.java:42)
2026-03-01 11:51:59.460 [main] DEBUG core.CommandManager - Регистрация новой команды: help
2026-03-01 11:51:59.464 [main] DEBUG core.CommandManager - В команду help внедрен CommandRegistry
2026-03-01 11:51:59.465 [main] INFO  core.CommandManager - Команда help зарегистрирована
2026-03-01 11:51:59.465 [main] DEBUG core.CommandManager - Регистрация новой команды: info
2026-03-01 11:51:59.465 [main] DEBUG core.CommandManager - В команду info внедрен CollectionRepository
2026-03-01 11:51:59.465 [main] INFO  core.CommandManager - Команда info зарегистрирована
2026-03-01 11:51:59.466 [main] DEBUG core.CommandManager - Регистрация новой команды: exit
2026-03-01 11:51:59.466 [main] INFO  core.CommandManager - Команда exit зарегистрирована
2026-03-01 11:51:59.466 [main] DEBUG core.CommandManager - Регистрация новой команды: add
2026-03-01 11:51:59.466 [main] DEBUG core.CommandManager - В команду add внедрен CollectionRepository
2026-03-01 11:51:59.466 [main] DEBUG core.CommandManager - В команду add внедрен UserInput
2026-03-01 11:51:59.466 [main] DEBUG core.CommandManager - В команду add внедрен ExecuteContext
2026-03-01 11:51:59.466 [main] INFO  core.CommandManager - Команда add зарегистрирована
2026-03-01 11:51:59.466 [main] DEBUG core.CommandManager - Регистрация новой команды: clear
2026-03-01 11:51:59.467 [main] DEBUG core.CommandManager - В команду clear внедрен CollectionRepository
2026-03-01 11:51:59.467 [main] INFO  core.CommandManager - Команда clear зарегистрирована
2026-03-01 11:51:59.467 [main] DEBUG core.CommandManager - Регистрация новой команды: show
2026-03-01 11:51:59.467 [main] DEBUG core.CommandManager - В команду show внедрен CollectionRepository
2026-03-01 11:51:59.467 [main] INFO  core.CommandManager - Команда show зарегистрирована
2026-03-01 11:51:59.467 [main] DEBUG core.CommandManager - Регистрация новой команды: update
2026-03-01 11:51:59.467 [main] DEBUG core.CommandManager - В команду update внедрен CollectionRepository
2026-03-01 11:51:59.467 [main] DEBUG core.CommandManager - В команду update внедрен UserInput
2026-03-01 11:51:59.468 [main] DEBUG core.CommandManager - В команду update внедрен ExecuteContext
2026-03-01 11:51:59.468 [main] INFO  core.CommandManager - Команда update зарегистрирована
2026-03-01 11:51:59.468 [main] DEBUG core.CommandManager - Регистрация новой команды: remove_by_id
2026-03-01 11:51:59.468 [main] DEBUG core.CommandManager - В команду remove_by_id внедрен CollectionRepository
2026-03-01 11:51:59.468 [main] INFO  core.CommandManager - Команда remove_by_id зарегистрирована
2026-03-01 11:51:59.468 [main] DEBUG core.CommandManager - Регистрация новой команды: history
2026-03-01 11:51:59.468 [main] DEBUG core.CommandManager - В команду history внедрен CommandRegistry
2026-03-01 11:51:59.468 [main] INFO  core.CommandManager - Команда history зарегистрирована
2026-03-01 11:51:59.468 [main] DEBUG core.CommandManager - Регистрация новой команды: sort
2026-03-01 11:51:59.469 [main] DEBUG core.CommandManager - В команду sort внедрен CollectionRepository
2026-03-01 11:51:59.469 [main] INFO  core.CommandManager - Команда sort зарегистрирована
2026-03-01 11:51:59.469 [main] DEBUG core.CommandManager - Регистрация новой команды: shuffle
2026-03-01 11:51:59.469 [main] DEBUG core.CommandManager - В команду shuffle внедрен CollectionRepository
2026-03-01 11:51:59.469 [main] INFO  core.CommandManager - Команда shuffle зарегистрирована
2026-03-01 11:51:59.469 [main] DEBUG core.CommandManager - Регистрация новой команды: sum_of_price
2026-03-01 11:51:59.469 [main] DEBUG core.CommandManager - В команду sum_of_price внедрен CollectionRepository
2026-03-01 11:51:59.469 [main] INFO  core.CommandManager - Команда sum_of_price зарегистрирована
2026-03-01 11:51:59.470 [main] DEBUG core.CommandManager - Регистрация новой команды: average_of_price
2026-03-01 11:51:59.472 [main] DEBUG core.CommandManager - В команду average_of_price внедрен CollectionRepository
2026-03-01 11:51:59.473 [main] INFO  core.CommandManager - Команда average_of_price зарегистрирована
2026-03-01 11:51:59.473 [main] DEBUG core.CommandManager - Регистрация новой команды: filter_starts_with_name
2026-03-01 11:51:59.473 [main] DEBUG core.CommandManager - В команду filter_starts_with_name внедрен CollectionRepository
2026-03-01 11:51:59.473 [main] INFO  core.CommandManager - Команда filter_starts_with_name зарегистрирована
2026-03-01 11:51:59.473 [main] DEBUG core.CommandManager - Регистрация новой команды: save
2026-03-01 11:51:59.473 [main] DEBUG core.CommandManager - В команду save внедрен CollectionRepository
2026-03-01 11:51:59.474 [main] DEBUG core.CommandManager - В команду save внедрен FileStorage
2026-03-01 11:51:59.474 [main] INFO  core.CommandManager - Команда save зарегистрирована
2026-03-01 11:51:59.474 [main] DEBUG core.CommandManager - Регистрация новой команды: execute_script
2026-03-01 11:51:59.474 [main] DEBUG core.CommandManager - В команду execute_script внедрен ExecuteContext
2026-03-01 11:51:59.474 [main] INFO  core.CommandManager - Команда execute_script зарегистрирована
2026-03-01 11:51:59.528 [main] INFO  core.CollectionManager - В коллекцию добавлен новый продукт models.Product@7f2cfe3f
2026-03-01 11:51:59.530 [main] INFO  core.CollectionManager - Инициализация коллекции, последний id: 1, дата: 2026-02-19T22:56:27.094039103
2026-03-01 11:51:59.531 [main] INFO  io.FileManager - Коллекция из файла test.csv успешно загружена
