2026-03-04 21:24:26.006 [main] INFO  core.CollectionManager - В коллекцию добавлен новый продукт models.Product@24105dc5
2026-03-04 21:24:26.015 [main] INFO  core.CollectionManager - В коллекцию добавлен новый продукт models.Product@50f6ac94
2026-03-04 21:24:26.018 [main] INFO  core.CollectionManager - Инициализация коллекции, последний id: 2, дата: 2026-02-19T22:56:27.094039103
2026-03-04 21:24:26.018 [main] INFO  io.FileManager - Коллекция из файла test.csv успешно загружена
2026-03-04 21:24:26.019 [main] DEBUG core.CommandManager - Регистрация новой команды: help
2026-03-04 21:24:26.022 [main] DEBUG core.CommandManager - В команду help внедрен CommandManager
2026-03-04 21:24:26.022 [main] INFO  core.CommandManager - Команда help зарегистрирована
2026-03-04 21:24:26.023 [main] DEBUG core.CommandManager - Регистрация новой команды: info
2026-03-04 21:24:26.023 [main] DEBUG core.CommandManager - В команду info внедрен CollectionManager
2026-03-04 21:24:26.023 [main] INFO  core.CommandManager - Команда info зарегистрирована
2026-03-04 21:24:26.023 [main] DEBUG core.CommandManager - Регистрация новой команды: exit
2026-03-04 21:24:26.023 [main] INFO  core.CommandManager - Команда exit зарегистрирована
2026-03-04 21:24:26.023 [main] DEBUG core.CommandManager - Регистрация новой команды: add
2026-03-04 21:24:26.023 [main] DEBUG core.CommandManager - В команду add внедрен CollectionManager
2026-03-04 21:24:26.024 [main] DEBUG core.CommandManager - В команду add внедрен InputReader
2026-03-04 21:24:26.024 [main] INFO  core.CommandManager - Команда add зарегистрирована
2026-03-04 21:24:26.024 [main] DEBUG core.CommandManager - Регистрация новой команды: clear
2026-03-04 21:24:26.024 [main] DEBUG core.CommandManager - В команду clear внедрен CollectionManager
2026-03-04 21:24:26.024 [main] INFO  core.CommandManager - Команда clear зарегистрирована
2026-03-04 21:24:26.025 [main] DEBUG core.CommandManager - Регистрация новой команды: show
2026-03-04 21:24:26.025 [main] DEBUG core.CommandManager - В команду show внедрен CollectionManager
2026-03-04 21:24:26.025 [main] INFO  core.CommandManager - Команда show зарегистрирована
2026-03-04 21:24:26.025 [main] DEBUG core.CommandManager - Регистрация новой команды: update
2026-03-04 21:24:26.025 [main] DEBUG core.CommandManager - В команду update внедрен CollectionManager
2026-03-04 21:24:26.025 [main] DEBUG core.CommandManager - В команду update внедрен InputReader
2026-03-04 21:24:26.025 [main] INFO  core.CommandManager - Команда update зарегистрирована
2026-03-04 21:24:26.026 [main] DEBUG core.CommandManager - Регистрация новой команды: remove_by_id
2026-03-04 21:24:26.026 [main] DEBUG core.CommandManager - В команду remove_by_id внедрен CollectionManager
2026-03-04 21:24:26.026 [main] INFO  core.CommandManager - Команда remove_by_id зарегистрирована
2026-03-04 21:24:26.026 [main] DEBUG core.CommandManager - Регистрация новой команды: history
2026-03-04 21:24:26.026 [main] DEBUG core.CommandManager - В команду history внедрен CommandManager
2026-03-04 21:24:26.026 [main] INFO  core.CommandManager - Команда history зарегистрирована
2026-03-04 21:24:26.026 [main] DEBUG core.CommandManager - Регистрация новой команды: sort
2026-03-04 21:24:26.026 [main] DEBUG core.CommandManager - В команду sort внедрен CollectionManager
2026-03-04 21:24:26.027 [main] INFO  core.CommandManager - Команда sort зарегистрирована
2026-03-04 21:24:26.027 [main] DEBUG core.CommandManager - Регистрация новой команды: shuffle
2026-03-04 21:24:26.027 [main] DEBUG core.CommandManager - В команду shuffle внедрен CollectionManager
2026-03-04 21:24:26.027 [main] INFO  core.CommandManager - Команда shuffle зарегистрирована
2026-03-04 21:24:26.027 [main] DEBUG core.CommandManager - Регистрация новой команды: sum_of_price
2026-03-04 21:24:26.027 [main] DEBUG core.CommandManager - В команду sum_of_price внедрен CollectionManager
2026-03-04 21:24:26.027 [main] INFO  core.CommandManager - Команда sum_of_price зарегистрирована
2026-03-04 21:24:26.027 [main] DEBUG core.CommandManager - Регистрация новой команды: average_of_price
2026-03-04 21:24:26.027 [main] DEBUG core.CommandManager - В команду average_of_price внедрен CollectionManager
2026-03-04 21:24:26.028 [main] INFO  core.CommandManager - Команда average_of_price зарегистрирована
2026-03-04 21:24:26.028 [main] DEBUG core.CommandManager - Регистрация новой команды: filter_starts_with_name
2026-03-04 21:24:26.028 [main] DEBUG core.CommandManager - В команду filter_starts_with_name внедрен CollectionManager
2026-03-04 21:24:26.028 [main] INFO  core.CommandManager - Команда filter_starts_with_name зарегистрирована
2026-03-04 21:24:26.028 [main] DEBUG core.CommandManager - Регистрация новой команды: save
2026-03-04 21:24:26.029 [main] DEBUG core.CommandManager - В команду save внедрен CollectionManager
2026-03-04 21:24:26.030 [main] DEBUG core.CommandManager - В команду save внедрен FileManager
2026-03-04 21:24:26.030 [main] INFO  core.CommandManager - Команда save зарегистрирована
2026-03-04 21:24:26.030 [main] DEBUG core.CommandManager - Регистрация новой команды: execute_script
2026-03-04 21:24:26.030 [main] DEBUG core.CommandManager - В команду execute_script внедрен InputReader
2026-03-04 21:24:26.030 [main] INFO  core.CommandManager - Команда execute_script зарегистрирована
2026-03-04 21:24:36.115 [main] DEBUG core.CommandManager - Начало выполнения команды execute_script
2026-03-04 21:24:36.115 [main] DEBUG io.InputReader - В очередь добавлен новый скрипт sample
2026-03-04 21:24:36.117 [main] DEBUG core.CommandManager - Команда execute_script успешно выполнилась
2026-03-04 21:24:36.117 [main] INFO  core.CommandManager - Сообщение команды: Начало выполнения скрипта sample
2026-03-04 21:24:36.117 [main] DEBUG core.CommandManager - Команда execute_script добавлена в историю
2026-03-04 21:24:36.117 [main] DEBUG core.CommandManager - Начало выполнения команды info
2026-03-04 21:24:36.118 [main] DEBUG core.CommandManager - Команда info успешно выполнилась
2026-03-04 21:24:36.118 [main] INFO  core.CommandManager - Сообщение команды: Информация о коллекции:
  Тип: LinkedList
  Дата инициализации: 2026-02-19 22:56:27
  Количество элементов: 2
2026-03-04 21:24:36.119 [main] DEBUG core.CommandManager - Команда info добавлена в историю
2026-03-04 21:24:36.119 [main] DEBUG core.CommandManager - Начало выполнения команды help
2026-03-04 21:24:36.120 [main] DEBUG core.CommandManager - Команда help успешно выполнилась
2026-03-04 21:24:36.120 [main] INFO  core.CommandManager - Сообщение команды: Список команд и их описание:
  add - добавление нового элемента
  sum_of_price - вывести сумму цен всех элементов коллекции
  execute_script - считать и исполнить скрипт из файла
  clear - очистить коллекцию
  show - вывод элементов коллекции
  save - сохранение коллекции в файл
  update id - обновить значение элемента по заданному id
  remove_by_id - удалить элемент из коллекции по id
  history - вывести последние 15 команд без аргументов
  sort - сортировка коллекции в естественном порядке (по id)
  average_of_price - вывести среднее значение цены для всех элементов коллекции
  help - список доступных команд
  exit - завершить программу (без сохранения в файл)
  filter_starts_with_name - вывести элементы, название которых начинается с заданной подстроки
  shuffle - перемешать коллекцию в случайном порядке
  info - информация о коллекции
2026-03-04 21:24:36.120 [main] DEBUG core.CommandManager - Команда help добавлена в историю
2026-03-04 21:24:36.121 [main] DEBUG core.CommandManager - Начало выполнения команды execute_script
2026-03-04 21:24:36.121 [main] DEBUG io.InputReader - В очередь добавлен новый скрипт test
2026-03-04 21:24:36.121 [main] DEBUG core.CommandManager - Команда execute_script успешно выполнилась
2026-03-04 21:24:36.121 [main] INFO  core.CommandManager - Сообщение команды: Начало выполнения скрипта test
2026-03-04 21:24:36.121 [main] DEBUG core.CommandManager - Команда execute_script добавлена в историю
2026-03-04 21:24:36.122 [main] DEBUG core.CommandManager - Начало выполнения команды show
2026-03-04 21:24:36.131 [main] DEBUG core.CommandManager - Команда show успешно выполнилась
2026-03-04 21:24:36.131 [main] INFO  core.CommandManager - Сообщение команды: Продукт №1
  Название: df
  Координаты: (234, 23)
  Дата создания: Wed Mar 04 21:24:26 MSK 2026
  Цена: 324
  Единица измерения: PCS
  Имя владельца: 234
  День рождения владельца: 3800-02-12
  Рост владельца: 234
Продукт №2
  Название: 3q4
  Координаты: (324, 234)
  Дата создания: Wed Mar 04 21:24:26 MSK 2026
  Цена: 234
  Единица измерения: PCS
  Имя владельца: 324
  День рождения владельца: 2333-02-03
  Рост владельца: 324
2026-03-04 21:24:36.131 [main] DEBUG core.CommandManager - Команда show добавлена в историю
2026-03-04 21:24:36.131 [main] WARN  core.CommandManager - Пользователь ввел некорректную команду sfg
2026-03-04 21:24:36.132 [main] DEBUG core.CommandManager - Начало выполнения команды add
2026-03-04 21:24:36.133 [main] INFO  utility.Form - У пользователя запрашивается название типа String
2026-03-04 21:24:36.134 [main] INFO  utility.Form - У пользователя запрашивается координату по X типа Long
2026-03-04 21:24:36.134 [main] ERROR core.CommandManager - Ошибка выполнения скрипта
exceptions.ScriptExecutionException: Ожидались данные типа Long
	at utility.Form.ask(Form.java:54)
	at utility.ProductForm.getProduct(ProductForm.java:31)
	at commands.AddCommand.execute(AddCommand.java:25)
	at core.CommandManager.executeCommand(CommandManager.java:69)
	at core.ConsoleApp.interactive(ConsoleApp.java:32)
	at Main.main(Main.java:6)
2026-03-04 21:24:36.136 [main] INFO  io.InputReader - Скрипт test завершен, возвращение к предыдущему источнику
2026-03-04 21:24:36.136 [main] WARN  core.CommandManager - Пользователь ввел некорректную команду hello
2026-03-04 21:24:36.137 [main] DEBUG core.CommandManager - Начало выполнения команды exit
2026-03-04 21:24:36.137 [main] DEBUG core.CommandManager - Команда exit успешно выполнилась
2026-03-04 21:24:36.137 [main] INFO  core.CommandManager - Сообщение команды: Завершение программы...
2026-03-04 21:24:36.137 [main] DEBUG core.CommandManager - Команда exit добавлена в историю
