2026-02-28 21:52:14.244 [main] DEBUG core.CommandManager - Регистрация новой команды: help
2026-02-28 21:52:14.252 [main] DEBUG core.CommandManager - В команду help внедрен CommandRegistry
2026-02-28 21:52:14.252 [main] INFO  core.CommandManager - Команда help зарегистрирована
2026-02-28 21:52:14.252 [main] DEBUG core.CommandManager - Регистрация новой команды: info
2026-02-28 21:52:14.253 [main] DEBUG core.CommandManager - В команду info внедрен CollectionRepository
2026-02-28 21:52:14.253 [main] INFO  core.CommandManager - Команда info зарегистрирована
2026-02-28 21:52:14.253 [main] DEBUG core.CommandManager - Регистрация новой команды: exit
2026-02-28 21:52:14.253 [main] INFO  core.CommandManager - Команда exit зарегистрирована
2026-02-28 21:52:14.253 [main] DEBUG core.CommandManager - Регистрация новой команды: add
2026-02-28 21:52:14.254 [main] DEBUG core.CommandManager - В команду add внедрен CollectionRepository
2026-02-28 21:52:14.254 [main] DEBUG core.CommandManager - В команду add внедрен UserInput
2026-02-28 21:52:14.254 [main] DEBUG core.CommandManager - В команду add внедрен ExecuteContext
2026-02-28 21:52:14.254 [main] INFO  core.CommandManager - Команда add зарегистрирована
2026-02-28 21:52:14.254 [main] DEBUG core.CommandManager - Регистрация новой команды: clear
2026-02-28 21:52:14.254 [main] DEBUG core.CommandManager - В команду clear внедрен CollectionRepository
2026-02-28 21:52:14.254 [main] INFO  core.CommandManager - Команда clear зарегистрирована
2026-02-28 21:52:14.255 [main] DEBUG core.CommandManager - Регистрация новой команды: show
2026-02-28 21:52:14.255 [main] DEBUG core.CommandManager - В команду show внедрен CollectionRepository
2026-02-28 21:52:14.255 [main] INFO  core.CommandManager - Команда show зарегистрирована
2026-02-28 21:52:14.255 [main] DEBUG core.CommandManager - Регистрация новой команды: update
2026-02-28 21:52:14.256 [main] DEBUG core.CommandManager - В команду update внедрен CollectionRepository
2026-02-28 21:52:14.256 [main] DEBUG core.CommandManager - В команду update внедрен UserInput
2026-02-28 21:52:14.256 [main] DEBUG core.CommandManager - В команду update внедрен ExecuteContext
2026-02-28 21:52:14.256 [main] INFO  core.CommandManager - Команда update зарегистрирована
2026-02-28 21:52:14.256 [main] DEBUG core.CommandManager - Регистрация новой команды: remove_by_id
2026-02-28 21:52:14.256 [main] DEBUG core.CommandManager - В команду remove_by_id внедрен CollectionRepository
2026-02-28 21:52:14.256 [main] INFO  core.CommandManager - Команда remove_by_id зарегистрирована
2026-02-28 21:52:14.257 [main] DEBUG core.CommandManager - Регистрация новой команды: history
2026-02-28 21:52:14.257 [main] DEBUG core.CommandManager - В команду history внедрен CommandRegistry
2026-02-28 21:52:14.257 [main] INFO  core.CommandManager - Команда history зарегистрирована
2026-02-28 21:52:14.257 [main] DEBUG core.CommandManager - Регистрация новой команды: sort
2026-02-28 21:52:14.257 [main] DEBUG core.CommandManager - В команду sort внедрен CollectionRepository
2026-02-28 21:52:14.257 [main] INFO  core.CommandManager - Команда sort зарегистрирована
2026-02-28 21:52:14.257 [main] DEBUG core.CommandManager - Регистрация новой команды: shuffle
2026-02-28 21:52:14.257 [main] DEBUG core.CommandManager - В команду shuffle внедрен CollectionRepository
2026-02-28 21:52:14.258 [main] INFO  core.CommandManager - Команда shuffle зарегистрирована
2026-02-28 21:52:14.258 [main] DEBUG core.CommandManager - Регистрация новой команды: sum_of_price
2026-02-28 21:52:14.258 [main] DEBUG core.CommandManager - В команду sum_of_price внедрен CollectionRepository
2026-02-28 21:52:14.258 [main] INFO  core.CommandManager - Команда sum_of_price зарегистрирована
2026-02-28 21:52:14.258 [main] DEBUG core.CommandManager - Регистрация новой команды: average_of_price
2026-02-28 21:52:14.261 [main] DEBUG core.CommandManager - В команду average_of_price внедрен CollectionRepository
2026-02-28 21:52:14.261 [main] INFO  core.CommandManager - Команда average_of_price зарегистрирована
2026-02-28 21:52:14.261 [main] DEBUG core.CommandManager - Регистрация новой команды: filter_starts_with_name
2026-02-28 21:52:14.262 [main] DEBUG core.CommandManager - В команду filter_starts_with_name внедрен CollectionRepository
2026-02-28 21:52:14.262 [main] INFO  core.CommandManager - Команда filter_starts_with_name зарегистрирована
2026-02-28 21:52:14.262 [main] DEBUG core.CommandManager - Регистрация новой команды: save
2026-02-28 21:52:14.262 [main] DEBUG core.CommandManager - В команду save внедрен CollectionRepository
2026-02-28 21:52:14.262 [main] DEBUG core.CommandManager - В команду save внедрен FileStorage
2026-02-28 21:52:14.262 [main] INFO  core.CommandManager - Команда save зарегистрирована
2026-02-28 21:52:14.263 [main] DEBUG core.CommandManager - Регистрация новой команды: execute_script
2026-02-28 21:52:14.263 [main] DEBUG core.CommandManager - В команду execute_script внедрен ExecuteContext
2026-02-28 21:52:14.263 [main] DEBUG core.CommandManager - В команду execute_script внедрен UserInput
2026-02-28 21:52:14.263 [main] INFO  core.CommandManager - Команда execute_script зарегистрирована
2026-02-28 21:52:14.329 [main] INFO  core.CollectionManager - В коллекцию добавлен новый продукт models.Product@2eea88a1
2026-02-28 21:52:14.331 [main] INFO  core.CollectionManager - Инициализация коллекции, последний id: 1, дата: 2026-02-19T22:56:27.094039103
2026-02-28 21:52:14.331 [main] INFO  io.FileManager - Коллекция из файла test.csv успешно загружена
2026-02-28 21:52:21.845 [main] DEBUG core.CommandManager - Начало выполнения команды execute_script
2026-02-28 21:52:21.845 [main] INFO  commands.ExecuteScriptCommand - Начало выполнение скрипта
2026-02-28 21:52:21.846 [main] DEBUG io.Reader - Добавился вложенный скрипт
2026-02-28 21:52:23.696 [main] DEBUG core.CommandManager - Начало выполнения команды exit
2026-02-28 21:52:23.697 [main] INFO  core.CommandManager - Завершение программы через exit
2026-02-28 21:52:23.697 [main] INFO  commands.ExecuteScriptCommand - Скрипт завершен
2026-02-28 21:52:23.697 [main] DEBUG io.Reader - Поток ввода обновился
2026-02-28 21:52:23.698 [main] DEBUG io.Reader - Один вложенный скрипт завершился
2026-02-28 21:52:23.698 [main] INFO  core.CommandManager - Команда execute_script успешно выполнилась
2026-02-28 21:52:23.698 [main] INFO  core.CommandManager - Команда execute_script добавлена в историю
